TN:
SF:app/error.tsx
FN:5,Error
FN:12,(anonymous_2)
FN:44,(anonymous_3)
FNF:3
FNH:0
FNDA:0,Error
FNDA:0,(anonymous_2)
FNDA:0,(anonymous_3)
DA:3,0
DA:5,0
DA:12,0
DA:14,0
DA:44,0
LF:5
LH:0
BRF:0
BRH:0
end_of_record
TN:
SF:app/layout.tsx
FN:75,RootLayout
FNF:1
FNH:0
FNDA:0,RootLayout
DA:2,0
DA:3,0
DA:4,0
DA:5,0
DA:6,0
DA:9,0
DA:15,0
DA:66,0
DA:75,0
LF:9
LH:0
BRF:0
BRH:0
end_of_record
TN:
SF:app/not-found.tsx
FN:5,NotFound
FN:33,(anonymous_3)
FNF:2
FNH:0
FNDA:0,NotFound
FNDA:0,(anonymous_3)
DA:3,0
DA:5,0
DA:33,0
LF:3
LH:0
BRF:0
BRH:0
end_of_record
TN:
SF:app/page.tsx
FN:20,HomePage
FN:32,(anonymous_2)
FN:38,(anonymous_3)
FN:47,(anonymous_4)
FN:51,(anonymous_5)
FN:55,(anonymous_6)
FN:59,(anonymous_7)
FN:63,(anonymous_8)
FN:67,(anonymous_9)
FN:71,(anonymous_10)
FN:105,(anonymous_11)
FN:106,(anonymous_12)
FN:122,(anonymous_13)
FN:248,(anonymous_14)
FN:251,(anonymous_15)
FN:274,(anonymous_16)
FN:277,(anonymous_17)
FN:285,(anonymous_18)
FN:329,(anonymous_19)
FN:364,(anonymous_20)
FN:379,(anonymous_21)
FN:404,(anonymous_22)
FN:407,(anonymous_23)
FN:415,(anonymous_24)
FN:454,(anonymous_25)
FN:470,(anonymous_26)
FNF:26
FNH:0
FNDA:0,HomePage
FNDA:0,(anonymous_2)
FNDA:0,(anonymous_3)
FNDA:0,(anonymous_4)
FNDA:0,(anonymous_5)
FNDA:0,(anonymous_6)
FNDA:0,(anonymous_7)
FNDA:0,(anonymous_8)
FNDA:0,(anonymous_9)
FNDA:0,(anonymous_10)
FNDA:0,(anonymous_11)
FNDA:0,(anonymous_12)
FNDA:0,(anonymous_13)
FNDA:0,(anonymous_14)
FNDA:0,(anonymous_15)
FNDA:0,(anonymous_16)
FNDA:0,(anonymous_17)
FNDA:0,(anonymous_18)
FNDA:0,(anonymous_19)
FNDA:0,(anonymous_20)
FNDA:0,(anonymous_21)
FNDA:0,(anonymous_22)
FNDA:0,(anonymous_23)
FNDA:0,(anonymous_24)
FNDA:0,(anonymous_25)
FNDA:0,(anonymous_26)
DA:3,0
DA:4,0
DA:17,0
DA:18,0
DA:20,0
DA:21,0
DA:22,0
DA:23,0
DA:24,0
DA:25,0
DA:26,0
DA:27,0
DA:28,0
DA:32,0
DA:33,0
DA:34,0
DA:38,0
DA:39,0
DA:40,0
DA:41,0
DA:43,0
DA:47,0
DA:48,0
DA:51,0
DA:52,0
DA:55,0
DA:56,0
DA:59,0
DA:60,0
DA:63,0
DA:64,0
DA:67,0
DA:68,0
DA:71,0
DA:72,0
DA:75,0
DA:105,0
DA:106,0
DA:122,0
DA:249,0
DA:251,0
DA:275,0
DA:277,0
DA:286,0
DA:329,0
DA:364,0
DA:379,0
DA:405,0
DA:407,0
DA:416,0
DA:455,0
DA:470,0
LF:52
LH:0
BRDA:33,0,0,0
BRDA:40,1,0,0
BRDA:40,1,1,0
BRDA:75,2,0,0
BRDA:106,3,0,0
BRDA:106,3,1,0
BRDA:282,4,0,0
BRDA:282,4,1,0
BRDA:282,5,0,0
BRDA:282,5,1,0
BRDA:289,6,0,0
BRDA:295,7,0,0
BRDA:316,8,0,0
BRDA:419,9,0,0
BRDA:480,10,0,0
BRF:15
BRH:0
end_of_record
TN:
SF:app/(auth)/layout.tsx
FN:11,AuthLayout
FNF:1
FNH:0
FNDA:0,AuthLayout
DA:3,0
DA:11,0
LF:2
LH:0
BRF:0
BRH:0
end_of_record
TN:
SF:app/(auth)/login/LoginForm.tsx
FN:7,LoginForm
FN:14,(anonymous_2)
FN:88,(anonymous_3)
FN:105,(anonymous_4)
FNF:4
FNH:0
FNDA:0,LoginForm
FNDA:0,(anonymous_2)
FNDA:0,(anonymous_3)
FNDA:0,(anonymous_4)
DA:3,0
DA:4,0
DA:5,0
DA:7,0
DA:8,0
DA:9,0
DA:10,0
DA:11,0
DA:12,0
DA:14,0
DA:15,0
DA:16,0
DA:17,0
DA:19,0
DA:20,0
DA:25,0
DA:26,0
DA:27,0
DA:28,0
DA:31,0
DA:37,0
DA:38,0
DA:39,0
DA:40,0
DA:43,0
DA:44,0
DA:53,0
DA:54,0
DA:55,0
DA:56,0
DA:57,0
DA:60,0
DA:63,0
DA:64,0
DA:67,0
DA:68,0
DA:70,0
DA:88,0
DA:105,0
LF:39
LH:0
BRDA:25,0,0,0
BRDA:25,1,0,0
BRDA:25,1,1,0
BRDA:27,2,0,0
BRDA:27,2,1,0
BRDA:37,3,0,0
BRDA:54,4,0,0
BRDA:54,4,1,0
BRDA:56,5,0,0
BRDA:112,6,0,0
BRDA:130,7,0,0
BRDA:130,7,1,0
BRF:12
BRH:0
end_of_record
TN:
SF:app/(auth)/login/page.tsx
FN:3,LoginPage
FNF:1
FNH:0
FNDA:0,LoginPage
DA:1,0
DA:3,0
LF:2
LH:0
BRF:0
BRH:0
end_of_record
TN:
SF:app/(auth)/signup/SignupForm.tsx
FN:44,SignupForm
FN:54,(anonymous_2)
FN:237,(anonymous_3)
FN:245,(anonymous_4)
FN:252,(anonymous_5)
FN:260,(anonymous_6)
FN:287,(anonymous_7)
FN:303,(anonymous_8)
FN:322,(anonymous_9)
FN:339,(anonymous_10)
FNF:10
FNH:0
FNDA:0,SignupForm
FNDA:0,(anonymous_2)
FNDA:0,(anonymous_3)
FNDA:0,(anonymous_4)
FNDA:0,(anonymous_5)
FNDA:0,(anonymous_6)
FNDA:0,(anonymous_7)
FNDA:0,(anonymous_8)
FNDA:0,(anonymous_9)
FNDA:0,(anonymous_10)
DA:3,0
DA:4,0
DA:5,0
DA:9,0
DA:44,0
DA:45,0
DA:46,0
DA:47,0
DA:48,0
DA:49,0
DA:50,0
DA:51,0
DA:52,0
DA:54,0
DA:55,0
DA:56,0
DA:57,0
DA:59,0
DA:60,0
DA:61,0
DA:62,0
DA:65,0
DA:75,0
DA:77,0
DA:78,0
DA:88,0
DA:89,0
DA:91,0
DA:92,0
DA:93,0
DA:94,0
DA:97,0
DA:98,0
DA:99,0
DA:100,0
DA:101,0
DA:104,0
DA:108,0
DA:113,0
DA:114,0
DA:115,0
DA:116,0
DA:117,0
DA:121,0
DA:122,0
DA:124,0
DA:125,0
DA:126,0
DA:127,0
DA:131,0
DA:133,0
DA:134,0
DA:136,0
DA:137,0
DA:139,0
DA:140,0
DA:142,0
DA:143,0
DA:145,0
DA:149,0
DA:150,0
DA:152,0
DA:238,0
DA:245,0
DA:252,0
DA:261,0
DA:287,0
DA:303,0
DA:322,0
DA:339,0
LF:70
LH:0
BRDA:59,0,0,0
BRDA:59,1,0,0
BRDA:59,1,1,0
BRDA:59,1,2,0
BRDA:59,1,3,0
BRDA:59,1,4,0
BRDA:97,2,0,0
BRDA:99,3,0,0
BRDA:99,3,1,0
BRDA:113,4,0,0
BRDA:115,5,0,0
BRDA:115,5,1,0
BRDA:124,6,0,0
BRDA:124,7,0,0
BRDA:124,7,1,0
BRDA:124,7,2,0
BRDA:131,8,0,0
BRDA:131,8,1,0
BRDA:131,8,2,0
BRDA:131,8,3,0
BRDA:131,8,4,0
BRDA:241,9,0,0
BRDA:241,9,1,0
BRDA:347,10,0,0
BRDA:357,11,0,0
BRDA:357,11,1,0
BRDA:360,12,0,0
BRDA:360,12,1,0
BRF:28
BRH:0
end_of_record
TN:
SF:app/(auth)/signup/page.tsx
FN:7,SignupPageContent
FN:42,SignupPage
FNF:2
FNH:0
FNDA:0,SignupPageContent
FNDA:0,SignupPage
DA:3,0
DA:4,0
DA:5,0
DA:8,0
DA:9,0
DA:42,0
LF:6
LH:0
BRDA:17,0,0,0
BRF:1
BRH:0
end_of_record
TN:
SF:app/(driver)/driver-dashboard/page.tsx
FN:58,DriverDashboardPage
FN:78,(anonymous_5)
FN:100,(anonymous_6)
FN:103,(anonymous_7)
FN:128,(anonymous_8)
FN:145,(anonymous_9)
FN:148,(anonymous_10)
FN:152,(anonymous_11)
FN:164,(anonymous_12)
FN:185,(anonymous_13)
FN:210,(anonymous_14)
FN:210,(anonymous_15)
FN:218,(anonymous_16)
FN:232,(anonymous_17)
FN:248,(anonymous_18)
FN:267,(anonymous_19)
FN:268,(anonymous_20)
FN:271,(anonymous_21)
FN:282,(anonymous_22)
FN:294,(anonymous_23)
FN:406,(anonymous_24)
FN:409,(anonymous_25)
FN:426,(anonymous_26)
FN:461,(anonymous_27)
FN:529,(anonymous_28)
FN:540,(anonymous_29)
FN:552,(anonymous_30)
FNF:27
FNH:0
FNDA:0,DriverDashboardPage
FNDA:0,(anonymous_5)
FNDA:0,(anonymous_6)
FNDA:0,(anonymous_7)
FNDA:0,(anonymous_8)
FNDA:0,(anonymous_9)
FNDA:0,(anonymous_10)
FNDA:0,(anonymous_11)
FNDA:0,(anonymous_12)
FNDA:0,(anonymous_13)
FNDA:0,(anonymous_14)
FNDA:0,(anonymous_15)
FNDA:0,(anonymous_16)
FNDA:0,(anonymous_17)
FNDA:0,(anonymous_18)
FNDA:0,(anonymous_19)
FNDA:0,(anonymous_20)
FNDA:0,(anonymous_21)
FNDA:0,(anonymous_22)
FNDA:0,(anonymous_23)
FNDA:0,(anonymous_24)
FNDA:0,(anonymous_25)
FNDA:0,(anonymous_26)
FNDA:0,(anonymous_27)
FNDA:0,(anonymous_28)
FNDA:0,(anonymous_29)
FNDA:0,(anonymous_30)
DA:3,0
DA:4,0
DA:11,0
DA:58,0
DA:59,0
DA:60,0
DA:61,0
DA:62,0
DA:72,0
DA:73,0
DA:74,0
DA:75,0
DA:76,0
DA:78,0
DA:79,0
DA:80,0
DA:81,0
DA:84,0
DA:90,0
DA:91,0
DA:94,0
DA:99,0
DA:100,0
DA:101,0
DA:103,0
DA:112,0
DA:118,0
DA:119,0
DA:122,0
DA:124,0
DA:128,0
DA:129,0
DA:130,0
DA:131,0
DA:133,0
DA:141,0
DA:145,0
DA:146,0
DA:147,0
DA:149,0
DA:150,0
DA:153,0
DA:164,0
DA:165,0
DA:166,0
DA:167,0
DA:169,0
DA:170,0
DA:179,0
DA:181,0
DA:185,0
DA:186,0
DA:187,0
DA:188,0
DA:190,0
DA:192,0
DA:193,0
DA:194,0
DA:195,0
DA:196,0
DA:199,0
DA:204,0
DA:205,0
DA:206,0
DA:210,0
DA:211,0
DA:215,0
DA:218,0
DA:225,0
DA:227,0
DA:228,0
DA:232,0
DA:233,0
DA:234,0
DA:235,0
DA:236,0
DA:237,0
DA:239,0
DA:248,0
DA:249,0
DA:251,0
DA:253,0
DA:255,0
DA:257,0
DA:259,0
DA:261,0
DA:263,0
DA:267,0
DA:268,0
DA:271,0
DA:272,0
DA:274,0
DA:276,0
DA:278,0
DA:280,0
DA:283,0
DA:285,0
DA:287,0
DA:289,0
DA:294,0
DA:295,0
DA:296,0
DA:299,0
DA:407,0
DA:409,0
DA:426,0
DA:462,0
DA:529,0
DA:540,0
DA:553,0
LF:110
LH:0
BRDA:81,0,0,0
BRDA:90,1,0,0
BRDA:91,2,0,0
BRDA:91,2,1,0
BRDA:99,3,0,0
BRDA:118,4,0,0
BRDA:131,5,0,0
BRDA:146,6,0,0
BRDA:167,7,0,0
BRDA:188,8,0,0
BRDA:192,9,0,0
BRDA:192,9,1,0
BRDA:194,10,0,0
BRDA:204,11,0,0
BRDA:211,12,0,0
BRDA:211,12,1,0
BRDA:233,13,0,0
BRDA:233,13,1,0
BRDA:234,14,0,0
BRDA:234,14,1,0
BRDA:249,15,0,0
BRDA:249,15,1,0
BRDA:249,15,2,0
BRDA:249,15,3,0
BRDA:249,15,4,0
BRDA:249,15,5,0
BRDA:249,15,6,0
BRDA:272,16,0,0
BRDA:272,16,1,0
BRDA:272,16,2,0
BRDA:272,16,3,0
BRDA:283,17,0,0
BRDA:283,17,1,0
BRDA:283,17,2,0
BRDA:299,18,0,0
BRDA:322,19,0,0
BRDA:322,19,1,0
BRDA:323,20,0,0
BRDA:323,20,1,0
BRDA:328,21,0,0
BRDA:328,21,1,0
BRDA:333,22,0,0
BRDA:333,22,1,0
BRDA:411,23,0,0
BRDA:411,23,1,0
BRDA:436,24,0,0
BRDA:450,25,0,0
BRDA:456,26,0,0
BRDA:456,26,1,0
BRDA:526,27,0,0
BRDA:537,28,0,0
BRF:51
BRH:0
end_of_record
TN:
SF:app/(seller)/SellerHeader.tsx
FN:13,SellerHeader
FN:33,(anonymous_3)
FN:67,(anonymous_4)
FNF:3
FNH:0
FNDA:0,SellerHeader
FNDA:0,(anonymous_3)
FNDA:0,(anonymous_4)
DA:3,0
DA:4,0
DA:10,0
DA:11,0
DA:13,0
DA:14,0
DA:16,0
DA:34,0
DA:35,0
DA:68,0
DA:69,0
LF:11
LH:0
BRDA:40,0,0,0
BRDA:40,0,1,0
BRDA:74,1,0,0
BRDA:74,1,1,0
BRF:4
BRH:0
end_of_record
TN:
SF:app/(seller)/layout.tsx
FN:12,SellerLayout
FNF:1
FNH:0
FNDA:0,SellerLayout
DA:2,0
DA:4,0
DA:12,0
LF:3
LH:0
BRF:0
BRH:0
end_of_record
TN:
SF:app/(seller)/seller-dashboard/DashboardSkeleton.tsx
FN:1,DashboardSkeleton
FN:6,(anonymous_2)
FN:28,(anonymous_3)
FN:44,(anonymous_4)
FNF:4
FNH:0
FNDA:0,DashboardSkeleton
FNDA:0,(anonymous_2)
FNDA:0,(anonymous_3)
FNDA:0,(anonymous_4)
DA:1,0
DA:7,0
DA:29,0
DA:45,0
LF:4
LH:0
BRF:0
BRH:0
end_of_record
TN:
SF:app/(seller)/seller-dashboard/SellerDashboardContent.tsx
FN:3,SellerDashboardContent
FNF:1
FNH:0
FNDA:0,SellerDashboardContent
DA:1,0
DA:3,0
LF:2
LH:0
BRF:0
BRH:0
end_of_record
TN:
SF:app/(seller)/seller-dashboard/page.tsx
FN:11,SellerDashboardPage
FNF:1
FNH:0
FNDA:0,SellerDashboardPage
DA:2,0
DA:3,0
DA:4,0
DA:6,0
DA:11,0
LF:5
LH:0
BRF:0
BRH:0
end_of_record
TN:
SF:app/(seller)/upload/page.tsx
FN:73,SellerUploadPage
FN:103,(anonymous_2)
FN:108,(anonymous_3)
FN:122,(anonymous_4)
FN:123,(anonymous_5)
FN:124,(anonymous_6)
FN:130,(anonymous_7)
FN:138,(anonymous_8)
FN:139,(anonymous_9)
FN:143,(anonymous_10)
FN:174,(anonymous_11)
FN:182,(anonymous_12)
FN:188,(anonymous_13)
FN:226,(anonymous_14)
FN:242,(anonymous_15)
FN:269,(anonymous_16)
FN:281,(anonymous_17)
FN:299,(anonymous_18)
FN:335,(anonymous_19)
FN:353,(anonymous_20)
FN:370,(anonymous_21)
FN:389,(anonymous_22)
FN:400,(anonymous_23)
FN:413,(anonymous_24)
FN:418,(anonymous_25)
FN:431,(anonymous_26)
FN:438,(anonymous_27)
FN:463,(anonymous_28)
FN:471,(anonymous_29)
FN:483,(anonymous_30)
FN:499,(anonymous_31)
FN:514,(anonymous_32)
FN:519,(anonymous_33)
FN:531,(anonymous_34)
FN:532,(anonymous_35)
FN:558,(anonymous_36)
FN:571,(anonymous_37)
FN:588,(anonymous_38)
FN:634,(anonymous_39)
FN:643,(anonymous_40)
FN:664,(anonymous_41)
FN:682,(anonymous_42)
FNF:42
FNH:0
FNDA:0,SellerUploadPage
FNDA:0,(anonymous_2)
FNDA:0,(anonymous_3)
FNDA:0,(anonymous_4)
FNDA:0,(anonymous_5)
FNDA:0,(anonymous_6)
FNDA:0,(anonymous_7)
FNDA:0,(anonymous_8)
FNDA:0,(anonymous_9)
FNDA:0,(anonymous_10)
FNDA:0,(anonymous_11)
FNDA:0,(anonymous_12)
FNDA:0,(anonymous_13)
FNDA:0,(anonymous_14)
FNDA:0,(anonymous_15)
FNDA:0,(anonymous_16)
FNDA:0,(anonymous_17)
FNDA:0,(anonymous_18)
FNDA:0,(anonymous_19)
FNDA:0,(anonymous_20)
FNDA:0,(anonymous_21)
FNDA:0,(anonymous_22)
FNDA:0,(anonymous_23)
FNDA:0,(anonymous_24)
FNDA:0,(anonymous_25)
FNDA:0,(anonymous_26)
FNDA:0,(anonymous_27)
FNDA:0,(anonymous_28)
FNDA:0,(anonymous_29)
FNDA:0,(anonymous_30)
FNDA:0,(anonymous_31)
FNDA:0,(anonymous_32)
FNDA:0,(anonymous_33)
FNDA:0,(anonymous_34)
FNDA:0,(anonymous_35)
FNDA:0,(anonymous_36)
FNDA:0,(anonymous_37)
FNDA:0,(anonymous_38)
FNDA:0,(anonymous_39)
FNDA:0,(anonymous_40)
FNDA:0,(anonymous_41)
FNDA:0,(anonymous_42)
DA:3,0
DA:4,0
DA:5,0
DA:6,0
DA:7,0
DA:28,0
DA:46,0
DA:55,0
DA:63,0
DA:68,0
DA:73,0
DA:74,0
DA:75,0
DA:76,0
DA:77,0
DA:78,0
DA:79,0
DA:98,0
DA:99,0
DA:100,0
DA:103,0
DA:104,0
DA:105,0
DA:108,0
DA:109,0
DA:112,0
DA:122,0
DA:123,0
DA:124,0
DA:125,0
DA:126,0
DA:130,0
DA:131,0
DA:132,0
DA:133,0
DA:138,0
DA:139,0
DA:143,0
DA:144,0
DA:146,0
DA:148,0
DA:149,0
DA:150,0
DA:151,0
DA:152,0
DA:153,0
DA:156,0
DA:157,0
DA:158,0
DA:159,0
DA:160,0
DA:163,0
DA:164,0
DA:165,0
DA:166,0
DA:169,0
DA:170,0
DA:174,0
DA:175,0
DA:176,0
DA:177,0
DA:182,0
DA:183,0
DA:184,0
DA:188,0
DA:189,0
DA:191,0
DA:193,0
DA:194,0
DA:196,0
DA:198,0
DA:201,0
DA:204,0
DA:217,0
DA:220,0
DA:223,0
DA:224,0
DA:225,0
DA:226,0
DA:227,0
DA:228,0
DA:231,0
DA:233,0
DA:236,0
DA:237,0
DA:242,0
DA:243,0
DA:245,0
DA:246,0
DA:247,0
DA:248,0
DA:249,0
DA:251,0
DA:255,0
DA:257,0
DA:261,0
DA:262,0
DA:265,0
DA:269,0
DA:270,0
DA:271,0
DA:272,0
DA:273,0
DA:274,0
DA:276,0
DA:281,0
DA:282,0
DA:300,0
DA:335,0
DA:353,0
DA:370,0
DA:390,0
DA:401,0
DA:413,0
DA:419,0
DA:432,0
DA:438,0
DA:463,0
DA:471,0
DA:483,0
DA:499,0
DA:515,0
DA:519,0
DA:531,0
DA:532,0
DA:558,0
DA:571,0
DA:588,0
DA:635,0
DA:643,0
DA:664,0
DA:682,0
LF:132
LH:0
BRDA:131,0,0,0
BRDA:131,1,0,0
BRDA:131,1,1,0
BRDA:131,1,2,0
BRDA:146,2,0,0
BRDA:146,2,1,0
BRDA:146,2,2,0
BRDA:148,3,0,0
BRDA:149,4,0,0
BRDA:150,5,0,0
BRDA:151,6,0,0
BRDA:152,7,0,0
BRDA:156,8,0,0
BRDA:157,9,0,0
BRDA:158,10,0,0
BRDA:159,11,0,0
BRDA:163,12,0,0
BRDA:164,13,0,0
BRDA:165,14,0,0
BRDA:175,15,0,0
BRDA:191,16,0,0
BRDA:217,17,0,0
BRDA:224,18,0,0
BRDA:224,18,1,0
BRDA:227,19,0,0
BRDA:233,20,0,0
BRDA:233,20,1,0
BRDA:255,21,0,0
BRDA:271,22,0,0
BRDA:302,23,0,0
BRDA:302,23,1,0
BRDA:308,24,0,0
BRDA:310,25,0,0
BRDA:310,25,1,0
BRDA:325,26,0,0
BRDA:337,27,0,0
BRDA:337,27,1,0
BRDA:341,28,0,0
BRDA:353,29,0,0
BRDA:353,29,1,0
BRDA:355,30,0,0
BRDA:355,30,1,0
BRDA:359,31,0,0
BRDA:372,32,0,0
BRDA:372,32,1,0
BRDA:376,33,0,0
BRDA:393,34,0,0
BRDA:393,34,1,0
BRDA:397,35,0,0
BRDA:397,35,1,0
BRDA:404,36,0,0
BRDA:415,37,0,0
BRDA:415,37,1,0
BRDA:422,38,0,0
BRDA:453,39,0,0
BRDA:465,40,0,0
BRDA:465,40,1,0
BRDA:473,41,0,0
BRDA:485,42,0,0
BRDA:485,42,1,0
BRDA:489,43,0,0
BRDA:501,44,0,0
BRDA:501,44,1,0
BRDA:505,45,0,0
BRDA:532,46,0,0
BRDA:532,46,1,0
BRDA:540,47,0,0
BRDA:540,47,1,0
BRDA:546,48,0,0
BRDA:580,49,0,0
BRDA:598,50,0,0
BRDA:607,51,0,0
BRDA:607,51,1,0
BRDA:617,52,0,0
BRDA:617,52,1,0
BRDA:626,53,0,0
BRDA:630,54,0,0
BRDA:664,55,0,0
BRDA:664,55,1,0
BRDA:666,56,0,0
BRDA:666,56,1,0
BRDA:669,57,0,0
BRDA:682,58,0,0
BRDA:682,58,1,0
BRDA:684,59,0,0
BRDA:684,59,1,0
BRDA:687,60,0,0
BRDA:695,61,0,0
BRDA:707,62,0,0
BRDA:720,63,0,0
BRDA:720,63,1,0
BRDA:727,64,0,0
BRF:92
BRH:0
end_of_record
TN:
SF:app/(stylist)/StylistHeader.tsx
FN:7,StylistHeader
FN:83,(anonymous_3)
FNF:2
FNH:0
FNDA:0,StylistHeader
FNDA:0,(anonymous_3)
DA:3,0
DA:4,0
DA:5,0
DA:7,0
DA:8,0
DA:83,0
LF:6
LH:0
BRDA:88,0,0,0
BRDA:97,1,0,0
BRF:2
BRH:0
end_of_record
TN:
SF:app/(stylist)/layout.tsx
FN:3,StylistLayout
FNF:1
FNH:0
FNDA:0,StylistLayout
DA:1,0
DA:3,0
LF:2
LH:0
BRF:0
BRH:0
end_of_record
TN:
SF:app/(stylist)/curation/page.tsx
FN:41,StylistCurationPage
FN:147,(anonymous_3)
FN:155,(anonymous_4)
FN:156,(anonymous_5)
FN:156,(anonymous_6)
FN:157,(anonymous_7)
FN:157,(anonymous_8)
FN:159,(anonymous_9)
FN:170,(anonymous_10)
FN:181,(anonymous_11)
FN:182,(anonymous_12)
FN:226,(anonymous_13)
FN:236,(anonymous_14)
FN:243,(anonymous_15)
FN:246,(anonymous_16)
FN:253,(anonymous_17)
FN:256,(anonymous_18)
FN:295,(anonymous_19)
FN:338,(anonymous_20)
FN:357,(anonymous_21)
FN:362,(anonymous_22)
FN:366,(anonymous_23)
FN:366,(anonymous_24)
FNF:23
FNH:0
FNDA:0,StylistCurationPage
FNDA:0,(anonymous_3)
FNDA:0,(anonymous_4)
FNDA:0,(anonymous_5)
FNDA:0,(anonymous_6)
FNDA:0,(anonymous_7)
FNDA:0,(anonymous_8)
FNDA:0,(anonymous_9)
FNDA:0,(anonymous_10)
FNDA:0,(anonymous_11)
FNDA:0,(anonymous_12)
FNDA:0,(anonymous_13)
FNDA:0,(anonymous_14)
FNDA:0,(anonymous_15)
FNDA:0,(anonymous_16)
FNDA:0,(anonymous_17)
FNDA:0,(anonymous_18)
FNDA:0,(anonymous_19)
FNDA:0,(anonymous_20)
FNDA:0,(anonymous_21)
FNDA:0,(anonymous_22)
FNDA:0,(anonymous_23)
FNDA:0,(anonymous_24)
DA:3,0
DA:4,0
DA:41,0
DA:42,0
DA:43,0
DA:147,0
DA:148,0
DA:149,0
DA:150,0
DA:151,0
DA:154,0
DA:155,0
DA:156,0
DA:157,0
DA:159,0
DA:160,0
DA:161,0
DA:162,0
DA:163,0
DA:164,0
DA:165,0
DA:166,0
DA:170,0
DA:171,0
DA:172,0
DA:173,0
DA:174,0
DA:175,0
DA:176,0
DA:177,0
DA:181,0
DA:182,0
DA:226,0
DA:236,0
DA:243,0
DA:246,0
DA:253,0
DA:256,0
DA:296,0
DA:339,0
DA:358,0
DA:359,0
DA:360,0
DA:363,0
DA:366,0
LF:45
LH:0
BRDA:148,0,0,0
BRDA:149,1,0,0
BRDA:150,2,0,0
BRDA:160,3,0,0
BRDA:160,3,1,0
BRDA:160,3,2,0
BRDA:160,3,3,0
BRDA:160,3,4,0
BRDA:160,3,5,0
BRDA:171,4,0,0
BRDA:171,4,1,0
BRDA:171,4,2,0
BRDA:171,4,3,0
BRDA:171,4,4,0
BRDA:171,4,5,0
BRDA:228,5,0,0
BRDA:228,5,1,0
BRDA:238,6,0,0
BRDA:238,6,1,0
BRDA:248,7,0,0
BRDA:248,7,1,0
BRDA:258,8,0,0
BRDA:258,8,1,0
BRDA:269,9,0,0
BRDA:277,10,0,0
BRDA:277,10,1,0
BRDA:279,11,0,0
BRDA:279,11,1,0
BRDA:281,12,0,0
BRDA:281,12,1,0
BRDA:358,13,0,0
BRDA:375,14,0,0
BRDA:386,15,0,0
BRDA:396,16,0,0
BRF:34
BRH:0
end_of_record
TN:
SF:app/(stylist)/curation/create/page.tsx
FN:24,CreateCurationPackagePage
FN:94,(anonymous_2)
FN:99,(anonymous_3)
FN:100,(anonymous_4)
FN:101,(anonymous_5)
FN:104,(anonymous_6)
FN:117,(anonymous_7)
FN:118,(anonymous_8)
FN:121,(anonymous_9)
FN:122,(anonymous_10)
FN:138,(anonymous_11)
FN:139,(anonymous_12)
FN:158,(anonymous_13)
FN:170,(anonymous_14)
FN:173,(anonymous_15)
FN:198,(anonymous_16)
FN:208,(anonymous_17)
FN:219,(anonymous_18)
FN:232,(anonymous_19)
FN:256,(anonymous_20)
FN:266,(anonymous_21)
FN:279,(anonymous_22)
FN:288,(anonymous_23)
FN:301,(anonymous_24)
FN:304,(anonymous_25)
FN:306,(anonymous_26)
FN:327,(anonymous_27)
FN:327,(anonymous_28)
FN:337,(anonymous_29)
FN:365,(anonymous_30)
FN:370,(anonymous_31)
FN:388,(anonymous_32)
FN:395,(anonymous_33)
FN:403,(anonymous_34)
FN:414,(anonymous_35)
FN:418,(anonymous_36)
FN:434,(anonymous_37)
FN:435,(anonymous_38)
FN:436,(anonymous_39)
FN:449,(anonymous_40)
FN:458,(anonymous_41)
FN:521,(anonymous_42)
FN:547,(anonymous_43)
FN:605,(anonymous_44)
FN:634,(anonymous_45)
FN:643,(anonymous_46)
FNF:46
FNH:0
FNDA:0,CreateCurationPackagePage
FNDA:0,(anonymous_2)
FNDA:0,(anonymous_3)
FNDA:0,(anonymous_4)
FNDA:0,(anonymous_5)
FNDA:0,(anonymous_6)
FNDA:0,(anonymous_7)
FNDA:0,(anonymous_8)
FNDA:0,(anonymous_9)
FNDA:0,(anonymous_10)
FNDA:0,(anonymous_11)
FNDA:0,(anonymous_12)
FNDA:0,(anonymous_13)
FNDA:0,(anonymous_14)
FNDA:0,(anonymous_15)
FNDA:0,(anonymous_16)
FNDA:0,(anonymous_17)
FNDA:0,(anonymous_18)
FNDA:0,(anonymous_19)
FNDA:0,(anonymous_20)
FNDA:0,(anonymous_21)
FNDA:0,(anonymous_22)
FNDA:0,(anonymous_23)
FNDA:0,(anonymous_24)
FNDA:0,(anonymous_25)
FNDA:0,(anonymous_26)
FNDA:0,(anonymous_27)
FNDA:0,(anonymous_28)
FNDA:0,(anonymous_29)
FNDA:0,(anonymous_30)
FNDA:0,(anonymous_31)
FNDA:0,(anonymous_32)
FNDA:0,(anonymous_33)
FNDA:0,(anonymous_34)
FNDA:0,(anonymous_35)
FNDA:0,(anonymous_36)
FNDA:0,(anonymous_37)
FNDA:0,(anonymous_38)
FNDA:0,(anonymous_39)
FNDA:0,(anonymous_40)
FNDA:0,(anonymous_41)
FNDA:0,(anonymous_42)
FNDA:0,(anonymous_43)
FNDA:0,(anonymous_44)
FNDA:0,(anonymous_45)
FNDA:0,(anonymous_46)
DA:3,0
DA:4,0
DA:24,0
DA:25,0
DA:26,0
DA:27,0
DA:28,0
DA:29,0
DA:30,0
DA:31,0
DA:32,0
DA:34,0
DA:44,0
DA:46,0
DA:89,0
DA:94,0
DA:95,0
DA:96,0
DA:99,0
DA:100,0
DA:101,0
DA:104,0
DA:105,0
DA:106,0
DA:113,0
DA:117,0
DA:118,0
DA:121,0
DA:122,0
DA:123,0
DA:124,0
DA:126,0
DA:136,0
DA:138,0
DA:139,0
DA:140,0
DA:141,0
DA:142,0
DA:143,0
DA:146,0
DA:147,0
DA:148,0
DA:149,0
DA:150,0
DA:151,0
DA:153,0
DA:158,0
DA:159,0
DA:171,0
DA:173,0
DA:198,0
DA:208,0
DA:219,0
DA:232,0
DA:256,0
DA:266,0
DA:279,0
DA:288,0
DA:302,0
DA:305,0
DA:306,0
DA:308,0
DA:327,0
DA:337,0
DA:366,0
DA:370,0
DA:388,0
DA:395,0
DA:403,0
DA:414,0
DA:419,0
DA:435,0
DA:436,0
DA:438,0
DA:450,0
DA:458,0
DA:521,0
DA:548,0
DA:587,0
DA:606,0
DA:634,0
DA:643,0
LF:82
LH:0
BRDA:105,0,0,0
BRDA:105,1,0,0
BRDA:105,1,1,0
BRDA:105,1,2,0
BRDA:141,2,0,0
BRDA:146,3,0,0
BRDA:146,3,1,0
BRDA:148,4,0,0
BRDA:148,4,1,0
BRDA:150,5,0,0
BRDA:150,5,1,0
BRDA:159,6,0,0
BRDA:175,7,0,0
BRDA:175,7,1,0
BRDA:305,8,0,0
BRDA:305,8,1,0
BRDA:311,9,0,0
BRDA:311,9,1,0
BRDA:368,10,0,0
BRDA:394,11,0,0
BRDA:394,11,1,0
BRDA:425,12,0,0
BRDA:425,12,1,0
BRDA:425,12,2,0
BRDA:446,13,0,0
BRDA:474,14,0,0
BRDA:608,15,0,0
BRDA:608,15,1,0
BRDA:610,16,0,0
BRDA:610,16,1,0
BRDA:614,17,0,0
BRDA:614,17,1,0
BRDA:617,18,0,0
BRDA:617,18,1,0
BRDA:621,19,0,0
BRDA:642,20,0,0
BRF:36
BRH:0
end_of_record
TN:
SF:app/(stylist)/dashboard/DashboardSkeleton.tsx
FN:1,DashboardSkeleton
FN:6,(anonymous_2)
FN:23,(anonymous_3)
FN:42,(anonymous_4)
FN:64,(anonymous_5)
FNF:5
FNH:0
FNDA:0,DashboardSkeleton
FNDA:0,(anonymous_2)
FNDA:0,(anonymous_3)
FNDA:0,(anonymous_4)
FNDA:0,(anonymous_5)
DA:1,0
DA:7,0
DA:24,0
DA:43,0
DA:65,0
LF:5
LH:0
BRF:0
BRH:0
end_of_record
TN:
SF:app/(stylist)/dashboard/StylistDashboardContent.tsx
FN:61,StylistDashboardContent
FN:71,(anonymous_2)
FN:85,(anonymous_3)
FN:141,(anonymous_4)
FN:202,(anonymous_5)
FN:241,(anonymous_6)
FN:258,(anonymous_7)
FN:275,(anonymous_8)
FN:292,(anonymous_9)
FN:309,(anonymous_10)
FN:316,(anonymous_11)
FN:336,(anonymous_12)
FN:340,(anonymous_13)
FN:344,(anonymous_14)
FN:348,(anonymous_15)
FN:349,(anonymous_16)
FN:349,(anonymous_17)
FN:355,(anonymous_18)
FN:365,(anonymous_19)
FN:396,(anonymous_20)
FN:471,(anonymous_21)
FN:474,(anonymous_22)
FN:577,(anonymous_23)
FN:580,(anonymous_24)
FN:588,(anonymous_25)
FN:643,(anonymous_26)
FN:646,(anonymous_27)
FN:655,(anonymous_28)
FN:697,(anonymous_29)
FN:735,(anonymous_30)
FNF:30
FNH:0
FNDA:0,StylistDashboardContent
FNDA:0,(anonymous_2)
FNDA:0,(anonymous_3)
FNDA:0,(anonymous_4)
FNDA:0,(anonymous_5)
FNDA:0,(anonymous_6)
FNDA:0,(anonymous_7)
FNDA:0,(anonymous_8)
FNDA:0,(anonymous_9)
FNDA:0,(anonymous_10)
FNDA:0,(anonymous_11)
FNDA:0,(anonymous_12)
FNDA:0,(anonymous_13)
FNDA:0,(anonymous_14)
FNDA:0,(anonymous_15)
FNDA:0,(anonymous_16)
FNDA:0,(anonymous_17)
FNDA:0,(anonymous_18)
FNDA:0,(anonymous_19)
FNDA:0,(anonymous_20)
FNDA:0,(anonymous_21)
FNDA:0,(anonymous_22)
FNDA:0,(anonymous_23)
FNDA:0,(anonymous_24)
FNDA:0,(anonymous_25)
FNDA:0,(anonymous_26)
FNDA:0,(anonymous_27)
FNDA:0,(anonymous_28)
FNDA:0,(anonymous_29)
FNDA:0,(anonymous_30)
DA:3,0
DA:4,0
DA:13,0
DA:61,0
DA:62,0
DA:63,0
DA:64,0
DA:65,0
DA:66,0
DA:67,0
DA:68,0
DA:69,0
DA:71,0
DA:72,0
DA:82,0
DA:85,0
DA:86,0
DA:138,0
DA:141,0
DA:142,0
DA:199,0
DA:202,0
DA:203,0
DA:238,0
DA:241,0
DA:242,0
DA:244,0
DA:245,0
DA:246,0
DA:247,0
DA:249,0
DA:252,0
DA:254,0
DA:258,0
DA:259,0
DA:261,0
DA:262,0
DA:263,0
DA:264,0
DA:266,0
DA:269,0
DA:271,0
DA:275,0
DA:276,0
DA:278,0
DA:279,0
DA:280,0
DA:281,0
DA:283,0
DA:286,0
DA:288,0
DA:292,0
DA:293,0
DA:295,0
DA:296,0
DA:297,0
DA:298,0
DA:300,0
DA:303,0
DA:305,0
DA:309,0
DA:310,0
DA:311,0
DA:312,0
DA:313,0
DA:316,0
DA:317,0
DA:318,0
DA:320,0
DA:327,0
DA:328,0
DA:330,0
DA:332,0
DA:336,0
DA:337,0
DA:340,0
DA:341,0
DA:344,0
DA:345,0
DA:348,0
DA:349,0
DA:350,0
DA:352,0
DA:355,0
DA:356,0
DA:357,0
DA:358,0
DA:359,0
DA:360,0
DA:361,0
DA:365,0
DA:366,0
DA:367,0
DA:368,0
DA:369,0
DA:370,0
DA:374,0
DA:396,0
DA:472,0
DA:474,0
DA:578,0
DA:580,0
DA:589,0
DA:644,0
DA:646,0
DA:656,0
DA:698,0
DA:735,0
LF:108
LH:0
BRDA:245,0,0,0
BRDA:245,0,1,0
BRDA:247,1,0,0
BRDA:247,1,1,0
BRDA:262,2,0,0
BRDA:262,2,1,0
BRDA:264,3,0,0
BRDA:264,3,1,0
BRDA:279,4,0,0
BRDA:279,4,1,0
BRDA:281,5,0,0
BRDA:281,5,1,0
BRDA:296,6,0,0
BRDA:296,6,1,0
BRDA:298,7,0,0
BRDA:298,7,1,0
BRDA:350,8,0,0
BRDA:350,8,1,0
BRDA:356,9,0,0
BRDA:356,9,1,0
BRDA:356,9,2,0
BRDA:356,9,3,0
BRDA:356,9,4,0
BRDA:366,10,0,0
BRDA:366,10,1,0
BRDA:366,10,2,0
BRDA:366,10,3,0
BRDA:374,11,0,0
BRDA:406,12,0,0
BRDA:476,13,0,0
BRDA:476,13,1,0
BRDA:491,14,0,0
BRDA:548,15,0,0
BRDA:548,15,1,0
BRDA:553,16,0,0
BRDA:553,16,1,0
BRDA:558,17,0,0
BRDA:558,17,1,0
BRDA:567,18,0,0
BRDA:627,19,0,0
BRDA:680,20,0,0
BRDA:692,21,0,0
BRDA:703,22,0,0
BRDA:703,22,1,0
BRDA:704,23,0,0
BRDA:704,23,1,0
BRDA:707,24,0,0
BRDA:707,24,1,0
BRDA:722,25,0,0
BRDA:733,26,0,0
BRDA:733,26,1,0
BRDA:742,27,0,0
BRDA:748,28,0,0
BRDA:763,29,0,0
BRF:54
BRH:0
end_of_record
TN:
SF:app/(stylist)/dashboard/page.tsx
FN:5,StylistDashboardPage
FNF:1
FNH:0
FNDA:0,StylistDashboardPage
DA:1,0
DA:2,0
DA:3,0
DA:5,0
LF:4
LH:0
BRF:0
BRH:0
end_of_record
TN:
SF:app/actions/cart.ts
FN:11,addToCart
FN:83,removeFromCart
FN:111,updateCartQuantity
FN:143,clearCart
FNF:4
FNH:0
FNDA:0,addToCart
FNDA:0,removeFromCart
FNDA:0,updateCartQuantity
FNDA:0,clearCart
DA:3,0
DA:4,0
DA:6,0
DA:7,0
DA:9,0
DA:11,0
DA:12,0
DA:13,0
DA:15,0
DA:16,0
DA:20,0
DA:27,0
DA:29,0
DA:34,0
DA:35,0
DA:36,0
DA:40,0
DA:46,0
DA:47,0
DA:48,0
DA:51,0
DA:52,0
DA:56,0
DA:68,0
DA:69,0
DA:70,0
DA:74,0
DA:75,0
DA:76,0
DA:78,0
DA:79,0
DA:83,0
DA:84,0
DA:85,0
DA:87,0
DA:88,0
DA:91,0
DA:97,0
DA:98,0
DA:99,0
DA:102,0
DA:103,0
DA:104,0
DA:106,0
DA:107,0
DA:111,0
DA:112,0
DA:113,0
DA:115,0
DA:116,0
DA:119,0
DA:120,0
DA:123,0
DA:129,0
DA:130,0
DA:131,0
DA:134,0
DA:135,0
DA:136,0
DA:138,0
DA:139,0
DA:143,0
DA:144,0
DA:145,0
DA:147,0
DA:148,0
DA:151,0
DA:156,0
DA:157,0
DA:158,0
DA:161,0
DA:162,0
DA:163,0
DA:165,0
DA:166,0
LF:75
LH:0
BRDA:11,0,0,0
BRDA:15,1,0,0
BRDA:27,2,0,0
BRDA:27,2,1,0
BRDA:34,3,0,0
BRDA:46,4,0,0
BRDA:46,5,0,0
BRDA:46,5,1,0
BRDA:51,6,0,0
BRDA:62,7,0,0
BRDA:62,7,1,0
BRDA:63,8,0,0
BRDA:63,8,1,0
BRDA:64,9,0,0
BRDA:64,9,1,0
BRDA:65,10,0,0
BRDA:65,10,1,0
BRDA:68,11,0,0
BRDA:87,12,0,0
BRDA:97,13,0,0
BRDA:115,14,0,0
BRDA:119,15,0,0
BRDA:129,16,0,0
BRDA:147,17,0,0
BRDA:156,18,0,0
BRF:25
BRH:0
end_of_record
TN:
SF:app/admin/page.tsx
FN:3,AdminPage
FNF:1
FNH:0
FNDA:0,AdminPage
DA:1,0
DA:3,0
LF:2
LH:0
BRF:0
BRH:0
end_of_record
TN:
SF:app/admin/monitoring/page.tsx
FN:20,AdminMonitoringPage
FN:27,(anonymous_2)
FN:33,(anonymous_3)
FN:38,(anonymous_4)
FN:42,(anonymous_5)
FN:54,(anonymous_6)
FN:68,(anonymous_7)
FN:177,(anonymous_8)
FN:214,(anonymous_9)
FN:258,(anonymous_10)
FNF:10
FNH:0
FNDA:0,AdminMonitoringPage
FNDA:0,(anonymous_2)
FNDA:0,(anonymous_3)
FNDA:0,(anonymous_4)
FNDA:0,(anonymous_5)
FNDA:0,(anonymous_6)
FNDA:0,(anonymous_7)
FNDA:0,(anonymous_8)
FNDA:0,(anonymous_9)
FNDA:0,(anonymous_10)
DA:3,0
DA:4,0
DA:5,0
DA:20,0
DA:21,0
DA:22,0
DA:23,0
DA:24,0
DA:25,0
DA:27,0
DA:28,0
DA:29,0
DA:33,0
DA:34,0
DA:35,0
DA:37,0
DA:38,0
DA:42,0
DA:43,0
DA:44,0
DA:45,0
DA:46,0
DA:47,0
DA:50,0
DA:54,0
DA:55,0
DA:56,0
DA:57,0
DA:58,0
DA:59,0
DA:62,0
DA:64,0
DA:68,0
DA:69,0
DA:70,0
DA:71,0
DA:72,0
DA:73,0
DA:76,0
DA:78,0
DA:82,0
DA:90,0
DA:91,0
DA:178,0
DA:215,0
DA:259,0
LF:46
LH:0
BRDA:28,0,0,0
BRDA:28,1,0,0
BRDA:28,1,1,0
BRDA:28,1,2,0
BRDA:34,2,0,0
BRDA:34,3,0,0
BRDA:34,3,1,0
BRDA:45,4,0,0
BRDA:58,5,0,0
BRDA:72,6,0,0
BRDA:82,7,0,0
BRDA:90,8,0,0
BRDA:90,9,0,0
BRDA:90,9,1,0
BRDA:111,10,0,0
BRDA:111,10,1,0
BRDA:117,11,0,0
BRDA:117,11,1,0
BRDA:120,12,0,0
BRDA:120,12,1,0
BRDA:124,13,0,0
BRDA:124,13,1,0
BRDA:127,14,0,0
BRDA:127,14,1,0
BRDA:134,15,0,0
BRDA:176,16,0,0
BRDA:175,17,0,0
BRDA:175,17,1,0
BRDA:179,18,0,0
BRDA:179,18,1,0
BRDA:180,19,0,0
BRDA:180,19,1,0
BRDA:181,20,0,0
BRDA:181,20,1,0
BRDA:193,21,0,0
BRDA:193,21,1,0
BRDA:194,22,0,0
BRDA:194,22,1,0
BRDA:195,23,0,0
BRDA:195,23,1,0
BRDA:213,24,0,0
BRDA:212,25,0,0
BRDA:212,25,1,0
BRDA:218,26,0,0
BRDA:218,26,1,0
BRDA:219,27,0,0
BRDA:219,27,1,0
BRDA:220,28,0,0
BRDA:220,28,1,0
BRDA:241,29,0,0
BRDA:265,30,0,0
BRDA:265,30,1,0
BRDA:271,31,0,0
BRDA:271,31,1,0
BRF:54
BRH:0
end_of_record
TN:
SF:app/ai-stylist/page.tsx
FN:56,AIStylistPage
FN:70,(anonymous_2)
FN:76,(anonymous_3)
FN:323,(anonymous_4)
FN:328,(anonymous_5)
FN:333,(anonymous_6)
FN:349,(anonymous_7)
FN:369,(anonymous_8)
FN:370,(anonymous_9)
FN:371,(anonymous_10)
FN:379,(anonymous_11)
FN:380,(anonymous_12)
FN:381,(anonymous_13)
FN:389,(anonymous_14)
FN:390,(anonymous_15)
FN:391,(anonymous_16)
FN:399,(anonymous_17)
FN:400,(anonymous_18)
FN:401,(anonymous_19)
FN:409,(anonymous_20)
FN:410,(anonymous_21)
FN:411,(anonymous_22)
FN:420,(anonymous_23)
FN:427,(anonymous_24)
FN:427,(anonymous_25)
FN:433,(anonymous_26)
FN:442,(anonymous_27)
FN:455,(anonymous_28)
FN:469,(anonymous_29)
FN:484,(anonymous_30)
FN:505,(anonymous_31)
FN:512,(anonymous_32)
FN:521,(anonymous_33)
FN:522,(anonymous_34)
FN:527,(anonymous_35)
FN:530,(anonymous_36)
FN:536,(anonymous_37)
FN:539,(anonymous_38)
FN:545,(anonymous_39)
FN:548,(anonymous_40)
FN:614,(anonymous_41)
FN:627,(anonymous_42)
FN:639,(anonymous_43)
FN:656,(anonymous_44)
FN:674,(anonymous_45)
FN:694,(anonymous_46)
FN:699,(anonymous_47)
FN:713,(anonymous_48)
FN:718,(anonymous_49)
FN:732,(anonymous_50)
FN:737,(anonymous_51)
FN:779,(anonymous_52)
FN:798,(anonymous_53)
FN:817,(anonymous_54)
FN:825,(anonymous_55)
FN:846,(anonymous_56)
FN:863,(anonymous_57)
FN:871,(anonymous_58)
FN:895,(anonymous_59)
FNF:59
FNH:0
FNDA:0,AIStylistPage
FNDA:0,(anonymous_2)
FNDA:0,(anonymous_3)
FNDA:0,(anonymous_4)
FNDA:0,(anonymous_5)
FNDA:0,(anonymous_6)
FNDA:0,(anonymous_7)
FNDA:0,(anonymous_8)
FNDA:0,(anonymous_9)
FNDA:0,(anonymous_10)
FNDA:0,(anonymous_11)
FNDA:0,(anonymous_12)
FNDA:0,(anonymous_13)
FNDA:0,(anonymous_14)
FNDA:0,(anonymous_15)
FNDA:0,(anonymous_16)
FNDA:0,(anonymous_17)
FNDA:0,(anonymous_18)
FNDA:0,(anonymous_19)
FNDA:0,(anonymous_20)
FNDA:0,(anonymous_21)
FNDA:0,(anonymous_22)
FNDA:0,(anonymous_23)
FNDA:0,(anonymous_24)
FNDA:0,(anonymous_25)
FNDA:0,(anonymous_26)
FNDA:0,(anonymous_27)
FNDA:0,(anonymous_28)
FNDA:0,(anonymous_29)
FNDA:0,(anonymous_30)
FNDA:0,(anonymous_31)
FNDA:0,(anonymous_32)
FNDA:0,(anonymous_33)
FNDA:0,(anonymous_34)
FNDA:0,(anonymous_35)
FNDA:0,(anonymous_36)
FNDA:0,(anonymous_37)
FNDA:0,(anonymous_38)
FNDA:0,(anonymous_39)
FNDA:0,(anonymous_40)
FNDA:0,(anonymous_41)
FNDA:0,(anonymous_42)
FNDA:0,(anonymous_43)
FNDA:0,(anonymous_44)
FNDA:0,(anonymous_45)
FNDA:0,(anonymous_46)
FNDA:0,(anonymous_47)
FNDA:0,(anonymous_48)
FNDA:0,(anonymous_49)
FNDA:0,(anonymous_50)
FNDA:0,(anonymous_51)
FNDA:0,(anonymous_52)
FNDA:0,(anonymous_53)
FNDA:0,(anonymous_54)
FNDA:0,(anonymous_55)
FNDA:0,(anonymous_56)
FNDA:0,(anonymous_57)
FNDA:0,(anonymous_58)
FNDA:0,(anonymous_59)
DA:3,0
DA:4,0
DA:9,0
DA:45,0
DA:56,0
DA:57,0
DA:58,0
DA:59,0
DA:60,0
DA:61,0
DA:62,0
DA:63,0
DA:64,0
DA:65,0
DA:66,0
DA:67,0
DA:70,0
DA:71,0
DA:72,0
DA:73,0
DA:74,0
DA:75,0
DA:76,0
DA:89,0
DA:203,0
DA:205,0
DA:318,0
DA:323,0
DA:324,0
DA:328,0
DA:329,0
DA:333,0
DA:334,0
DA:335,0
DA:336,0
DA:337,0
DA:338,0
DA:340,0
DA:343,0
DA:349,0
DA:350,0
DA:352,0
DA:353,0
DA:354,0
DA:357,0
DA:358,0
DA:359,0
DA:363,0
DA:366,0
DA:369,0
DA:370,0
DA:371,0
DA:372,0
DA:373,0
DA:374,0
DA:375,0
DA:379,0
DA:380,0
DA:381,0
DA:382,0
DA:383,0
DA:384,0
DA:385,0
DA:389,0
DA:390,0
DA:391,0
DA:392,0
DA:393,0
DA:394,0
DA:395,0
DA:399,0
DA:400,0
DA:401,0
DA:402,0
DA:403,0
DA:404,0
DA:405,0
DA:409,0
DA:410,0
DA:411,0
DA:412,0
DA:413,0
DA:414,0
DA:415,0
DA:419,0
DA:420,0
DA:422,0
DA:426,0
DA:427,0
DA:428,0
DA:429,0
DA:432,0
DA:433,0
DA:436,0
DA:437,0
DA:439,0
DA:442,0
DA:451,0
DA:455,0
DA:456,0
DA:457,0
DA:458,0
DA:459,0
DA:460,0
DA:462,0
DA:463,0
DA:469,0
DA:471,0
DA:472,0
DA:473,0
DA:476,0
DA:477,0
DA:480,0
DA:482,0
DA:484,0
DA:487,0
DA:488,0
DA:491,0
DA:494,0
DA:497,0
DA:498,0
DA:500,0
DA:505,0
DA:507,0
DA:508,0
DA:512,0
DA:513,0
DA:514,0
DA:515,0
DA:516,0
DA:517,0
DA:521,0
DA:522,0
DA:523,0
DA:527,0
DA:528,0
DA:530,0
DA:532,0
DA:536,0
DA:537,0
DA:539,0
DA:541,0
DA:545,0
DA:546,0
DA:548,0
DA:550,0
DA:554,0
DA:614,0
DA:627,0
DA:639,0
DA:656,0
DA:674,0
DA:695,0
DA:699,0
DA:714,0
DA:718,0
DA:733,0
DA:737,0
DA:780,0
DA:799,0
DA:817,0
DA:825,0
DA:846,0
DA:863,0
DA:872,0
DA:896,0
DA:897,0
LF:167
LH:0
BRDA:75,0,0,0
BRDA:75,0,1,0
BRDA:75,1,0,0
BRDA:75,1,1,0
BRDA:80,2,0,0
BRDA:80,2,1,0
BRDA:82,3,0,0
BRDA:82,3,1,0
BRDA:83,4,0,0
BRDA:83,4,1,0
BRDA:84,5,0,0
BRDA:84,5,1,0
BRDA:85,6,0,0
BRDA:85,6,1,0
BRDA:334,7,0,0
BRDA:337,8,0,0
BRDA:350,9,0,0
BRDA:358,10,0,0
BRDA:358,10,1,0
BRDA:359,11,0,0
BRDA:359,11,1,0
BRDA:366,12,0,0
BRDA:366,12,1,0
BRDA:366,12,2,0
BRDA:366,12,3,0
BRDA:366,12,4,0
BRDA:366,12,5,0
BRDA:369,13,0,0
BRDA:369,13,1,0
BRDA:370,14,0,0
BRDA:370,14,1,0
BRDA:371,15,0,0
BRDA:371,15,1,0
BRDA:372,16,0,0
BRDA:373,17,0,0
BRDA:374,18,0,0
BRDA:379,19,0,0
BRDA:379,19,1,0
BRDA:381,20,0,0
BRDA:381,20,1,0
BRDA:382,21,0,0
BRDA:383,22,0,0
BRDA:384,23,0,0
BRDA:389,24,0,0
BRDA:389,24,1,0
BRDA:390,25,0,0
BRDA:390,25,1,0
BRDA:391,26,0,0
BRDA:391,26,1,0
BRDA:392,27,0,0
BRDA:393,28,0,0
BRDA:394,29,0,0
BRDA:399,30,0,0
BRDA:399,30,1,0
BRDA:400,31,0,0
BRDA:400,31,1,0
BRDA:401,32,0,0
BRDA:401,32,1,0
BRDA:402,33,0,0
BRDA:403,34,0,0
BRDA:404,35,0,0
BRDA:409,36,0,0
BRDA:409,36,1,0
BRDA:410,37,0,0
BRDA:410,37,1,0
BRDA:411,38,0,0
BRDA:411,38,1,0
BRDA:412,39,0,0
BRDA:413,40,0,0
BRDA:414,41,0,0
BRDA:426,42,0,0
BRDA:432,43,0,0
BRDA:456,44,0,0
BRDA:471,45,0,0
BRDA:528,46,0,0
BRDA:528,46,1,0
BRDA:537,47,0,0
BRDA:537,47,1,0
BRDA:546,48,0,0
BRDA:546,48,1,0
BRDA:554,49,0,0
BRDA:586,50,0,0
BRDA:593,51,0,0
BRDA:600,52,0,0
BRDA:626,53,0,0
BRDA:626,53,1,0
BRDA:627,54,0,0
BRDA:627,54,1,0
BRDA:656,55,0,0
BRDA:656,55,1,0
BRDA:755,56,0,0
BRDA:755,56,1,0
BRDA:769,57,0,0
BRDA:856,58,0,0
BRF:94
BRH:0
end_of_record
TN:
SF:app/api/analytics/performance/route.ts
FN:10,POST
FN:67,GET
FNF:2
FNH:0
FNDA:0,POST
FNDA:0,GET
DA:1,0
DA:2,0
DA:5,0
DA:10,0
DA:11,0
DA:12,0
DA:13,0
DA:16,0
DA:17,0
DA:24,0
DA:38,0
DA:39,0
DA:40,0
DA:47,0
DA:48,0
DA:57,0
DA:59,0
DA:60,0
DA:67,0
DA:68,0
DA:69,0
DA:70,0
DA:71,0
DA:72,0
DA:74,0
DA:80,0
DA:81,0
DA:84,0
DA:86,0
DA:87,0
DA:88,0
DA:94,0
DA:96,0
DA:97,0
LF:34
LH:0
BRDA:16,0,0,0
BRDA:16,1,0,0
BRDA:16,1,1,0
BRDA:16,1,2,0
BRDA:34,2,0,0
BRDA:34,2,1,0
BRDA:38,3,0,0
BRDA:47,4,0,0
BRDA:71,5,0,0
BRDA:71,5,1,0
BRDA:72,6,0,0
BRDA:72,6,1,0
BRDA:80,7,0,0
BRDA:86,8,0,0
BRF:14
BRH:0
end_of_record
TN:
SF:app/api/ar/fit-recommendations/route.ts
FN:3,GET
FNF:1
FNH:0
FNDA:0,GET
DA:1,0
DA:3,0
DA:4,0
DA:6,0
DA:7,0
DA:8,0
DA:10,0
DA:11,0
DA:18,0
DA:21,0
DA:22,0
DA:44,0
DA:63,0
DA:64,0
LF:14
LH:0
BRDA:10,0,0,0
BRDA:10,1,0,0
BRDA:10,1,1,0
BRDA:21,2,0,0
BRF:4
BRH:0
end_of_record
TN:
SF:app/api/auth/signout/route.ts
FN:6,createSupabaseClient
FN:12,(anonymous_2)
FN:16,(anonymous_3)
FN:18,(anonymous_4)
FN:32,POST
FNF:5
FNH:0
FNDA:0,createSupabaseClient
FNDA:0,(anonymous_2)
FNDA:0,(anonymous_3)
FNDA:0,(anonymous_4)
FNDA:0,POST
DA:1,0
DA:2,0
DA:3,0
DA:7,0
DA:13,0
DA:14,0
DA:17,0
DA:18,0
DA:19,0
DA:32,0
DA:33,0
DA:34,0
DA:36,0
DA:38,0
DA:39,0
DA:45,0
DA:51,0
DA:52,0
LF:18
LH:0
BRDA:38,0,0,0
BRF:1
BRH:0
end_of_record
TN:
SF:app/api/auth/signup/route.ts
FN:6,createSupabaseClient
FN:12,(anonymous_2)
FN:16,(anonymous_3)
FN:18,(anonymous_4)
FN:32,POST
FNF:5
FNH:0
FNDA:0,createSupabaseClient
FNDA:0,(anonymous_2)
FNDA:0,(anonymous_3)
FNDA:0,(anonymous_4)
FNDA:0,POST
DA:1,0
DA:2,0
DA:3,0
DA:7,0
DA:13,0
DA:14,0
DA:17,0
DA:18,0
DA:19,0
DA:32,0
DA:33,0
DA:34,0
DA:35,0
DA:37,0
DA:38,0
DA:45,0
DA:57,0
DA:58,0
DA:64,0
DA:65,0
DA:72,0
DA:83,0
DA:84,0
DA:89,0
DA:100,0
DA:101,0
LF:26
LH:0
BRDA:35,0,0,0
BRDA:37,1,0,0
BRDA:37,2,0,0
BRDA:37,2,1,0
BRDA:57,3,0,0
BRDA:64,4,0,0
BRDA:76,5,0,0
BRDA:76,5,1,0
BRDA:77,6,0,0
BRDA:77,6,1,0
BRDA:83,7,0,0
BRF:11
BRH:0
end_of_record
TN:
SF:app/api/auth/status/route.ts
FN:5,GET
FN:13,(anonymous_4)
FN:16,(anonymous_5)
FN:18,(anonymous_6)
FN:84,POST
FN:92,(anonymous_8)
FN:95,(anonymous_9)
FN:97,(anonymous_10)
FNF:8
FNH:0
FNDA:0,GET
FNDA:0,(anonymous_4)
FNDA:0,(anonymous_5)
FNDA:0,(anonymous_6)
FNDA:0,POST
FNDA:0,(anonymous_8)
FNDA:0,(anonymous_9)
FNDA:0,(anonymous_10)
DA:1,0
DA:2,0
DA:3,0
DA:5,0
DA:6,0
DA:7,0
DA:8,0
DA:14,0
DA:17,0
DA:18,0
DA:19,0
DA:32,0
DA:34,0
DA:35,0
DA:41,0
DA:42,0
DA:49,0
DA:55,0
DA:56,0
DA:59,0
DA:76,0
DA:77,0
DA:84,0
DA:85,0
DA:86,0
DA:87,0
DA:93,0
DA:96,0
DA:97,0
DA:98,0
DA:109,0
DA:111,0
DA:112,0
DA:118,0
DA:123,0
DA:124,0
DA:130,0
DA:137,0
DA:138,0
LF:39
LH:0
BRDA:34,0,0,0
BRDA:41,1,0,0
BRDA:55,2,0,0
BRDA:55,3,0,0
BRDA:55,3,1,0
BRDA:64,4,0,0
BRDA:64,4,1,0
BRDA:71,5,0,0
BRDA:71,5,1,0
BRDA:111,6,0,0
BRDA:111,7,0,0
BRDA:111,7,1,0
BRDA:123,8,0,0
BRF:13
BRH:0
end_of_record
TN:
SF:app/api/cart/route.ts
FN:5,createSupabaseClient
FN:11,(anonymous_6)
FN:15,(anonymous_7)
FN:17,(anonymous_8)
FN:31,GET
FN:84,POST
FN:169,PUT
FN:243,DELETE
FNF:8
FNH:0
FNDA:0,createSupabaseClient
FNDA:0,(anonymous_6)
FNDA:0,(anonymous_7)
FNDA:0,(anonymous_8)
FNDA:0,GET
FNDA:0,POST
FNDA:0,PUT
FNDA:0,DELETE
DA:1,0
DA:2,0
DA:3,0
DA:6,0
DA:12,0
DA:13,0
DA:16,0
DA:17,0
DA:18,0
DA:31,0
DA:32,0
DA:33,0
DA:36,0
DA:38,0
DA:39,0
DA:46,0
DA:64,0
DA:65,0
DA:71,0
DA:76,0
DA:77,0
DA:84,0
DA:85,0
DA:86,0
DA:89,0
DA:91,0
DA:92,0
DA:98,0
DA:100,0
DA:101,0
DA:108,0
DA:115,0
DA:117,0
DA:123,0
DA:124,0
DA:130,0
DA:137,0
DA:146,0
DA:147,0
DA:153,0
DA:161,0
DA:162,0
DA:169,0
DA:170,0
DA:171,0
DA:174,0
DA:176,0
DA:177,0
DA:183,0
DA:185,0
DA:186,0
DA:192,0
DA:194,0
DA:200,0
DA:201,0
DA:207,0
DA:213,0
DA:220,0
DA:221,0
DA:227,0
DA:235,0
DA:236,0
DA:243,0
DA:244,0
DA:245,0
DA:248,0
DA:250,0
DA:251,0
DA:257,0
DA:258,0
DA:260,0
DA:261,0
DA:268,0
DA:274,0
DA:275,0
DA:281,0
DA:287,0
DA:288,0
LF:78
LH:0
BRDA:38,0,0,0
BRDA:38,1,0,0
BRDA:38,1,1,0
BRDA:64,2,0,0
BRDA:72,3,0,0
BRDA:72,3,1,0
BRDA:91,4,0,0
BRDA:91,5,0,0
BRDA:91,5,1,0
BRDA:98,6,0,0
BRDA:100,7,0,0
BRDA:115,8,0,0
BRDA:115,8,1,0
BRDA:123,9,0,0
BRDA:146,10,0,0
BRDA:176,11,0,0
BRDA:176,12,0,0
BRDA:176,12,1,0
BRDA:185,13,0,0
BRDA:185,14,0,0
BRDA:185,14,1,0
BRDA:192,15,0,0
BRDA:192,15,1,0
BRDA:200,16,0,0
BRDA:220,17,0,0
BRDA:250,18,0,0
BRDA:250,19,0,0
BRDA:250,19,1,0
BRDA:260,20,0,0
BRDA:274,21,0,0
BRF:30
BRH:0
end_of_record
TN:
SF:app/api/categories/route.ts
FN:4,GET
FNF:1
FNH:0
FNDA:0,GET
DA:1,0
DA:2,0
DA:4,0
DA:5,0
DA:6,0
DA:7,0
DA:9,0
DA:11,0
DA:16,0
DA:17,0
DA:20,0
DA:22,0
DA:23,0
DA:25,0
DA:91,0
DA:94,0
DA:95,0
LF:17
LH:0
BRDA:16,0,0,0
BRDA:22,1,0,0
BRDA:91,2,0,0
BRDA:91,2,1,0
BRF:4
BRH:0
end_of_record
TN:
SF:app/api/cron/auto-assign-orders/route.ts
FN:9,POST
FN:152,(anonymous_4)
FN:197,findBestDriverForOrder
FN:201,(anonymous_6)
FN:226,(anonymous_7)
FN:232,GET
FN:270,calculateEstimatedWaitTime
FNF:7
FNH:0
FNDA:0,POST
FNDA:0,(anonymous_4)
FNDA:0,findBestDriverForOrder
FNDA:0,(anonymous_6)
FNDA:0,(anonymous_7)
FNDA:0,GET
FNDA:0,calculateEstimatedWaitTime
DA:1,0
DA:2,0
DA:4,0
DA:9,0
DA:10,0
DA:12,0
DA:13,0
DA:16,0
DA:17,0
DA:24,0
DA:31,0
DA:32,0
DA:33,0
DA:39,0
DA:40,0
DA:47,0
DA:57,0
DA:58,0
DA:59,0
DA:65,0
DA:66,0
DA:73,0
DA:74,0
DA:75,0
DA:78,0
DA:80,0
DA:82,0
DA:83,0
DA:85,0
DA:94,0
DA:95,0
DA:96,0
DA:100,0
DA:111,0
DA:128,0
DA:143,0
DA:144,0
DA:152,0
DA:153,0
DA:154,0
DA:158,0
DA:164,0
DA:178,0
DA:188,0
DA:189,0
DA:198,0
DA:201,0
DA:202,0
DA:205,0
DA:208,0
DA:211,0
DA:212,0
DA:213,0
DA:216,0
DA:219,0
DA:222,0
DA:226,0
DA:228,0
DA:232,0
DA:233,0
DA:235,0
DA:241,0
DA:247,0
DA:252,0
DA:261,0
DA:262,0
DA:271,0
DA:272,0
DA:274,0
DA:276,0
DA:277,0
DA:278,0
DA:279,0
LF:73
LH:0
BRDA:16,0,0,0
BRDA:16,1,0,0
BRDA:16,1,1,0
BRDA:31,2,0,0
BRDA:39,3,0,0
BRDA:39,4,0,0
BRDA:39,4,1,0
BRDA:57,5,0,0
BRDA:65,6,0,0
BRDA:65,7,0,0
BRDA:65,7,1,0
BRDA:82,8,0,0
BRDA:94,9,0,0
BRDA:153,10,0,0
BRDA:198,11,0,0
BRDA:205,12,0,0
BRDA:205,12,1,0
BRDA:208,13,0,0
BRDA:208,13,1,0
BRDA:211,14,0,0
BRDA:211,14,1,0
BRDA:216,15,0,0
BRDA:216,16,0,0
BRDA:216,16,1,0
BRDA:253,17,0,0
BRDA:253,17,1,0
BRDA:254,18,0,0
BRDA:254,18,1,0
BRDA:255,19,0,0
BRDA:255,19,1,0
BRDA:256,20,0,0
BRDA:256,20,1,0
BRDA:256,21,0,0
BRDA:256,21,1,0
BRDA:256,22,0,0
BRDA:256,22,1,0
BRDA:257,23,0,0
BRDA:257,23,1,0
BRDA:257,24,0,0
BRDA:257,24,1,0
BRDA:271,25,0,0
BRDA:272,26,0,0
BRDA:276,27,0,0
BRDA:277,28,0,0
BRDA:278,29,0,0
BRF:45
BRH:0
end_of_record
TN:
SF:app/api/disputes/route.ts
FN:10,createSupabaseClient
FN:16,(anonymous_5)
FN:20,(anonymous_6)
FN:22,(anonymous_7)
FN:36,POST
FN:94,GET
FN:155,PUT
FNF:7
FNH:0
FNDA:0,createSupabaseClient
FNDA:0,(anonymous_5)
FNDA:0,(anonymous_6)
FNDA:0,(anonymous_7)
FNDA:0,POST
FNDA:0,GET
FNDA:0,PUT
DA:1,0
DA:2,0
DA:3,0
DA:4,0
DA:5,0
DA:7,0
DA:11,0
DA:17,0
DA:18,0
DA:21,0
DA:22,0
DA:23,0
DA:36,0
DA:37,0
DA:41,0
DA:44,0
DA:45,0
DA:46,0
DA:50,0
DA:56,0
DA:57,0
DA:59,0
DA:60,0
DA:66,0
DA:69,0
DA:75,0
DA:76,0
DA:80,0
DA:87,0
DA:89,0
DA:90,0
DA:94,0
DA:95,0
DA:96,0
DA:99,0
DA:100,0
DA:101,0
DA:104,0
DA:105,0
DA:106,0
DA:107,0
DA:108,0
DA:109,0
DA:112,0
DA:121,0
DA:123,0
DA:124,0
DA:125,0
DA:126,0
DA:127,0
DA:129,0
DA:130,0
DA:131,0
DA:132,0
DA:134,0
DA:135,0
DA:136,0
DA:139,0
DA:140,0
DA:141,0
DA:144,0
DA:145,0
DA:148,0
DA:150,0
DA:151,0
DA:155,0
DA:156,0
DA:157,0
DA:160,0
DA:161,0
DA:162,0
DA:166,0
DA:175,0
DA:176,0
DA:178,0
DA:179,0
DA:185,0
DA:188,0
DA:193,0
DA:194,0
DA:198,0
DA:205,0
DA:207,0
DA:208,0
LF:84
LH:0
BRDA:45,0,0,0
BRDA:45,1,0,0
BRDA:45,1,1,0
BRDA:59,2,0,0
BRDA:75,3,0,0
BRDA:75,4,0,0
BRDA:75,4,1,0
BRDA:76,5,0,0
BRDA:76,5,1,0
BRDA:100,6,0,0
BRDA:100,7,0,0
BRDA:100,7,1,0
BRDA:108,8,0,0
BRDA:108,8,1,0
BRDA:109,9,0,0
BRDA:109,9,1,0
BRDA:121,10,0,0
BRDA:121,10,1,0
BRDA:123,11,0,0
BRDA:123,11,1,0
BRDA:123,12,0,0
BRDA:123,12,1,0
BRDA:127,13,0,0
BRDA:127,13,1,0
BRDA:132,14,0,0
BRDA:132,14,1,0
BRDA:144,15,0,0
BRDA:161,16,0,0
BRDA:161,17,0,0
BRDA:161,17,1,0
BRDA:178,18,0,0
BRDA:193,19,0,0
BRF:32
BRH:0
end_of_record
TN:
SF:app/api/disputes/[id]/route.ts
FN:9,createSupabaseClient
FN:15,(anonymous_4)
FN:19,(anonymous_5)
FN:21,(anonymous_6)
FN:35,PATCH
FN:97,GET
FNF:6
FNH:0
FNDA:0,createSupabaseClient
FNDA:0,(anonymous_4)
FNDA:0,(anonymous_5)
FNDA:0,(anonymous_6)
FNDA:0,PATCH
FNDA:0,GET
DA:1,0
DA:2,0
DA:3,0
DA:4,0
DA:5,0
DA:6,0
DA:10,0
DA:16,0
DA:17,0
DA:20,0
DA:21,0
DA:22,0
DA:35,0
DA:39,0
DA:40,0
DA:43,0
DA:44,0
DA:45,0
DA:48,0
DA:49,0
DA:52,0
DA:60,0
DA:61,0
DA:63,0
DA:64,0
DA:70,0
DA:73,0
DA:78,0
DA:79,0
DA:83,0
DA:90,0
DA:92,0
DA:93,0
DA:97,0
DA:101,0
DA:102,0
DA:105,0
DA:106,0
DA:107,0
DA:110,0
DA:111,0
DA:114,0
DA:116,0
DA:117,0
DA:120,0
DA:121,0
DA:124,0
DA:126,0
DA:127,0
LF:49
LH:0
BRDA:44,0,0,0
BRDA:44,1,0,0
BRDA:44,1,1,0
BRDA:63,2,0,0
BRDA:78,3,0,0
BRDA:106,4,0,0
BRDA:106,5,0,0
BRDA:106,5,1,0
BRDA:116,6,0,0
BRDA:120,7,0,0
BRF:10
BRH:0
end_of_record
TN:
SF:app/api/distance/route.ts
FN:4,POST
FNF:1
FNH:0
FNDA:0,POST
DA:1,0
DA:2,0
DA:4,0
DA:5,0
DA:7,0
DA:8,0
DA:9,0
DA:15,0
DA:16,0
DA:18,0
DA:19,0
DA:23,0
DA:24,0
DA:25,0
DA:28,0
DA:30,0
DA:31,0
DA:33,0
DA:34,0
DA:36,0
DA:37,0
DA:44,0
DA:45,0
DA:46,0
DA:49,0
DA:50,0
DA:52,0
DA:58,0
DA:59,0
LF:29
LH:0
BRDA:8,0,0,0
BRDA:18,1,0,0
BRDA:18,2,0,0
BRDA:18,2,1,0
BRDA:24,3,0,0
BRDA:33,4,0,0
BRDA:45,5,0,0
BRDA:45,6,0,0
BRDA:45,6,1,0
BRF:9
BRH:0
end_of_record
TN:
SF:app/api/driver/orders/route.ts
FN:9,GET
FN:55,(anonymous_4)
FN:103,POST
FN:243,calculateEstimatedEarnings
FN:258,getStatusTimeline
FN:278,getNotificationTitle
FN:291,getNotificationMessage
FNF:7
FNH:0
FNDA:0,GET
FNDA:0,(anonymous_4)
FNDA:0,POST
FNDA:0,calculateEstimatedEarnings
FNDA:0,getStatusTimeline
FNDA:0,getNotificationTitle
FNDA:0,getNotificationMessage
DA:1,0
DA:2,0
DA:4,0
DA:9,0
DA:10,0
DA:11,0
DA:12,0
DA:13,0
DA:14,0
DA:16,0
DA:17,0
DA:24,0
DA:35,0
DA:36,0
DA:40,0
DA:44,0
DA:46,0
DA:47,0
DA:48,0
DA:55,0
DA:84,0
DA:95,0
DA:96,0
DA:103,0
DA:104,0
DA:105,0
DA:106,0
DA:108,0
DA:109,0
DA:115,0
DA:116,0
DA:118,0
DA:120,0
DA:124,0
DA:128,0
DA:131,0
DA:135,0
DA:140,0
DA:143,0
DA:146,0
DA:151,0
DA:154,0
DA:158,0
DA:163,0
DA:167,0
DA:175,0
DA:181,0
DA:188,0
DA:194,0
DA:195,0
DA:196,0
DA:203,0
DA:204,0
DA:215,0
DA:216,0
DA:228,0
DA:235,0
DA:236,0
DA:244,0
DA:245,0
DA:246,0
DA:247,0
DA:249,0
DA:259,0
DA:263,0
DA:264,0
DA:267,0
DA:268,0
DA:271,0
DA:272,0
DA:275,0
DA:279,0
DA:281,0
DA:283,0
DA:285,0
DA:287,0
DA:292,0
DA:294,0
DA:296,0
DA:298,0
DA:300,0
LF:81
LH:0
BRDA:14,0,0,0
BRDA:14,0,1,0
BRDA:16,1,0,0
BRDA:35,2,0,0
BRDA:35,3,0,0
BRDA:35,3,1,0
BRDA:46,4,0,0
BRDA:55,5,0,0
BRDA:55,5,1,0
BRDA:60,6,0,0
BRDA:60,6,1,0
BRDA:61,7,0,0
BRDA:61,7,1,0
BRDA:62,8,0,0
BRDA:62,8,1,0
BRDA:66,9,0,0
BRDA:66,9,1,0
BRDA:67,10,0,0
BRDA:67,10,1,0
BRDA:68,11,0,0
BRDA:68,11,1,0
BRDA:79,12,0,0
BRDA:79,12,1,0
BRDA:108,13,0,0
BRDA:108,14,0,0
BRDA:108,14,1,0
BRDA:108,14,2,0
BRDA:118,15,0,0
BRDA:118,15,1,0
BRDA:118,15,2,0
BRDA:118,15,3,0
BRDA:118,15,4,0
BRDA:118,15,5,0
BRDA:138,16,0,0
BRDA:138,16,1,0
BRDA:149,17,0,0
BRDA:149,17,1,0
BRDA:161,18,0,0
BRDA:161,18,1,0
BRDA:194,19,0,0
BRDA:203,20,0,0
BRDA:215,21,0,0
BRDA:244,22,0,0
BRDA:244,22,1,0
BRDA:245,23,0,0
BRDA:245,23,1,0
BRDA:263,24,0,0
BRDA:267,25,0,0
BRDA:271,26,0,0
BRDA:279,27,0,0
BRDA:279,27,1,0
BRDA:279,27,2,0
BRDA:279,27,3,0
BRDA:292,28,0,0
BRDA:292,28,1,0
BRDA:292,28,2,0
BRDA:292,28,3,0
BRF:57
BRH:0
end_of_record
TN:
SF:app/api/driver/profile/route.ts
FN:9,GET
FN:77,PUT
FN:96,(anonymous_6)
FN:149,POST
FNF:4
FNH:0
FNDA:0,GET
FNDA:0,PUT
FNDA:0,(anonymous_6)
FNDA:0,POST
DA:1,0
DA:2,0
DA:4,0
DA:9,0
DA:10,0
DA:11,0
DA:12,0
DA:14,0
DA:15,0
DA:22,0
DA:28,0
DA:29,0
DA:36,0
DA:42,0
DA:63,0
DA:69,0
DA:70,0
DA:77,0
DA:78,0
DA:79,0
DA:80,0
DA:82,0
DA:83,0
DA:90,0
DA:95,0
DA:96,0
DA:97,0
DA:98,0
DA:103,0
DA:106,0
DA:113,0
DA:114,0
DA:115,0
DA:122,0
DA:123,0
DA:124,0
DA:125,0
DA:126,0
DA:128,0
DA:134,0
DA:141,0
DA:142,0
DA:149,0
DA:150,0
DA:151,0
DA:152,0
DA:154,0
DA:155,0
DA:161,0
DA:163,0
DA:173,0
DA:179,0
DA:189,0
DA:195,0
DA:196,0
DA:202,0
DA:211,0
DA:217,0
DA:218,0
DA:224,0
DA:233,0
DA:239,0
DA:240,0
DA:246,0
DA:254,0
DA:260,0
DA:261,0
DA:267,0
DA:275,0
DA:281,0
DA:288,0
DA:289,0
LF:72
LH:0
BRDA:14,0,0,0
BRDA:28,1,0,0
BRDA:28,2,0,0
BRDA:28,2,1,0
BRDA:44,3,0,0
BRDA:44,3,1,0
BRDA:45,4,0,0
BRDA:45,4,1,0
BRDA:46,5,0,0
BRDA:46,5,1,0
BRDA:47,6,0,0
BRDA:47,6,1,0
BRDA:48,7,0,0
BRDA:48,7,1,0
BRDA:49,8,0,0
BRDA:49,8,1,0
BRDA:50,9,0,0
BRDA:50,9,1,0
BRDA:51,10,0,0
BRDA:51,10,1,0
BRDA:54,11,0,0
BRDA:54,11,1,0
BRDA:55,12,0,0
BRDA:55,12,1,0
BRDA:56,13,0,0
BRDA:56,13,1,0
BRDA:57,14,0,0
BRDA:57,14,1,0
BRDA:58,15,0,0
BRDA:58,15,1,0
BRDA:82,16,0,0
BRDA:82,17,0,0
BRDA:82,17,1,0
BRDA:97,18,0,0
BRDA:113,19,0,0
BRDA:122,20,0,0
BRDA:122,21,0,0
BRDA:122,21,1,0
BRDA:122,21,2,0
BRDA:124,22,0,0
BRDA:125,23,0,0
BRDA:126,24,0,0
BRDA:154,25,0,0
BRDA:154,26,0,0
BRDA:154,26,1,0
BRDA:161,27,0,0
BRDA:161,27,1,0
BRDA:161,27,2,0
BRDA:161,27,3,0
BRDA:161,27,4,0
BRDA:161,27,5,0
BRDA:161,27,6,0
BRDA:195,28,0,0
BRDA:217,29,0,0
BRDA:235,30,0,0
BRDA:235,30,1,0
BRDA:239,31,0,0
BRDA:260,32,0,0
BRF:58
BRH:0
end_of_record
TN:
SF:app/api/driver/stats/route.ts
FN:9,GET
FN:122,(anonymous_2)
FN:124,(anonymous_3)
FN:125,(anonymous_4)
FN:126,(anonymous_5)
FN:135,(anonymous_6)
FN:136,(anonymous_7)
FN:139,(anonymous_8)
FN:140,(anonymous_9)
FN:144,(anonymous_10)
FN:171,(anonymous_11)
FN:181,(anonymous_12)
FN:182,(anonymous_13)
FN:183,(anonymous_14)
FN:184,(anonymous_15)
FNF:15
FNH:0
FNDA:0,GET
FNDA:0,(anonymous_2)
FNDA:0,(anonymous_3)
FNDA:0,(anonymous_4)
FNDA:0,(anonymous_5)
FNDA:0,(anonymous_6)
FNDA:0,(anonymous_7)
FNDA:0,(anonymous_8)
FNDA:0,(anonymous_9)
FNDA:0,(anonymous_10)
FNDA:0,(anonymous_11)
FNDA:0,(anonymous_12)
FNDA:0,(anonymous_13)
FNDA:0,(anonymous_14)
FNDA:0,(anonymous_15)
DA:1,0
DA:2,0
DA:4,0
DA:9,0
DA:10,0
DA:12,0
DA:13,0
DA:15,0
DA:17,0
DA:18,0
DA:19,0
DA:24,0
DA:25,0
DA:28,0
DA:29,0
DA:36,0
DA:37,0
DA:52,0
DA:84,0
DA:88,0
DA:94,0
DA:95,0
DA:102,0
DA:107,0
DA:108,0
DA:112,0
DA:117,0
DA:118,0
DA:122,0
DA:123,0
DA:124,0
DA:125,0
DA:126,0
DA:127,0
DA:130,0
DA:131,0
DA:132,0
DA:134,0
DA:135,0
DA:136,0
DA:138,0
DA:139,0
DA:140,0
DA:143,0
DA:144,0
DA:147,0
DA:171,0
DA:181,0
DA:182,0
DA:183,0
DA:184,0
DA:188,0
DA:194,0
DA:195,0
LF:54
LH:0
BRDA:15,0,0,0
BRDA:15,1,0,0
BRDA:15,1,1,0
BRDA:18,2,0,0
BRDA:24,3,0,0
BRDA:28,4,0,0
BRDA:36,5,0,0
BRDA:94,6,0,0
BRDA:94,7,0,0
BRDA:94,7,1,0
BRDA:107,8,0,0
BRDA:117,9,0,0
BRDA:122,10,0,0
BRDA:122,10,1,0
BRDA:122,11,0,0
BRDA:122,11,1,0
BRDA:123,12,0,0
BRDA:123,12,1,0
BRDA:124,13,0,0
BRDA:124,13,1,0
BRDA:125,14,0,0
BRDA:125,14,1,0
BRDA:126,15,0,0
BRDA:126,15,1,0
BRDA:126,16,0,0
BRDA:126,16,1,0
BRDA:127,17,0,0
BRDA:127,17,1,0
BRDA:134,18,0,0
BRDA:134,18,1,0
BRDA:136,19,0,0
BRDA:136,19,1,0
BRDA:138,20,0,0
BRDA:138,20,1,0
BRDA:140,21,0,0
BRDA:140,21,1,0
BRDA:143,22,0,0
BRDA:143,22,1,0
BRDA:153,23,0,0
BRDA:153,23,1,0
BRDA:154,24,0,0
BRDA:154,24,1,0
BRDA:155,25,0,0
BRDA:155,25,1,0
BRDA:168,26,0,0
BRDA:168,26,1,0
BRDA:181,27,0,0
BRDA:181,27,1,0
BRDA:181,28,0,0
BRDA:181,28,1,0
BRDA:182,29,0,0
BRDA:182,29,1,0
BRDA:182,30,0,0
BRDA:182,30,1,0
BRDA:183,31,0,0
BRDA:183,31,1,0
BRDA:183,32,0,0
BRDA:183,32,1,0
BRDA:184,33,0,0
BRDA:184,33,1,0
BRDA:184,34,0,0
BRDA:184,34,1,0
BRF:62
BRH:0
end_of_record
TN:
SF:app/api/driver/update-location/route.ts
FN:9,POST
FNF:1
FNH:0
FNDA:0,POST
DA:1,0
DA:2,0
DA:4,0
DA:9,0
DA:10,0
DA:11,0
DA:12,0
DA:14,0
DA:15,0
DA:22,0
DA:31,0
DA:32,0
DA:33,0
DA:39,0
DA:45,0
DA:46,0
LF:16
LH:0
BRDA:14,0,0,0
BRDA:14,1,0,0
BRDA:14,1,1,0
BRDA:31,2,0,0
BRF:4
BRH:0
end_of_record
TN:
SF:app/api/driver/update-status/route.ts
FN:9,POST
FNF:1
FNH:0
FNDA:0,POST
DA:1,0
DA:2,0
DA:4,0
DA:9,0
DA:10,0
DA:11,0
DA:12,0
DA:14,0
DA:15,0
DA:21,0
DA:26,0
DA:27,0
DA:30,0
DA:31,0
DA:34,0
DA:35,0
DA:39,0
DA:44,0
DA:45,0
DA:46,0
DA:52,0
DA:59,0
DA:60,0
LF:23
LH:0
BRDA:14,0,0,0
BRDA:26,1,0,0
BRDA:30,2,0,0
BRDA:34,3,0,0
BRDA:44,4,0,0
BRF:5
BRH:0
end_of_record
TN:
SF:app/api/health/route.ts
FN:5,GET
FNF:1
FNH:0
FNDA:0,GET
DA:1,0
DA:2,0
DA:3,0
DA:5,0
DA:6,0
DA:8,0
DA:10,0
DA:11,0
DA:12,0
DA:14,0
DA:18,0
DA:22,0
DA:24,0
DA:26,0
DA:45,0
DA:49,0
DA:51,0
LF:17
LH:0
BRDA:27,0,0,0
BRDA:27,0,1,0
BRDA:32,1,0,0
BRDA:32,1,1,0
BRDA:36,2,0,0
BRDA:36,2,1,0
BRDA:55,3,0,0
BRDA:55,3,1,0
BRF:8
BRH:0
end_of_record
TN:
SF:app/api/items/route.ts
FN:4,GET
FNF:1
FNH:0
FNDA:0,GET
DA:1,0
DA:2,0
DA:4,0
DA:5,0
DA:6,0
DA:7,0
DA:8,0
DA:10,0
DA:13,0
DA:14,0
DA:16,0
DA:17,0
DA:21,0
DA:22,0
DA:25,0
DA:26,0
DA:29,0
DA:30,0
DA:31,0
DA:33,0
DA:34,0
DA:37,0
DA:38,0
DA:39,0
DA:111,0
DA:114,0
DA:115,0
LF:27
LH:0
BRDA:21,0,0,0
BRDA:25,1,0,0
BRDA:37,2,0,0
BRDA:37,3,0,0
BRDA:37,3,1,0
BRDA:111,4,0,0
BRDA:111,4,1,0
BRF:7
BRH:0
end_of_record
TN:
SF:app/api/notification-preferences/route.ts
FN:6,createSupabaseClient
FN:12,(anonymous_5)
FN:16,(anonymous_6)
FN:18,(anonymous_7)
FN:32,GET
FN:73,PUT
FN:101,(anonymous_10)
FN:146,POST
FNF:8
FNH:0
FNDA:0,createSupabaseClient
FNDA:0,(anonymous_5)
FNDA:0,(anonymous_6)
FNDA:0,(anonymous_7)
FNDA:0,GET
FNDA:0,PUT
FNDA:0,(anonymous_10)
FNDA:0,POST
DA:1,0
DA:2,0
DA:3,0
DA:7,0
DA:13,0
DA:14,0
DA:17,0
DA:18,0
DA:19,0
DA:32,0
DA:33,0
DA:34,0
DA:37,0
DA:39,0
DA:40,0
DA:47,0
DA:53,0
DA:54,0
DA:60,0
DA:65,0
DA:66,0
DA:73,0
DA:74,0
DA:75,0
DA:78,0
DA:80,0
DA:81,0
DA:87,0
DA:90,0
DA:100,0
DA:101,0
DA:102,0
DA:103,0
DA:107,0
DA:108,0
DA:115,0
DA:124,0
DA:125,0
DA:131,0
DA:138,0
DA:139,0
DA:146,0
DA:147,0
DA:148,0
DA:151,0
DA:153,0
DA:154,0
DA:160,0
DA:163,0
DA:178,0
DA:179,0
DA:185,0
DA:192,0
DA:193,0
LF:54
LH:0
BRDA:39,0,0,0
BRDA:39,1,0,0
BRDA:39,1,1,0
BRDA:53,2,0,0
BRDA:53,3,0,0
BRDA:53,3,1,0
BRDA:61,4,0,0
BRDA:61,4,1,0
BRDA:80,5,0,0
BRDA:80,6,0,0
BRDA:80,6,1,0
BRDA:102,7,0,0
BRDA:107,8,0,0
BRDA:124,9,0,0
BRDA:134,10,0,0
BRDA:134,10,1,0
BRDA:153,11,0,0
BRDA:153,12,0,0
BRDA:153,12,1,0
BRDA:167,13,0,0
BRDA:167,13,1,0
BRDA:168,14,0,0
BRDA:168,14,1,0
BRDA:169,15,0,0
BRDA:169,15,1,0
BRDA:170,16,0,0
BRDA:170,16,1,0
BRDA:171,17,0,0
BRDA:171,17,1,0
BRDA:172,18,0,0
BRDA:172,18,1,0
BRDA:173,19,0,0
BRDA:173,19,1,0
BRDA:178,20,0,0
BRDA:188,21,0,0
BRDA:188,21,1,0
BRF:36
BRH:0
end_of_record
TN:
SF:app/api/notifications/delivery/route.ts
FN:9,POST
FN:124,getNotificationTitle
FN:143,getDefaultMessage
FN:162,getNotificationPriority
FN:175,GET
FNF:5
FNH:0
FNDA:0,POST
FNDA:0,getNotificationTitle
FNDA:0,getDefaultMessage
FNDA:0,getNotificationPriority
FNDA:0,GET
DA:1,0
DA:2,0
DA:4,0
DA:9,0
DA:10,0
DA:11,0
DA:12,0
DA:14,0
DA:15,0
DA:22,0
DA:28,0
DA:29,0
DA:36,0
DA:52,0
DA:58,0
DA:59,0
DA:60,0
DA:67,0
DA:79,0
DA:80,0
DA:93,0
DA:98,0
DA:110,0
DA:116,0
DA:117,0
DA:125,0
DA:127,0
DA:129,0
DA:131,0
DA:133,0
DA:135,0
DA:137,0
DA:139,0
DA:144,0
DA:146,0
DA:148,0
DA:150,0
DA:152,0
DA:154,0
DA:156,0
DA:158,0
DA:163,0
DA:166,0
DA:169,0
DA:171,0
DA:175,0
DA:176,0
DA:177,0
DA:178,0
DA:179,0
DA:181,0
DA:182,0
DA:188,0
DA:194,0
DA:195,0
DA:198,0
DA:200,0
DA:201,0
DA:202,0
DA:208,0
DA:214,0
DA:215,0
LF:62
LH:0
BRDA:14,0,0,0
BRDA:14,1,0,0
BRDA:14,1,1,0
BRDA:28,2,0,0
BRDA:28,3,0,0
BRDA:28,3,1,0
BRDA:40,4,0,0
BRDA:40,4,1,0
BRDA:58,5,0,0
BRDA:79,6,0,0
BRDA:79,7,0,0
BRDA:79,7,1,0
BRDA:125,8,0,0
BRDA:125,8,1,0
BRDA:125,8,2,0
BRDA:125,8,3,0
BRDA:125,8,4,0
BRDA:125,8,5,0
BRDA:125,8,6,0
BRDA:144,9,0,0
BRDA:144,9,1,0
BRDA:144,9,2,0
BRDA:144,9,3,0
BRDA:144,9,4,0
BRDA:144,9,5,0
BRDA:144,9,6,0
BRDA:163,10,0,0
BRDA:163,10,1,0
BRDA:163,10,2,0
BRDA:163,10,3,0
BRDA:163,10,4,0
BRDA:181,11,0,0
BRDA:194,12,0,0
BRDA:200,13,0,0
BRDA:210,14,0,0
BRDA:210,14,1,0
BRF:36
BRH:0
end_of_record
TN:
SF:app/api/onboarding/route.ts
FN:19,POST
FN:26,(anonymous_2)
FNF:2
FNH:0
FNDA:0,POST
FNDA:0,(anonymous_2)
DA:1,0
DA:2,0
DA:3,0
DA:6,0
DA:19,0
DA:20,0
DA:21,0
DA:24,0
DA:25,0
DA:26,0
DA:27,0
DA:30,0
DA:36,0
DA:37,0
DA:39,0
DA:40,0
DA:46,0
DA:49,0
DA:52,0
DA:54,0
DA:55,0
DA:56,0
DA:63,0
DA:76,0
DA:77,0
DA:78,0
DA:85,0
DA:91,0
DA:94,0
DA:95,0
DA:105,0
DA:109,0
DA:110,0
DA:115,0
DA:116,0
DA:124,0
DA:128,0
DA:129,0
DA:133,0
DA:134,0
DA:142,0
DA:146,0
DA:147,0
DA:151,0
DA:167,0
DA:168,0
LF:46
LH:0
BRDA:25,0,0,0
BRDA:39,1,0,0
BRDA:39,2,0,0
BRDA:39,2,1,0
BRDA:54,3,0,0
BRDA:54,4,0,0
BRDA:54,4,1,0
BRDA:76,5,0,0
BRDA:91,6,0,0
BRDA:91,6,1,0
BRDA:94,7,0,0
BRDA:94,8,0,0
BRDA:94,8,1,0
BRDA:94,8,2,0
BRDA:94,8,3,0
BRDA:99,9,0,0
BRDA:99,9,1,0
BRDA:109,10,0,0
BRDA:115,11,0,0
BRDA:115,12,0,0
BRDA:115,12,1,0
BRDA:115,12,2,0
BRDA:115,12,3,0
BRDA:128,13,0,0
BRDA:133,14,0,0
BRDA:133,15,0,0
BRDA:133,15,1,0
BRDA:133,15,2,0
BRDA:136,16,0,0
BRDA:136,16,1,0
BRDA:146,17,0,0
BRF:31
BRH:0
end_of_record
TN:
SF:app/api/orders/route.ts
FN:6,createSupabaseClient
FN:12,(anonymous_5)
FN:16,(anonymous_6)
FN:18,(anonymous_7)
FN:32,GET
FN:73,POST
FN:145,PUT
FNF:7
FNH:0
FNDA:0,createSupabaseClient
FNDA:0,(anonymous_5)
FNDA:0,(anonymous_6)
FNDA:0,(anonymous_7)
FNDA:0,GET
FNDA:0,POST
FNDA:0,PUT
DA:1,0
DA:2,0
DA:3,0
DA:7,0
DA:13,0
DA:14,0
DA:17,0
DA:18,0
DA:19,0
DA:32,0
DA:33,0
DA:34,0
DA:37,0
DA:39,0
DA:40,0
DA:47,0
DA:53,0
DA:54,0
DA:60,0
DA:65,0
DA:66,0
DA:73,0
DA:74,0
DA:75,0
DA:78,0
DA:80,0
DA:81,0
DA:87,0
DA:90,0
DA:91,0
DA:98,0
DA:101,0
DA:115,0
DA:116,0
DA:123,0
DA:124,0
DA:130,0
DA:137,0
DA:138,0
DA:145,0
DA:146,0
DA:147,0
DA:150,0
DA:152,0
DA:153,0
DA:159,0
DA:161,0
DA:162,0
DA:169,0
DA:180,0
DA:181,0
DA:187,0
DA:194,0
DA:195,0
LF:54
LH:0
BRDA:39,0,0,0
BRDA:39,1,0,0
BRDA:39,1,1,0
BRDA:53,2,0,0
BRDA:61,3,0,0
BRDA:61,3,1,0
BRDA:80,4,0,0
BRDA:80,5,0,0
BRDA:80,5,1,0
BRDA:90,6,0,0
BRDA:90,7,0,0
BRDA:90,7,1,0
BRDA:109,8,0,0
BRDA:109,8,1,0
BRDA:110,9,0,0
BRDA:110,9,1,0
BRDA:111,10,0,0
BRDA:111,10,1,0
BRDA:115,11,0,0
BRDA:123,12,0,0
BRDA:152,13,0,0
BRDA:152,14,0,0
BRDA:152,14,1,0
BRDA:161,15,0,0
BRDA:172,16,0,0
BRDA:172,16,1,0
BRDA:180,17,0,0
BRF:27
BRH:0
end_of_record
TN:
SF:app/api/orders/assign-driver/route.ts
FN:9,POST
FN:152,selectBestDriver
FN:166,(anonymous_5)
FN:199,(anonymous_6)
FN:209,GET
FN:269,calculateEstimatedWaitTime
FNF:6
FNH:0
FNDA:0,POST
FNDA:0,selectBestDriver
FNDA:0,(anonymous_5)
FNDA:0,(anonymous_6)
FNDA:0,GET
FNDA:0,calculateEstimatedWaitTime
DA:1,0
DA:2,0
DA:4,0
DA:9,0
DA:10,0
DA:11,0
DA:12,0
DA:14,0
DA:15,0
DA:22,0
DA:28,0
DA:29,0
DA:36,0
DA:38,0
DA:45,0
DA:46,0
DA:53,0
DA:62,0
DA:63,0
DA:64,0
DA:71,0
DA:81,0
DA:94,0
DA:96,0
DA:97,0
DA:104,0
DA:113,0
DA:114,0
DA:115,0
DA:122,0
DA:132,0
DA:144,0
DA:145,0
DA:153,0
DA:155,0
DA:161,0
DA:162,0
DA:166,0
DA:167,0
DA:170,0
DA:173,0
DA:176,0
DA:177,0
DA:178,0
DA:182,0
DA:184,0
DA:188,0
DA:189,0
DA:192,0
DA:199,0
DA:200,0
DA:203,0
DA:204,0
DA:209,0
DA:210,0
DA:211,0
DA:212,0
DA:214,0
DA:215,0
DA:218,0
DA:224,0
DA:225,0
DA:226,0
DA:230,0
DA:236,0
DA:237,0
DA:241,0
DA:247,0
DA:248,0
DA:252,0
DA:254,0
DA:263,0
DA:264,0
DA:270,0
DA:271,0
DA:272,0
DA:273,0
DA:274,0
LF:78
LH:0
BRDA:14,0,0,0
BRDA:28,1,0,0
BRDA:28,2,0,0
BRDA:28,2,1,0
BRDA:36,3,0,0
BRDA:45,4,0,0
BRDA:45,5,0,0
BRDA:45,5,1,0
BRDA:62,6,0,0
BRDA:96,7,0,0
BRDA:113,8,0,0
BRDA:161,9,0,0
BRDA:161,10,0,0
BRDA:161,10,1,0
BRDA:161,10,2,0
BRDA:170,11,0,0
BRDA:170,11,1,0
BRDA:173,12,0,0
BRDA:173,12,1,0
BRDA:176,13,0,0
BRDA:182,14,0,0
BRDA:182,15,0,0
BRDA:182,15,1,0
BRDA:188,16,0,0
BRDA:188,17,0,0
BRDA:188,17,1,0
BRDA:214,18,0,0
BRDA:225,19,0,0
BRDA:225,20,0,0
BRDA:225,20,1,0
BRDA:236,21,0,0
BRDA:236,22,0,0
BRDA:236,22,1,0
BRDA:247,23,0,0
BRDA:252,24,0,0
BRDA:252,24,1,0
BRDA:256,25,0,0
BRDA:256,25,1,0
BRDA:259,26,0,0
BRDA:259,26,1,0
BRDA:270,27,0,0
BRDA:271,28,0,0
BRDA:272,29,0,0
BRDA:273,30,0,0
BRF:44
BRH:0
end_of_record
TN:
SF:app/api/orders/auto-assign/route.ts
FN:9,POST
FN:144,findBestDriverForOrder
FN:161,(anonymous_3)
FN:201,(anonymous_4)
FNF:4
FNH:0
FNDA:0,POST
FNDA:0,findBestDriverForOrder
FNDA:0,(anonymous_3)
FNDA:0,(anonymous_4)
DA:1,0
DA:2,0
DA:4,0
DA:9,0
DA:10,0
DA:11,0
DA:12,0
DA:14,0
DA:15,0
DA:22,0
DA:28,0
DA:29,0
DA:36,0
DA:37,0
DA:44,0
DA:45,0
DA:52,0
DA:54,0
DA:55,0
DA:62,0
DA:71,0
DA:72,0
DA:73,0
DA:80,0
DA:91,0
DA:108,0
DA:123,0
DA:136,0
DA:137,0
DA:145,0
DA:147,0
DA:156,0
DA:157,0
DA:161,0
DA:162,0
DA:165,0
DA:168,0
DA:171,0
DA:172,0
DA:173,0
DA:177,0
DA:179,0
DA:183,0
DA:184,0
DA:188,0
DA:190,0
DA:193,0
DA:201,0
DA:202,0
DA:205,0
DA:206,0
LF:51
LH:0
BRDA:12,0,0,0
BRDA:14,1,0,0
BRDA:28,2,0,0
BRDA:28,3,0,0
BRDA:28,3,1,0
BRDA:36,4,0,0
BRDA:36,5,0,0
BRDA:36,5,1,0
BRDA:44,6,0,0
BRDA:44,7,0,0
BRDA:44,7,1,0
BRDA:54,8,0,0
BRDA:71,9,0,0
BRDA:156,10,0,0
BRDA:156,11,0,0
BRDA:156,11,1,0
BRDA:156,11,2,0
BRDA:165,12,0,0
BRDA:165,12,1,0
BRDA:168,13,0,0
BRDA:168,13,1,0
BRDA:171,14,0,0
BRDA:177,15,0,0
BRDA:177,16,0,0
BRDA:177,16,1,0
BRDA:183,17,0,0
BRDA:183,18,0,0
BRDA:183,18,1,0
BRDA:188,19,0,0
BRDA:188,20,0,0
BRDA:188,20,1,0
BRDA:195,21,0,0
BRDA:195,21,1,0
BRF:33
BRH:0
end_of_record
TN:
SF:app/api/orders/status-history/route.ts
FN:9,GET
FN:50,POST
FNF:2
FNH:0
FNDA:0,GET
FNDA:0,POST
DA:1,0
DA:2,0
DA:4,0
DA:9,0
DA:10,0
DA:11,0
DA:12,0
DA:14,0
DA:15,0
DA:22,0
DA:28,0
DA:29,0
DA:30,0
DA:36,0
DA:42,0
DA:43,0
DA:50,0
DA:51,0
DA:52,0
DA:53,0
DA:55,0
DA:56,0
DA:63,0
DA:76,0
DA:77,0
DA:78,0
DA:85,0
DA:94,0
DA:95,0
DA:96,0
DA:102,0
DA:108,0
DA:109,0
LF:33
LH:0
BRDA:14,0,0,0
BRDA:28,1,0,0
BRDA:38,2,0,0
BRDA:38,2,1,0
BRDA:55,3,0,0
BRDA:55,4,0,0
BRDA:55,4,1,0
BRDA:76,5,0,0
BRDA:89,6,0,0
BRDA:89,6,1,0
BRDA:90,7,0,0
BRDA:90,7,1,0
BRDA:94,8,0,0
BRF:13
BRH:0
end_of_record
TN:
SF:app/api/payment/create-intent/route.ts
FN:8,getStripe
FN:16,createSupabaseClient
FN:22,(anonymous_4)
FN:26,(anonymous_5)
FN:28,(anonymous_6)
FN:42,POST
FNF:6
FNH:0
FNDA:0,getStripe
FNDA:0,createSupabaseClient
FNDA:0,(anonymous_4)
FNDA:0,(anonymous_5)
FNDA:0,(anonymous_6)
FNDA:0,POST
DA:1,0
DA:2,0
DA:3,0
DA:4,0
DA:5,0
DA:9,0
DA:10,0
DA:12,0
DA:17,0
DA:23,0
DA:24,0
DA:27,0
DA:28,0
DA:29,0
DA:42,0
DA:43,0
DA:45,0
DA:46,0
DA:47,0
DA:54,0
DA:55,0
DA:57,0
DA:59,0
DA:60,0
DA:61,0
DA:62,0
DA:63,0
DA:64,0
DA:65,0
DA:69,0
DA:70,0
DA:71,0
DA:72,0
DA:73,0
DA:75,0
DA:77,0
DA:81,0
DA:82,0
DA:85,0
DA:86,0
DA:88,0
DA:89,0
DA:93,0
DA:94,0
DA:102,0
DA:111,0
DA:112,0
DA:113,0
DA:125,0
DA:130,0
DA:131,0
DA:135,0
DA:136,0
LF:53
LH:0
BRDA:9,0,0,0
BRDA:46,1,0,0
BRDA:57,2,0,0
BRDA:57,2,1,0
BRDA:57,3,0,0
BRDA:57,3,1,0
BRDA:60,4,0,0
BRDA:60,4,1,0
BRDA:62,5,0,0
BRDA:62,5,1,0
BRDA:64,6,0,0
BRDA:72,7,0,0
BRDA:72,8,0,0
BRDA:72,8,1,0
BRDA:81,9,0,0
BRDA:86,10,0,0
BRDA:88,11,0,0
BRDA:88,12,0,0
BRDA:88,12,1,0
BRDA:93,13,0,0
BRF:20
BRH:0
end_of_record
TN:
SF:app/api/personalization/enhanced-recommendations/route.ts
FN:8,createSupabaseClient
FN:14,(anonymous_4)
FN:18,(anonymous_5)
FN:20,(anonymous_6)
FN:34,GET
FN:71,(anonymous_8)
FN:154,(anonymous_9)
FN:159,(anonymous_10)
FN:164,(anonymous_11)
FN:169,(anonymous_12)
FN:185,POST
FN:262,calculateTimeMatch
FN:276,calculateSeasonMatch
FN:281,getCurrentSeason
FN:289,calculateOverallPersonalizationScore
FN:292,(anonymous_18)
FN:293,(anonymous_19)
FN:305,calculateConfidence
FN:308,(anonymous_21)
FN:316,(anonymous_22)
FNF:20
FNH:0
FNDA:0,createSupabaseClient
FNDA:0,(anonymous_4)
FNDA:0,(anonymous_5)
FNDA:0,(anonymous_6)
FNDA:0,GET
FNDA:0,(anonymous_8)
FNDA:0,(anonymous_9)
FNDA:0,(anonymous_10)
FNDA:0,(anonymous_11)
FNDA:0,(anonymous_12)
FNDA:0,POST
FNDA:0,calculateTimeMatch
FNDA:0,calculateSeasonMatch
FNDA:0,getCurrentSeason
FNDA:0,calculateOverallPersonalizationScore
FNDA:0,(anonymous_18)
FNDA:0,(anonymous_19)
FNDA:0,calculateConfidence
FNDA:0,(anonymous_21)
FNDA:0,(anonymous_22)
DA:1,0
DA:2,0
DA:3,0
DA:4,0
DA:5,0
DA:9,0
DA:15,0
DA:16,0
DA:19,0
DA:20,0
DA:21,0
DA:34,0
DA:35,0
DA:36,0
DA:37,0
DA:38,0
DA:39,0
DA:40,0
DA:42,0
DA:45,0
DA:46,0
DA:47,0
DA:51,0
DA:58,0
DA:59,0
DA:60,0
DA:64,0
DA:67,0
DA:70,0
DA:72,0
DA:79,0
DA:80,0
DA:81,0
DA:86,0
DA:89,0
DA:124,0
DA:127,0
DA:145,0
DA:146,0
DA:147,0
DA:148,0
DA:149,0
DA:150,0
DA:153,0
DA:156,0
DA:159,0
DA:160,0
DA:164,0
DA:165,0
DA:169,0
DA:170,0
DA:175,0
DA:178,0
DA:180,0
DA:181,0
DA:185,0
DA:186,0
DA:187,0
DA:188,0
DA:190,0
DA:193,0
DA:194,0
DA:195,0
DA:199,0
DA:200,0
DA:209,0
DA:219,0
DA:222,0
DA:223,0
DA:231,0
DA:235,0
DA:236,0
DA:239,0
DA:247,0
DA:256,0
DA:257,0
DA:263,0
DA:265,0
DA:266,0
DA:268,0
DA:269,0
DA:270,0
DA:271,0
DA:273,0
DA:277,0
DA:278,0
DA:282,0
DA:283,0
DA:284,0
DA:285,0
DA:286,0
DA:290,0
DA:292,0
DA:293,0
DA:296,0
DA:297,0
DA:298,0
DA:299,0
DA:300,0
DA:302,0
DA:306,0
DA:308,0
DA:309,0
DA:316,0
LF:104
LH:0
BRDA:37,0,0,0
BRDA:37,0,1,0
BRDA:38,1,0,0
BRDA:38,1,1,0
BRDA:46,2,0,0
BRDA:46,3,0,0
BRDA:46,3,1,0
BRDA:59,4,0,0
BRDA:80,5,0,0
BRDA:99,6,0,0
BRDA:99,6,1,0
BRDA:100,7,0,0
BRDA:100,7,1,0
BRDA:101,8,0,0
BRDA:101,8,1,0
BRDA:140,9,0,0
BRDA:140,9,1,0
BRDA:145,10,0,0
BRDA:194,11,0,0
BRDA:194,12,0,0
BRDA:194,12,1,0
BRDA:199,13,0,0
BRDA:213,14,0,0
BRDA:213,14,1,0
BRDA:215,15,0,0
BRDA:215,15,1,0
BRDA:219,16,0,0
BRDA:222,17,0,0
BRDA:226,18,0,0
BRDA:226,18,1,0
BRDA:231,19,0,0
BRDA:263,20,0,0
BRDA:268,21,0,0
BRDA:268,21,1,0
BRDA:268,22,0,0
BRDA:268,22,1,0
BRDA:269,23,0,0
BRDA:269,23,1,0
BRDA:269,24,0,0
BRDA:269,24,1,0
BRDA:270,25,0,0
BRDA:270,25,1,0
BRDA:270,26,0,0
BRDA:270,26,1,0
BRDA:273,27,0,0
BRDA:273,27,1,0
BRDA:278,28,0,0
BRDA:278,28,1,0
BRDA:283,29,0,0
BRDA:283,30,0,0
BRDA:283,30,1,0
BRDA:284,31,0,0
BRDA:284,32,0,0
BRDA:284,32,1,0
BRDA:285,33,0,0
BRDA:285,34,0,0
BRDA:285,34,1,0
BRDA:290,35,0,0
BRDA:297,36,0,0
BRDA:298,37,0,0
BRDA:299,38,0,0
BRDA:300,39,0,0
BRDA:300,40,0,0
BRDA:300,40,1,0
BRDA:300,40,2,0
BRDA:306,41,0,0
BRF:66
BRH:0
end_of_record
TN:
SF:app/api/personalization/insights/route.ts
FN:6,createSupabaseClient
FN:12,(anonymous_5)
FN:16,(anonymous_6)
FN:18,(anonymous_7)
FN:32,GET
FN:56,(anonymous_9)
FN:66,POST
FN:100,PUT
FN:131,generateInsightsFromBehavior
FNF:9
FNH:0
FNDA:0,createSupabaseClient
FNDA:0,(anonymous_5)
FNDA:0,(anonymous_6)
FNDA:0,(anonymous_7)
FNDA:0,GET
FNDA:0,(anonymous_9)
FNDA:0,POST
FNDA:0,PUT
FNDA:0,generateInsightsFromBehavior
DA:1,0
DA:2,0
DA:3,0
DA:7,0
DA:13,0
DA:14,0
DA:17,0
DA:18,0
DA:19,0
DA:32,0
DA:33,0
DA:34,0
DA:35,0
DA:36,0
DA:38,0
DA:41,0
DA:42,0
DA:43,0
DA:47,0
DA:52,0
DA:55,0
DA:56,0
DA:59,0
DA:61,0
DA:62,0
DA:66,0
DA:67,0
DA:68,0
DA:69,0
DA:71,0
DA:74,0
DA:75,0
DA:76,0
DA:80,0
DA:84,0
DA:87,0
DA:89,0
DA:95,0
DA:96,0
DA:100,0
DA:101,0
DA:102,0
DA:105,0
DA:106,0
DA:107,0
DA:111,0
DA:115,0
DA:118,0
DA:120,0
DA:126,0
DA:127,0
DA:132,0
DA:135,0
DA:136,0
DA:137,0
DA:138,0
DA:139,0
DA:141,0
DA:142,0
DA:157,0
DA:158,0
DA:159,0
DA:160,0
DA:161,0
DA:162,0
DA:163,0
DA:165,0
DA:166,0
DA:181,0
DA:182,0
DA:183,0
DA:184,0
DA:197,0
DA:198,0
DA:202,0
DA:205,0
LF:76
LH:0
BRDA:35,0,0,0
BRDA:35,0,1,0
BRDA:42,1,0,0
BRDA:42,2,0,0
BRDA:42,2,1,0
BRDA:52,3,0,0
BRDA:55,4,0,0
BRDA:55,4,1,0
BRDA:75,5,0,0
BRDA:75,6,0,0
BRDA:75,6,1,0
BRDA:84,7,0,0
BRDA:106,8,0,0
BRDA:106,9,0,0
BRDA:106,9,1,0
BRDA:115,10,0,0
BRDA:135,11,0,0
BRDA:135,12,0,0
BRDA:135,12,1,0
BRDA:137,13,0,0
BRDA:141,14,0,0
BRDA:141,15,0,0
BRDA:141,15,1,0
BRDA:157,16,0,0
BRDA:159,17,0,0
BRDA:162,18,0,0
BRDA:162,18,1,0
BRDA:165,19,0,0
BRDA:181,20,0,0
BRDA:181,21,0,0
BRDA:181,21,1,0
BRDA:183,22,0,0
BRDA:183,23,0,0
BRDA:183,23,1,0
BRDA:197,24,0,0
BRDA:202,25,0,0
BRF:36
BRH:0
end_of_record
TN:
SF:app/api/personalization/profile/route.ts
FN:6,createSupabaseClient
FN:12,(anonymous_5)
FN:16,(anonymous_6)
FN:18,(anonymous_7)
FN:32,GET
FN:152,PUT
FN:187,POST
FNF:7
FNH:0
FNDA:0,createSupabaseClient
FNDA:0,(anonymous_5)
FNDA:0,(anonymous_6)
FNDA:0,(anonymous_7)
FNDA:0,GET
FNDA:0,PUT
FNDA:0,POST
DA:1,0
DA:2,0
DA:3,0
DA:7,0
DA:13,0
DA:14,0
DA:17,0
DA:18,0
DA:19,0
DA:32,0
DA:33,0
DA:34,0
DA:37,0
DA:38,0
DA:39,0
DA:43,0
DA:49,0
DA:50,0
DA:54,0
DA:55,0
DA:141,0
DA:142,0
DA:145,0
DA:147,0
DA:148,0
DA:152,0
DA:153,0
DA:154,0
DA:155,0
DA:157,0
DA:160,0
DA:161,0
DA:162,0
DA:166,0
DA:178,0
DA:180,0
DA:182,0
DA:183,0
DA:187,0
DA:188,0
DA:189,0
DA:190,0
DA:192,0
DA:195,0
DA:196,0
DA:197,0
DA:201,0
DA:223,0
DA:225,0
DA:227,0
DA:228,0
LF:51
LH:0
BRDA:38,0,0,0
BRDA:38,1,0,0
BRDA:38,1,1,0
BRDA:49,2,0,0
BRDA:49,3,0,0
BRDA:49,3,1,0
BRDA:54,4,0,0
BRDA:141,5,0,0
BRDA:161,6,0,0
BRDA:161,7,0,0
BRDA:161,7,1,0
BRDA:178,8,0,0
BRDA:196,9,0,0
BRDA:196,10,0,0
BRDA:196,10,1,0
BRDA:210,11,0,0
BRDA:210,11,1,0
BRDA:211,12,0,0
BRDA:211,12,1,0
BRDA:212,13,0,0
BRDA:212,13,1,0
BRDA:223,14,0,0
BRF:22
BRH:0
end_of_record
TN:
SF:app/api/personalization/recommendations/route.ts
FN:6,createSupabaseClient
FN:12,(anonymous_4)
FN:16,(anonymous_5)
FN:18,(anonymous_6)
FN:32,GET
FN:235,POST
FN:280,getCurrentSeason
FNF:7
FNH:0
FNDA:0,createSupabaseClient
FNDA:0,(anonymous_4)
FNDA:0,(anonymous_5)
FNDA:0,(anonymous_6)
FNDA:0,GET
FNDA:0,POST
FNDA:0,getCurrentSeason
DA:1,0
DA:2,0
DA:3,0
DA:7,0
DA:13,0
DA:14,0
DA:17,0
DA:18,0
DA:19,0
DA:32,0
DA:33,0
DA:34,0
DA:35,0
DA:36,0
DA:40,0
DA:43,0
DA:45,0
DA:132,0
DA:139,0
DA:226,0
DA:228,0
DA:230,0
DA:231,0
DA:235,0
DA:236,0
DA:237,0
DA:238,0
DA:240,0
DA:243,0
DA:244,0
DA:245,0
DA:249,0
DA:258,0
DA:261,0
DA:262,0
DA:270,0
DA:273,0
DA:275,0
DA:276,0
DA:281,0
DA:282,0
DA:283,0
DA:284,0
DA:285,0
LF:44
LH:0
BRDA:35,0,0,0
BRDA:35,0,1,0
BRDA:36,1,0,0
BRDA:36,1,1,0
BRDA:43,2,0,0
BRDA:162,3,0,0
BRDA:162,3,1,0
BRDA:164,4,0,0
BRDA:164,4,1,0
BRDA:165,5,0,0
BRDA:165,5,1,0
BRDA:190,6,0,0
BRDA:190,6,1,0
BRDA:192,7,0,0
BRDA:192,7,1,0
BRDA:193,8,0,0
BRDA:193,8,1,0
BRDA:218,9,0,0
BRDA:218,9,1,0
BRDA:220,10,0,0
BRDA:220,10,1,0
BRDA:221,11,0,0
BRDA:221,11,1,0
BRDA:244,12,0,0
BRDA:244,13,0,0
BRDA:244,13,1,0
BRDA:253,14,0,0
BRDA:253,14,1,0
BRDA:258,15,0,0
BRDA:261,16,0,0
BRDA:265,17,0,0
BRDA:265,17,1,0
BRDA:270,18,0,0
BRDA:282,19,0,0
BRDA:282,20,0,0
BRDA:282,20,1,0
BRDA:283,21,0,0
BRDA:283,22,0,0
BRDA:283,22,1,0
BRDA:284,23,0,0
BRDA:284,24,0,0
BRDA:284,24,1,0
BRF:42
BRH:0
end_of_record
TN:
SF:app/api/recommendations/route.ts
FN:7,createSupabaseClient
FN:13,(anonymous_4)
FN:17,(anonymous_5)
FN:19,(anonymous_6)
FN:33,GET
FN:55,(anonymous_8)
FN:77,(anonymous_9)
FN:78,(anonymous_10)
FN:94,(anonymous_11)
FN:117,POST
FN:159,(anonymous_13)
FNF:11
FNH:0
FNDA:0,createSupabaseClient
FNDA:0,(anonymous_4)
FNDA:0,(anonymous_5)
FNDA:0,(anonymous_6)
FNDA:0,GET
FNDA:0,(anonymous_8)
FNDA:0,(anonymous_9)
FNDA:0,(anonymous_10)
FNDA:0,(anonymous_11)
FNDA:0,POST
FNDA:0,(anonymous_13)
DA:1,0
DA:2,0
DA:3,0
DA:4,0
DA:8,0
DA:14,0
DA:15,0
DA:18,0
DA:19,0
DA:20,0
DA:33,0
DA:34,0
DA:35,0
DA:38,0
DA:39,0
DA:40,0
DA:44,0
DA:45,0
DA:46,0
DA:49,0
DA:54,0
DA:55,0
DA:56,0
DA:71,0
DA:72,0
DA:73,0
DA:77,0
DA:78,0
DA:79,0
DA:94,0
DA:96,0
DA:104,0
DA:112,0
DA:113,0
DA:117,0
DA:118,0
DA:119,0
DA:122,0
DA:123,0
DA:124,0
DA:127,0
DA:128,0
DA:131,0
DA:132,0
DA:138,0
DA:139,0
DA:140,0
DA:146,0
DA:154,0
DA:157,0
DA:159,0
DA:160,0
DA:161,0
DA:163,0
DA:168,0
DA:175,0
DA:176,0
LF:57
LH:0
BRDA:39,0,0,0
BRDA:39,1,0,0
BRDA:39,1,1,0
BRDA:45,2,0,0
BRDA:45,2,1,0
BRDA:46,3,0,0
BRDA:46,3,1,0
BRDA:54,4,0,0
BRDA:71,5,0,0
BRDA:81,6,0,0
BRDA:81,6,1,0
BRDA:123,7,0,0
BRDA:123,8,0,0
BRDA:123,8,1,0
BRDA:131,9,0,0
BRDA:131,10,0,0
BRDA:131,10,1,0
BRDA:131,10,2,0
BRDA:139,11,0,0
BRDA:157,12,0,0
BRF:20
BRH:0
end_of_record
TN:
SF:app/api/referrals/route.ts
FN:6,createSupabaseClient
FN:12,(anonymous_5)
FN:16,(anonymous_6)
FN:18,(anonymous_7)
FN:32,GET
FN:73,(anonymous_9)
FN:74,(anonymous_10)
FN:90,POST
FN:248,PUT
FNF:9
FNH:0
FNDA:0,createSupabaseClient
FNDA:0,(anonymous_5)
FNDA:0,(anonymous_6)
FNDA:0,(anonymous_7)
FNDA:0,GET
FNDA:0,(anonymous_9)
FNDA:0,(anonymous_10)
FNDA:0,POST
FNDA:0,PUT
DA:1,0
DA:2,0
DA:3,0
DA:7,0
DA:13,0
DA:14,0
DA:17,0
DA:18,0
DA:19,0
DA:32,0
DA:33,0
DA:34,0
DA:37,0
DA:39,0
DA:40,0
DA:47,0
DA:65,0
DA:66,0
DA:73,0
DA:74,0
DA:76,0
DA:82,0
DA:83,0
DA:90,0
DA:91,0
DA:92,0
DA:95,0
DA:97,0
DA:98,0
DA:104,0
DA:106,0
DA:107,0
DA:114,0
DA:115,0
DA:122,0
DA:124,0
DA:130,0
DA:131,0
DA:138,0
DA:144,0
DA:145,0
DA:152,0
DA:162,0
DA:163,0
DA:170,0
DA:191,0
DA:199,0
DA:206,0
DA:207,0
DA:215,0
DA:225,0
DA:226,0
DA:232,0
DA:240,0
DA:241,0
DA:248,0
DA:249,0
DA:250,0
DA:253,0
DA:255,0
DA:256,0
DA:262,0
DA:264,0
DA:265,0
DA:272,0
DA:282,0
DA:283,0
DA:289,0
DA:296,0
DA:297,0
LF:70
LH:0
BRDA:39,0,0,0
BRDA:39,1,0,0
BRDA:39,1,1,0
BRDA:65,2,0,0
BRDA:73,3,0,0
BRDA:73,3,1,0
BRDA:74,4,0,0
BRDA:74,4,1,0
BRDA:97,5,0,0
BRDA:97,6,0,0
BRDA:97,6,1,0
BRDA:106,7,0,0
BRDA:114,8,0,0
BRDA:122,9,0,0
BRDA:122,9,1,0
BRDA:130,10,0,0
BRDA:144,11,0,0
BRDA:162,12,0,0
BRDA:206,13,0,0
BRDA:225,14,0,0
BRDA:255,15,0,0
BRDA:255,16,0,0
BRDA:255,16,1,0
BRDA:264,17,0,0
BRDA:264,18,0,0
BRDA:264,18,1,0
BRDA:276,19,0,0
BRDA:276,19,1,0
BRDA:282,20,0,0
BRF:29
BRH:0
end_of_record
TN:
SF:app/api/reviews/route.ts
FN:6,createSupabaseClient
FN:12,(anonymous_6)
FN:16,(anonymous_7)
FN:18,(anonymous_8)
FN:32,GET
FN:100,POST
FN:179,PUT
FN:242,DELETE
FNF:8
FNH:0
FNDA:0,createSupabaseClient
FNDA:0,(anonymous_6)
FNDA:0,(anonymous_7)
FNDA:0,(anonymous_8)
FNDA:0,GET
FNDA:0,POST
FNDA:0,PUT
FNDA:0,DELETE
DA:1,0
DA:2,0
DA:3,0
DA:7,0
DA:13,0
DA:14,0
DA:17,0
DA:18,0
DA:19,0
DA:32,0
DA:33,0
DA:34,0
DA:35,0
DA:37,0
DA:38,0
DA:45,0
DA:87,0
DA:92,0
DA:93,0
DA:100,0
DA:101,0
DA:102,0
DA:105,0
DA:107,0
DA:108,0
DA:114,0
DA:117,0
DA:118,0
DA:124,0
DA:125,0
DA:132,0
DA:139,0
DA:140,0
DA:147,0
DA:157,0
DA:158,0
DA:164,0
DA:171,0
DA:172,0
DA:179,0
DA:180,0
DA:181,0
DA:184,0
DA:186,0
DA:187,0
DA:193,0
DA:195,0
DA:196,0
DA:202,0
DA:203,0
DA:210,0
DA:220,0
DA:221,0
DA:227,0
DA:234,0
DA:235,0
DA:242,0
DA:243,0
DA:244,0
DA:247,0
DA:249,0
DA:250,0
DA:256,0
DA:257,0
DA:259,0
DA:260,0
DA:267,0
DA:273,0
DA:274,0
DA:280,0
DA:286,0
DA:287,0
LF:72
LH:0
BRDA:37,0,0,0
BRDA:107,1,0,0
BRDA:107,2,0,0
BRDA:107,2,1,0
BRDA:117,3,0,0
BRDA:117,4,0,0
BRDA:117,4,1,0
BRDA:124,5,0,0
BRDA:124,6,0,0
BRDA:124,6,1,0
BRDA:139,7,0,0
BRDA:153,8,0,0
BRDA:153,8,1,0
BRDA:157,9,0,0
BRDA:186,10,0,0
BRDA:186,11,0,0
BRDA:186,11,1,0
BRDA:195,12,0,0
BRDA:202,13,0,0
BRDA:202,14,0,0
BRDA:202,14,1,0
BRDA:202,14,2,0
BRDA:213,15,0,0
BRDA:213,15,1,0
BRDA:214,16,0,0
BRDA:214,16,1,0
BRDA:220,17,0,0
BRDA:249,18,0,0
BRDA:249,19,0,0
BRDA:249,19,1,0
BRDA:259,20,0,0
BRDA:273,21,0,0
BRF:32
BRH:0
end_of_record
TN:
SF:app/api/rewards/route.ts
FN:3,GET
FNF:1
FNH:0
FNDA:0,GET
DA:1,0
DA:3,0
DA:4,0
DA:8,0
DA:89,0
DA:92,0
DA:93,0
LF:7
LH:0
BRF:0
BRH:0
end_of_record
TN:
SF:app/api/rewards/claim/route.ts
FN:3,POST
FNF:1
FNH:0
FNDA:0,POST
DA:1,0
DA:3,0
DA:4,0
DA:5,0
DA:7,0
DA:8,0
DA:19,0
DA:21,0
DA:28,0
DA:29,0
LF:10
LH:0
BRDA:7,0,0,0
BRF:1
BRH:0
end_of_record
TN:
SF:app/api/rewards/leaderboard/route.ts
FN:3,GET
FNF:1
FNH:0
FNDA:0,GET
DA:1,0
DA:3,0
DA:4,0
DA:8,0
DA:21,0
DA:24,0
DA:25,0
LF:7
LH:0
BRF:0
BRH:0
end_of_record
TN:
SF:app/api/rewards/stats/route.ts
FN:3,GET
FNF:1
FNH:0
FNDA:0,GET
DA:1,0
DA:3,0
DA:4,0
DA:8,0
DA:19,0
DA:22,0
DA:23,0
LF:7
LH:0
BRF:0
BRH:0
end_of_record
TN:
SF:app/api/share/signed-link/route.ts
FN:12,createSupabaseClient
FN:18,(anonymous_4)
FN:22,(anonymous_5)
FN:24,(anonymous_6)
FN:38,POST
FN:105,GET
FNF:6
FNH:0
FNDA:0,createSupabaseClient
FNDA:0,(anonymous_4)
FNDA:0,(anonymous_5)
FNDA:0,(anonymous_6)
FNDA:0,POST
FNDA:0,GET
DA:1,0
DA:2,0
DA:3,0
DA:4,0
DA:5,0
DA:6,0
DA:7,0
DA:8,0
DA:9,0
DA:13,0
DA:19,0
DA:20,0
DA:23,0
DA:24,0
DA:25,0
DA:38,0
DA:39,0
DA:40,0
DA:43,0
DA:45,0
DA:46,0
DA:49,0
DA:51,0
DA:52,0
DA:59,0
DA:60,0
DA:63,0
DA:70,0
DA:71,0
DA:76,0
DA:83,0
DA:90,0
DA:91,0
DA:97,0
DA:98,0
DA:105,0
DA:106,0
DA:107,0
DA:110,0
DA:112,0
DA:113,0
DA:114,0
DA:115,0
DA:117,0
DA:118,0
DA:122,0
DA:129,0
DA:131,0
DA:138,0
DA:139,0
DA:145,0
DA:146,0
LF:52
LH:0
BRDA:39,0,0,0
BRDA:51,1,0,0
BRDA:70,2,0,0
BRDA:70,2,1,0
BRDA:73,3,0,0
BRDA:73,3,1,0
BRDA:78,4,0,0
BRDA:78,4,1,0
BRDA:90,5,0,0
BRDA:106,6,0,0
BRDA:117,7,0,0
BRDA:117,8,0,0
BRDA:117,8,1,0
BRDA:125,9,0,0
BRDA:125,9,1,0
BRDA:138,10,0,0
BRF:16
BRH:0
end_of_record
TN:
SF:app/api/signup/route.ts
FN:17,POST
FNF:1
FNH:0
FNDA:0,POST
DA:1,0
DA:2,0
DA:3,0
DA:4,0
DA:7,0
DA:17,0
DA:18,0
DA:20,0
DA:21,0
DA:22,0
DA:29,0
DA:30,0
DA:33,0
DA:40,0
DA:41,0
DA:42,0
DA:46,0
DA:58,0
DA:69,0
DA:70,0
DA:71,0
DA:77,0
DA:78,0
DA:86,0
DA:97,0
DA:98,0
DA:104,0
DA:105,0
LF:28
LH:0
BRDA:21,0,0,0
BRDA:35,1,0,0
BRDA:35,1,1,0
BRDA:36,2,0,0
BRDA:36,2,1,0
BRDA:41,3,0,0
BRDA:41,4,0,0
BRDA:41,4,1,0
BRDA:48,5,0,0
BRDA:48,5,1,0
BRDA:69,6,0,0
BRDA:77,7,0,0
BRDA:97,8,0,0
BRDA:106,9,0,0
BRDA:106,9,1,0
BRF:15
BRH:0
end_of_record
TN:
SF:app/api/social/challenges/route.ts
FN:6,createSupabaseClient
FN:12,(anonymous_4)
FN:16,(anonymous_5)
FN:18,(anonymous_6)
FN:32,GET
FN:156,POST
FNF:6
FNH:0
FNDA:0,createSupabaseClient
FNDA:0,(anonymous_4)
FNDA:0,(anonymous_5)
FNDA:0,(anonymous_6)
FNDA:0,GET
FNDA:0,POST
DA:1,0
DA:2,0
DA:3,0
DA:7,0
DA:13,0
DA:14,0
DA:17,0
DA:18,0
DA:19,0
DA:32,0
DA:33,0
DA:34,0
DA:35,0
DA:36,0
DA:38,0
DA:40,0
DA:41,0
DA:42,0
DA:50,0
DA:52,0
DA:53,0
DA:68,0
DA:71,0
DA:72,0
DA:89,0
DA:90,0
DA:96,0
DA:98,0
DA:99,0
DA:123,0
DA:126,0
DA:127,0
DA:151,0
DA:152,0
DA:156,0
DA:157,0
DA:158,0
DA:159,0
DA:161,0
DA:164,0
DA:165,0
DA:166,0
DA:170,0
DA:176,0
DA:177,0
DA:181,0
DA:195,0
DA:197,0
DA:199,0
DA:200,0
LF:50
LH:0
BRDA:36,0,0,0
BRDA:36,0,1,0
BRDA:40,1,0,0
BRDA:50,2,0,0
BRDA:96,3,0,0
BRDA:165,4,0,0
BRDA:165,5,0,0
BRDA:165,5,1,0
BRDA:176,6,0,0
BRDA:195,7,0,0
BRF:10
BRH:0
end_of_record
TN:
SF:app/api/social/interactions/route.ts
FN:6,createSupabaseClient
FN:12,(anonymous_2)
FN:16,(anonymous_3)
FN:18,(anonymous_4)
FN:32,POST
FNF:5
FNH:0
FNDA:0,createSupabaseClient
FNDA:0,(anonymous_2)
FNDA:0,(anonymous_3)
FNDA:0,(anonymous_4)
FNDA:0,POST
DA:1,0
DA:2,0
DA:3,0
DA:7,0
DA:13,0
DA:14,0
DA:17,0
DA:18,0
DA:19,0
DA:32,0
DA:33,0
DA:34,0
DA:35,0
DA:37,0
DA:40,0
DA:41,0
DA:42,0
DA:46,0
DA:55,0
DA:56,0
DA:60,0
DA:62,0
DA:64,0
DA:65,0
DA:67,0
DA:68,0
DA:70,0
DA:71,0
DA:73,0
DA:76,0
DA:77,0
DA:85,0
DA:89,0
DA:90,0
DA:92,0
DA:94,0
DA:95,0
DA:96,0
DA:98,0
DA:99,0
DA:100,0
DA:102,0
DA:103,0
DA:104,0
DA:107,0
DA:108,0
DA:121,0
DA:127,0
DA:128,0
DA:129,0
DA:131,0
DA:133,0
DA:134,0
DA:135,0
DA:137,0
DA:138,0
DA:139,0
DA:141,0
DA:142,0
DA:143,0
DA:146,0
DA:147,0
DA:160,0
DA:162,0
DA:163,0
LF:65
LH:0
BRDA:41,0,0,0
BRDA:41,1,0,0
BRDA:41,1,1,0
BRDA:55,2,0,0
BRDA:55,3,0,0
BRDA:55,3,1,0
BRDA:62,4,0,0
BRDA:62,4,1,0
BRDA:62,4,2,0
BRDA:62,4,3,0
BRDA:76,5,0,0
BRDA:92,6,0,0
BRDA:92,6,1,0
BRDA:92,6,2,0
BRDA:107,7,0,0
BRDA:127,8,0,0
BRDA:127,9,0,0
BRDA:127,9,1,0
BRDA:131,10,0,0
BRDA:131,10,1,0
BRDA:131,10,2,0
BRDA:146,11,0,0
BRDA:151,12,0,0
BRDA:151,12,1,0
BRF:24
BRH:0
end_of_record
TN:
SF:app/api/social/posts/route.ts
FN:6,createSupabaseClient
FN:12,(anonymous_4)
FN:16,(anonymous_5)
FN:18,(anonymous_6)
FN:32,GET
FN:260,POST
FNF:6
FNH:0
FNDA:0,createSupabaseClient
FNDA:0,(anonymous_4)
FNDA:0,(anonymous_5)
FNDA:0,(anonymous_6)
FNDA:0,GET
FNDA:0,POST
DA:1,0
DA:2,0
DA:3,0
DA:7,0
DA:13,0
DA:14,0
DA:17,0
DA:18,0
DA:19,0
DA:32,0
DA:33,0
DA:34,0
DA:35,0
DA:36,0
DA:37,0
DA:39,0
DA:41,0
DA:42,0
DA:43,0
DA:45,0
DA:47,0
DA:48,0
DA:72,0
DA:75,0
DA:76,0
DA:101,0
DA:102,0
DA:103,0
DA:108,0
DA:110,0
DA:111,0
DA:126,0
DA:129,0
DA:130,0
DA:146,0
DA:147,0
DA:148,0
DA:158,0
DA:160,0
DA:161,0
DA:176,0
DA:179,0
DA:180,0
DA:197,0
DA:198,0
DA:200,0
DA:202,0
DA:203,0
DA:227,0
DA:230,0
DA:231,0
DA:255,0
DA:256,0
DA:260,0
DA:261,0
DA:262,0
DA:263,0
DA:265,0
DA:268,0
DA:269,0
DA:270,0
DA:274,0
DA:288,0
DA:291,0
DA:302,0
DA:304,0
DA:305,0
LF:67
LH:0
BRDA:37,0,0,0
BRDA:37,0,1,0
BRDA:41,1,0,0
BRDA:45,2,0,0
BRDA:101,3,0,0
BRDA:101,4,0,0
BRDA:101,4,1,0
BRDA:108,5,0,0
BRDA:146,6,0,0
BRDA:146,7,0,0
BRDA:146,7,1,0
BRDA:158,8,0,0
BRDA:200,9,0,0
BRDA:269,10,0,0
BRDA:269,11,0,0
BRDA:269,11,1,0
BRDA:280,12,0,0
BRDA:280,12,1,0
BRDA:281,13,0,0
BRDA:281,13,1,0
BRDA:282,14,0,0
BRDA:282,14,1,0
BRDA:288,15,0,0
BRF:23
BRH:0
end_of_record
TN:
SF:app/api/stores/route.ts
FN:4,GET
FNF:1
FNH:0
FNDA:0,GET
DA:1,0
DA:2,0
DA:4,0
DA:5,0
DA:6,0
DA:7,0
DA:8,0
DA:10,0
DA:12,0
DA:17,0
DA:18,0
DA:21,0
DA:22,0
DA:25,0
DA:27,0
DA:28,0
DA:30,0
DA:81,0
DA:84,0
DA:85,0
LF:20
LH:0
BRDA:17,0,0,0
BRDA:21,1,0,0
BRDA:27,2,0,0
BRDA:81,3,0,0
BRDA:81,3,1,0
BRF:5
BRH:0
end_of_record
TN:
SF:app/api/stylist/appointments/route.ts
FN:3,GET
FNF:1
FNH:0
FNDA:0,GET
DA:1,0
DA:3,0
DA:4,0
DA:8,0
DA:66,0
DA:69,0
DA:70,0
LF:7
LH:0
BRF:0
BRH:0
end_of_record
TN:
SF:app/api/stylist/challenges/route.ts
FN:3,GET
FNF:1
FNH:0
FNDA:0,GET
DA:1,0
DA:3,0
DA:4,0
DA:8,0
DA:44,0
DA:47,0
DA:48,0
LF:7
LH:0
BRF:0
BRH:0
end_of_record
TN:
SF:app/api/stylist/clients/route.ts
FN:3,GET
FNF:1
FNH:0
FNDA:0,GET
DA:1,0
DA:3,0
DA:4,0
DA:8,0
DA:61,0
DA:64,0
DA:65,0
LF:7
LH:0
BRF:0
BRH:0
end_of_record
TN:
SF:app/api/stylist/stats/route.ts
FN:3,GET
FNF:1
FNH:0
FNDA:0,GET
DA:1,0
DA:3,0
DA:4,0
DA:8,0
DA:19,0
DA:22,0
DA:23,0
LF:7
LH:0
BRF:0
BRH:0
end_of_record
TN:
SF:app/api/user-measurements/route.ts
FN:6,createSupabaseClient
FN:12,(anonymous_5)
FN:16,(anonymous_6)
FN:18,(anonymous_7)
FN:32,GET
FN:73,POST
FN:135,PUT
FNF:7
FNH:0
FNDA:0,createSupabaseClient
FNDA:0,(anonymous_5)
FNDA:0,(anonymous_6)
FNDA:0,(anonymous_7)
FNDA:0,GET
FNDA:0,POST
FNDA:0,PUT
DA:1,0
DA:2,0
DA:3,0
DA:7,0
DA:13,0
DA:14,0
DA:17,0
DA:18,0
DA:19,0
DA:32,0
DA:33,0
DA:34,0
DA:37,0
DA:39,0
DA:40,0
DA:47,0
DA:53,0
DA:54,0
DA:60,0
DA:65,0
DA:66,0
DA:73,0
DA:74,0
DA:75,0
DA:78,0
DA:80,0
DA:81,0
DA:87,0
DA:90,0
DA:91,0
DA:98,0
DA:114,0
DA:115,0
DA:121,0
DA:127,0
DA:128,0
DA:135,0
DA:136,0
DA:137,0
DA:140,0
DA:142,0
DA:143,0
DA:149,0
DA:152,0
DA:168,0
DA:169,0
DA:175,0
DA:181,0
DA:182,0
LF:49
LH:0
BRDA:39,0,0,0
BRDA:39,1,0,0
BRDA:39,1,1,0
BRDA:53,2,0,0
BRDA:53,3,0,0
BRDA:53,3,1,0
BRDA:61,4,0,0
BRDA:61,4,1,0
BRDA:80,5,0,0
BRDA:80,6,0,0
BRDA:80,6,1,0
BRDA:90,7,0,0
BRDA:90,8,0,0
BRDA:90,8,1,0
BRDA:104,9,0,0
BRDA:104,9,1,0
BRDA:105,10,0,0
BRDA:105,10,1,0
BRDA:106,11,0,0
BRDA:106,11,1,0
BRDA:107,12,0,0
BRDA:107,12,1,0
BRDA:108,13,0,0
BRDA:108,13,1,0
BRDA:109,14,0,0
BRDA:109,14,1,0
BRDA:114,15,0,0
BRDA:123,16,0,0
BRDA:123,16,1,0
BRDA:142,17,0,0
BRDA:142,18,0,0
BRDA:142,18,1,0
BRDA:168,19,0,0
BRDA:177,20,0,0
BRDA:177,20,1,0
BRF:35
BRH:0
end_of_record
TN:
SF:app/api/user-rewards/route.ts
FN:6,createSupabaseClient
FN:12,(anonymous_4)
FN:16,(anonymous_5)
FN:18,(anonymous_6)
FN:32,GET
FN:73,POST
FNF:6
FNH:0
FNDA:0,createSupabaseClient
FNDA:0,(anonymous_4)
FNDA:0,(anonymous_5)
FNDA:0,(anonymous_6)
FNDA:0,GET
FNDA:0,POST
DA:1,0
DA:2,0
DA:3,0
DA:7,0
DA:13,0
DA:14,0
DA:17,0
DA:18,0
DA:19,0
DA:32,0
DA:33,0
DA:34,0
DA:37,0
DA:39,0
DA:40,0
DA:47,0
DA:53,0
DA:54,0
DA:60,0
DA:65,0
DA:66,0
DA:73,0
DA:74,0
DA:75,0
DA:78,0
DA:80,0
DA:81,0
DA:87,0
DA:89,0
DA:90,0
DA:97,0
DA:103,0
DA:104,0
DA:105,0
DA:107,0
DA:109,0
DA:110,0
DA:111,0
DA:112,0
DA:114,0
DA:116,0
DA:117,0
DA:118,0
DA:123,0
DA:124,0
DA:125,0
DA:127,0
DA:133,0
DA:140,0
DA:141,0
DA:142,0
DA:143,0
DA:144,0
DA:147,0
DA:160,0
DA:161,0
DA:168,0
DA:183,0
DA:190,0
DA:191,0
LF:60
LH:0
BRDA:39,0,0,0
BRDA:39,1,0,0
BRDA:39,1,1,0
BRDA:53,2,0,0
BRDA:53,3,0,0
BRDA:53,3,1,0
BRDA:61,4,0,0
BRDA:61,4,1,0
BRDA:80,5,0,0
BRDA:80,6,0,0
BRDA:80,6,1,0
BRDA:89,7,0,0
BRDA:89,8,0,0
BRDA:89,8,1,0
BRDA:107,9,0,0
BRDA:107,9,1,0
BRDA:109,10,0,0
BRDA:114,11,0,0
BRDA:114,11,1,0
BRDA:116,12,0,0
BRDA:116,12,1,0
BRDA:117,13,0,0
BRDA:141,14,0,0
BRDA:141,14,1,0
BRDA:142,15,0,0
BRDA:142,15,1,0
BRDA:143,16,0,0
BRDA:143,16,1,0
BRDA:144,17,0,0
BRDA:160,18,0,0
BRDA:172,19,0,0
BRDA:172,19,1,0
BRDA:176,20,0,0
BRDA:176,20,1,0
BRDA:177,21,0,0
BRDA:177,21,1,0
BRDA:185,22,0,0
BRDA:185,22,1,0
BRDA:186,23,0,0
BRDA:186,23,1,0
BRF:40
BRH:0
end_of_record
TN:
SF:app/api/user-style-profiles/route.ts
FN:5,createSupabaseClient
FN:11,(anonymous_5)
FN:15,(anonymous_6)
FN:17,(anonymous_7)
FN:31,GET
FN:72,POST
FN:123,PUT
FNF:7
FNH:0
FNDA:0,createSupabaseClient
FNDA:0,(anonymous_5)
FNDA:0,(anonymous_6)
FNDA:0,(anonymous_7)
FNDA:0,GET
FNDA:0,POST
FNDA:0,PUT
DA:1,0
DA:2,0
DA:3,0
DA:6,0
DA:12,0
DA:13,0
DA:16,0
DA:17,0
DA:18,0
DA:31,0
DA:32,0
DA:33,0
DA:36,0
DA:38,0
DA:39,0
DA:46,0
DA:52,0
DA:53,0
DA:59,0
DA:64,0
DA:65,0
DA:72,0
DA:73,0
DA:74,0
DA:77,0
DA:79,0
DA:80,0
DA:86,0
DA:89,0
DA:102,0
DA:103,0
DA:109,0
DA:115,0
DA:116,0
DA:123,0
DA:124,0
DA:125,0
DA:128,0
DA:130,0
DA:131,0
DA:137,0
DA:140,0
DA:153,0
DA:154,0
DA:160,0
DA:166,0
DA:167,0
LF:47
LH:0
BRDA:38,0,0,0
BRDA:38,1,0,0
BRDA:38,1,1,0
BRDA:52,2,0,0
BRDA:52,3,0,0
BRDA:52,3,1,0
BRDA:60,4,0,0
BRDA:60,4,1,0
BRDA:79,5,0,0
BRDA:79,6,0,0
BRDA:79,6,1,0
BRDA:93,7,0,0
BRDA:93,7,1,0
BRDA:94,8,0,0
BRDA:94,8,1,0
BRDA:95,9,0,0
BRDA:95,9,1,0
BRDA:96,10,0,0
BRDA:96,10,1,0
BRDA:97,11,0,0
BRDA:97,11,1,0
BRDA:102,12,0,0
BRDA:111,13,0,0
BRDA:111,13,1,0
BRDA:130,14,0,0
BRDA:130,15,0,0
BRDA:130,15,1,0
BRDA:153,16,0,0
BRDA:162,17,0,0
BRDA:162,17,1,0
BRF:30
BRH:0
end_of_record
TN:
SF:app/api/wishlist/route.ts
FN:6,createSupabaseClient
FN:12,(anonymous_5)
FN:16,(anonymous_6)
FN:18,(anonymous_7)
FN:32,GET
FN:85,POST
FN:154,DELETE
FNF:7
FNH:0
FNDA:0,createSupabaseClient
FNDA:0,(anonymous_5)
FNDA:0,(anonymous_6)
FNDA:0,(anonymous_7)
FNDA:0,GET
FNDA:0,POST
FNDA:0,DELETE
DA:1,0
DA:2,0
DA:3,0
DA:7,0
DA:13,0
DA:14,0
DA:17,0
DA:18,0
DA:19,0
DA:32,0
DA:33,0
DA:34,0
DA:37,0
DA:39,0
DA:40,0
DA:47,0
DA:65,0
DA:66,0
DA:72,0
DA:77,0
DA:78,0
DA:85,0
DA:86,0
[...]
BRDA:375,9,0,0
BRDA:375,9,1,0
BRDA:376,10,0,0
BRDA:376,10,1,0
BRDA:406,11,0,0
BRDA:406,11,1,0
BRDA:406,11,2,0
BRDA:406,11,3,0
BRDA:406,11,4,0
BRDA:423,12,0,0
BRDA:423,12,1,0
BRDA:436,13,0,0
BRDA:448,14,0,0
BRDA:448,14,1,0
BRDA:450,15,0,0
BRDA:468,16,0,0
BRDA:468,16,1,0
BRDA:474,17,0,0
BRDA:492,18,0,0
BRDA:498,19,0,0
BRDA:507,20,0,0
BRDA:528,21,0,0
BRDA:531,22,0,0
BRF:33
BRH:0
end_of_record
TN:
SF:lib/monitoring/performance.ts
FN:46,(anonymous_7)
FN:78,(anonymous_8)
FN:79,(anonymous_9)
FN:80,(anonymous_10)
FN:83,(anonymous_11)
FN:91,(anonymous_12)
FN:95,(anonymous_13)
FN:114,(anonymous_14)
FN:126,(anonymous_15)
FN:137,(anonymous_16)
FN:152,withPerformanceTracking
FN:156,(anonymous_18)
FN:195,(anonymous_19)
FN:243,(anonymous_20)
FN:245,(anonymous_21)
FN:246,(anonymous_22)
FN:247,(anonymous_23)
FN:248,(anonymous_24)
FN:249,(anonymous_25)
FN:300,(anonymous_26)
FN:324,(anonymous_27)
FN:371,setupPerformanceMonitoring
FN:374,(anonymous_29)
FN:397,(anonymous_30)
FN:402,(anonymous_31)
FN:438,(anonymous_32)
FNF:26
FNH:0
FNDA:0,(anonymous_7)
FNDA:0,(anonymous_8)
FNDA:0,(anonymous_9)
FNDA:0,(anonymous_10)
FNDA:0,(anonymous_11)
FNDA:0,(anonymous_12)
FNDA:0,(anonymous_13)
FNDA:0,(anonymous_14)
FNDA:0,(anonymous_15)
FNDA:0,(anonymous_16)
FNDA:0,withPerformanceTracking
FNDA:0,(anonymous_18)
FNDA:0,(anonymous_19)
FNDA:0,(anonymous_20)
FNDA:0,(anonymous_21)
FNDA:0,(anonymous_22)
FNDA:0,(anonymous_23)
FNDA:0,(anonymous_24)
FNDA:0,(anonymous_25)
FNDA:0,(anonymous_26)
FNDA:0,(anonymous_27)
FNDA:0,setupPerformanceMonitoring
FNDA:0,(anonymous_29)
FNDA:0,(anonymous_30)
FNDA:0,(anonymous_31)
FNDA:0,(anonymous_32)
DA:4,0
DA:5,0
DA:7,0
DA:40,0
DA:41,0
DA:53,0
DA:62,0
DA:65,0
DA:66,0
DA:70,0
DA:71,0
DA:79,0
DA:80,0
DA:82,0
DA:83,0
DA:86,0
DA:90,0
DA:91,0
DA:94,0
DA:95,0
DA:98,0
DA:100,0
DA:115,0
DA:116,0
DA:118,0
DA:119,0
DA:122,0
DA:123,0
DA:126,0
DA:127,0
DA:128,0
DA:131,0
DA:138,0
DA:143,0
DA:152,0
DA:156,0
DA:157,0
DA:159,0
DA:160,0
DA:161,0
DA:163,0
DA:171,0
DA:173,0
DA:175,0
DA:182,0
DA:191,0
DA:196,0
DA:198,0
DA:200,0
DA:205,0
DA:208,0
DA:211,0
DA:213,0
DA:215,0
DA:226,0
DA:228,0
DA:244,0
DA:245,0
DA:246,0
DA:247,0
DA:248,0
DA:249,0
DA:252,0
DA:254,0
DA:255,0
DA:257,0
DA:258,0
DA:259,0
DA:261,0
DA:268,0
DA:276,0
DA:278,0
DA:285,0
DA:294,0
DA:301,0
DA:307,0
DA:325,0
DA:327,0
DA:328,0
DA:329,0
DA:331,0
DA:339,0
DA:346,0
DA:348,0
DA:355,0
DA:371,0
DA:373,0
DA:374,0
DA:375,0
DA:376,0
DA:377,0
DA:379,0
DA:380,0
DA:383,0
DA:393,0
DA:398,0
DA:399,0
DA:402,0
DA:403,0
DA:404,0
DA:413,0
DA:414,0
DA:423,0
DA:424,0
DA:432,0
DA:441,0
DA:453,0
LF:107
LH:0
BRDA:65,0,0,0
BRDA:70,1,0,0
BRDA:71,2,0,0
BRDA:71,2,1,0
BRDA:82,3,0,0
BRDA:82,3,1,0
BRDA:86,4,0,0
BRDA:86,4,1,0
BRDA:118,5,0,0
BRDA:122,6,0,0
BRDA:127,7,0,0
BRDA:168,8,0,0
BRDA:168,8,1,0
BRDA:179,9,0,0
BRDA:179,9,1,0
BRDA:205,10,0,0
BRDA:231,11,0,0
BRDA:231,11,1,0
BRDA:265,12,0,0
BRDA:265,12,1,0
BRDA:273,13,0,0
BRDA:273,13,1,0
BRDA:282,14,0,0
BRDA:282,14,1,0
BRDA:289,15,0,0
BRDA:289,15,1,0
BRDA:313,16,0,0
BRDA:313,16,1,0
BRDA:336,17,0,0
BRDA:336,17,1,0
BRDA:343,18,0,0
BRDA:343,18,1,0
BRDA:352,19,0,0
BRDA:352,19,1,0
BRDA:358,20,0,0
BRDA:358,20,1,0
BRDA:373,21,0,0
BRDA:379,22,0,0
BRDA:403,23,0,0
BRDA:413,24,0,0
BRDA:423,25,0,0
BRF:41
BRH:0
end_of_record
TN:
SF:lib/personalization/enhancedUserProfile.ts
FN:15,(anonymous_3)
FN:23,(anonymous_4)
FN:26,(anonymous_5)
FN:39,(anonymous_6)
FN:48,(anonymous_7)
FN:61,(anonymous_8)
FN:78,(anonymous_9)
FN:112,(anonymous_10)
FN:115,(anonymous_11)
FN:123,(anonymous_12)
FN:132,(anonymous_13)
FN:157,(anonymous_14)
FN:162,(anonymous_15)
FN:173,(anonymous_16)
FN:178,(anonymous_17)
FN:194,(anonymous_18)
FN:205,(anonymous_19)
FN:212,(anonymous_20)
FN:238,(anonymous_21)
FN:277,(anonymous_22)
FN:297,(anonymous_23)
FN:322,(anonymous_24)
FN:347,(anonymous_25)
FN:372,(anonymous_26)
FN:385,(anonymous_27)
FN:403,(anonymous_28)
FN:420,(anonymous_29)
FN:435,(anonymous_30)
FN:444,(anonymous_31)
FN:447,(anonymous_32)
FN:450,(anonymous_33)
FN:453,(anonymous_34)
FN:469,(anonymous_35)
FN:478,(anonymous_36)
FN:487,(anonymous_37)
FN:497,(anonymous_38)
FN:502,(anonymous_39)
FN:507,(anonymous_40)
FNF:38
FNH:0
FNDA:0,(anonymous_3)
FNDA:0,(anonymous_4)
FNDA:0,(anonymous_5)
FNDA:0,(anonymous_6)
FNDA:0,(anonymous_7)
FNDA:0,(anonymous_8)
FNDA:0,(anonymous_9)
FNDA:0,(anonymous_10)
FNDA:0,(anonymous_11)
FNDA:0,(anonymous_12)
FNDA:0,(anonymous_13)
FNDA:0,(anonymous_14)
FNDA:0,(anonymous_15)
FNDA:0,(anonymous_16)
FNDA:0,(anonymous_17)
FNDA:0,(anonymous_18)
FNDA:0,(anonymous_19)
FNDA:0,(anonymous_20)
FNDA:0,(anonymous_21)
FNDA:0,(anonymous_22)
FNDA:0,(anonymous_23)
FNDA:0,(anonymous_24)
FNDA:0,(anonymous_25)
FNDA:0,(anonymous_26)
FNDA:0,(anonymous_27)
FNDA:0,(anonymous_28)
FNDA:0,(anonymous_29)
FNDA:0,(anonymous_30)
FNDA:0,(anonymous_31)
FNDA:0,(anonymous_32)
FNDA:0,(anonymous_33)
FNDA:0,(anonymous_34)
FNDA:0,(anonymous_35)
FNDA:0,(anonymous_36)
FNDA:0,(anonymous_37)
FNDA:0,(anonymous_38)
FNDA:0,(anonymous_39)
FNDA:0,(anonymous_40)
DA:1,0
DA:2,0
DA:12,0
DA:16,0
DA:17,0
DA:19,0
DA:24,0
DA:27,0
DA:28,0
DA:31,0
DA:32,0
DA:44,0
DA:46,0
DA:50,0
DA:53,0
DA:60,0
DA:61,0
DA:65,0
DA:71,0
DA:84,0
DA:96,0
DA:99,0
DA:106,0
DA:108,0
DA:113,0
DA:116,0
DA:119,0
DA:122,0
DA:123,0
DA:125,0
DA:137,0
DA:138,0
DA:139,0
DA:142,0
DA:153,0
DA:158,0
DA:160,0
DA:163,0
DA:164,0
DA:166,0
DA:174,0
DA:176,0
DA:179,0
DA:180,0
DA:185,0
DA:190,0
DA:196,0
DA:197,0
DA:202,0
DA:210,0
DA:212,0
DA:213,0
DA:216,0
DA:217,0
DA:220,0
DA:221,0
DA:227,0
DA:228,0
DA:231,0
DA:241,0
DA:274,0
DA:278,0
DA:280,0
DA:283,0
DA:284,0
DA:287,0
DA:288,0
DA:291,0
DA:292,0
DA:294,0
DA:302,0
DA:304,0
DA:305,0
DA:319,0
DA:327,0
DA:329,0
DA:330,0
DA:344,0
DA:352,0
DA:354,0
DA:355,0
DA:369,0
DA:373,0
DA:375,0
DA:387,0
DA:390,0
DA:393,0
DA:396,0
DA:398,0
DA:405,0
DA:406,0
DA:409,0
DA:410,0
DA:417,0
DA:422,0
DA:423,0
DA:426,0
DA:427,0
DA:432,0
DA:437,0
DA:445,0
DA:447,0
DA:450,0
DA:454,0
DA:456,0
DA:459,0
DA:460,0
DA:464,0
DA:466,0
DA:471,0
DA:480,0
DA:489,0
DA:499,0
DA:504,0
DA:509,0
DA:514,0
LF:116
LH:0
BRDA:16,0,0,0
BRDA:28,1,0,0
BRDA:41,2,0,0
BRDA:42,3,0,0
BRDA:82,4,0,0
BRDA:173,5,0,0
BRDA:216,6,0,0
BRDA:216,7,0,0
BRDA:216,7,1,0
BRDA:220,8,0,0
BRDA:220,9,0,0
BRDA:220,9,1,0
BRDA:227,10,0,0
BRDA:274,11,0,0
BRDA:274,11,1,0
BRDA:284,12,0,0
BRDA:288,13,0,0
BRDA:292,14,0,0
BRDA:304,15,0,0
BRDA:329,16,0,0
BRDA:329,17,0,0
BRDA:329,17,1,0
BRDA:354,18,0,0
BRDA:354,19,0,0
BRDA:354,19,1,0
BRDA:378,20,0,0
BRDA:378,20,1,0
BRDA:406,21,0,0
BRDA:409,22,0,0
BRDA:423,23,0,0
BRDA:426,24,0,0
BRDA:428,25,0,0
BRDA:428,25,1,0
BRDA:454,26,0,0
BRDA:459,27,0,0
BRF:35
BRH:0
end_of_record
TN:
SF:lib/personalization/userProfile.ts
FN:212,(anonymous_1)
FN:316,(anonymous_2)
FN:333,(anonymous_3)
FN:347,(anonymous_4)
FN:348,(anonymous_5)
FN:379,(anonymous_6)
FN:387,(anonymous_7)
FN:397,(anonymous_8)
FN:418,(anonymous_9)
FN:422,(anonymous_10)
FN:478,(anonymous_11)
FN:518,(anonymous_12)
FN:526,(anonymous_13)
FN:527,(anonymous_14)
FN:564,(anonymous_15)
FN:605,(anonymous_16)
FN:648,(anonymous_17)
FN:692,(anonymous_18)
FN:726,(anonymous_19)
FN:737,(anonymous_20)
FN:758,(anonymous_21)
FN:785,(anonymous_22)
FN:792,(anonymous_23)
FN:807,(anonymous_24)
FN:820,(anonymous_25)
FN:843,(anonymous_26)
FN:845,(anonymous_27)
FN:854,(anonymous_28)
FN:861,(anonymous_29)
FN:889,(anonymous_30)
FN:914,(anonymous_31)
FN:932,(anonymous_32)
FN:949,(anonymous_33)
FN:953,(anonymous_34)
FN:963,(anonymous_35)
FN:979,(anonymous_36)
FN:985,(anonymous_37)
FN:990,(anonymous_38)
FN:990,(anonymous_39)
FN:1002,(anonymous_40)
FN:1012,(anonymous_41)
FN:1021,(anonymous_42)
FN:1037,(anonymous_43)
FN:1039,(anonymous_44)
FN:1046,(anonymous_45)
FN:1049,(anonymous_46)
FN:1057,(anonymous_47)
FN:1073,(anonymous_48)
FN:1076,(anonymous_49)
FN:1082,(anonymous_50)
FN:1085,(anonymous_51)
FN:1093,(anonymous_52)
FN:1102,(anonymous_53)
FN:1111,(anonymous_54)
FN:1115,(anonymous_55)
FN:1119,(anonymous_56)
FN:1123,(anonymous_57)
FN:1127,(anonymous_58)
FN:1128,(anonymous_59)
FNF:59
FNH:0
FNDA:0,(anonymous_1)
FNDA:0,(anonymous_2)
FNDA:0,(anonymous_3)
FNDA:0,(anonymous_4)
FNDA:0,(anonymous_5)
FNDA:0,(anonymous_6)
FNDA:0,(anonymous_7)
FNDA:0,(anonymous_8)
FNDA:0,(anonymous_9)
FNDA:0,(anonymous_10)
FNDA:0,(anonymous_11)
FNDA:0,(anonymous_12)
FNDA:0,(anonymous_13)
FNDA:0,(anonymous_14)
FNDA:0,(anonymous_15)
FNDA:0,(anonymous_16)
FNDA:0,(anonymous_17)
FNDA:0,(anonymous_18)
FNDA:0,(anonymous_19)
FNDA:0,(anonymous_20)
FNDA:0,(anonymous_21)
FNDA:0,(anonymous_22)
FNDA:0,(anonymous_23)
FNDA:0,(anonymous_24)
FNDA:0,(anonymous_25)
FNDA:0,(anonymous_26)
FNDA:0,(anonymous_27)
FNDA:0,(anonymous_28)
FNDA:0,(anonymous_29)
FNDA:0,(anonymous_30)
FNDA:0,(anonymous_31)
FNDA:0,(anonymous_32)
FNDA:0,(anonymous_33)
FNDA:0,(anonymous_34)
FNDA:0,(anonymous_35)
FNDA:0,(anonymous_36)
FNDA:0,(anonymous_37)
FNDA:0,(anonymous_38)
FNDA:0,(anonymous_39)
FNDA:0,(anonymous_40)
FNDA:0,(anonymous_41)
FNDA:0,(anonymous_42)
FNDA:0,(anonymous_43)
FNDA:0,(anonymous_44)
FNDA:0,(anonymous_45)
FNDA:0,(anonymous_46)
FNDA:0,(anonymous_47)
FNDA:0,(anonymous_48)
FNDA:0,(anonymous_49)
FNDA:0,(anonymous_50)
FNDA:0,(anonymous_51)
FNDA:0,(anonymous_52)
FNDA:0,(anonymous_53)
FNDA:0,(anonymous_54)
FNDA:0,(anonymous_55)
FNDA:0,(anonymous_56)
FNDA:0,(anonymous_57)
FNDA:0,(anonymous_58)
FNDA:0,(anonymous_59)
DA:205,0
DA:206,0
DA:207,0
DA:208,0
DA:209,0
DA:213,0
DA:215,0
DA:216,0
DA:219,0
DA:311,0
DA:312,0
DA:317,0
DA:323,0
DA:326,0
DA:329,0
DA:339,0
DA:340,0
DA:341,0
DA:342,0
DA:346,0
DA:347,0
DA:348,0
DA:352,0
DA:353,0
DA:356,0
DA:359,0
DA:360,0
DA:363,0
DA:364,0
DA:367,0
DA:368,0
DA:371,0
DA:372,0
DA:375,0
DA:376,0
DA:379,0
DA:385,0
DA:386,0
DA:387,0
DA:391,0
DA:393,0
DA:398,0
DA:399,0
DA:402,0
DA:403,0
DA:407,0
DA:410,0
DA:411,0
DA:412,0
DA:414,0
DA:419,0
DA:420,0
DA:422,0
DA:423,0
DA:426,0
DA:427,0
DA:428,0
DA:443,0
DA:444,0
DA:458,0
DA:459,0
DA:460,0
DA:474,0
DA:483,0
DA:486,0
DA:488,0
DA:489,0
DA:515,0
DA:522,0
DA:525,0
DA:526,0
DA:527,0
DA:530,0
DA:531,0
DA:533,0
DA:534,0
DA:561,0
DA:568,0
DA:571,0
DA:572,0
DA:574,0
DA:575,0
DA:602,0
DA:609,0
DA:612,0
DA:614,0
DA:615,0
DA:617,0
DA:618,0
DA:645,0
DA:652,0
DA:655,0
DA:657,0
DA:658,0
DA:660,0
DA:661,0
DA:688,0
DA:698,0
DA:701,0
DA:710,0
DA:714,0
DA:715,0
DA:719,0
DA:720,0
DA:723,0
DA:727,0
DA:728,0
DA:731,0
DA:732,0
DA:734,0
DA:739,0
DA:740,0
DA:744,0
DA:745,0
DA:746,0
DA:748,0
DA:749,0
DA:751,0
DA:752,0
DA:755,0
DA:760,0
DA:762,0
DA:763,0
DA:764,0
DA:765,0
DA:767,0
DA:768,0
DA:772,0
DA:773,0
DA:774,0
DA:775,0
DA:777,0
DA:778,0
DA:782,0
DA:787,0
DA:790,0
DA:791,0
DA:792,0
DA:793,0
DA:795,0
DA:800,0
DA:801,0
DA:804,0
DA:809,0
DA:810,0
DA:814,0
DA:815,0
DA:817,0
DA:822,0
DA:823,0
DA:827,0
DA:828,0
DA:829,0
DA:834,0
DA:835,0
DA:836,0
DA:840,0
DA:844,0
DA:845,0
DA:846,0
DA:847,0
DA:849,0
DA:850,0
DA:856,0
DA:857,0
DA:861,0
DA:862,0
DA:865,0
DA:866,0
DA:867,0
DA:869,0
DA:886,0
DA:891,0
DA:894,0
DA:897,0
DA:898,0
DA:899,0
DA:900,0
DA:901,0
DA:902,0
DA:903,0
DA:905,0
DA:909,0
DA:911,0
DA:916,0
DA:918,0
DA:919,0
DA:920,0
DA:921,0
DA:927,0
DA:928,0
DA:929,0
DA:934,0
DA:936,0
DA:937,0
DA:938,0
DA:940,0
DA:944,0
DA:945,0
DA:950,0
DA:955,0
DA:956,0
DA:960,0
DA:961,0
DA:963,0
DA:964,0
DA:965,0
DA:969,0
DA:970,0
DA:972,0
DA:981,0
DA:982,0
DA:985,0
DA:986,0
DA:987,0
DA:990,0
DA:991,0
DA:992,0
DA:994,0
DA:996,0
DA:1004,0
DA:1005,0
DA:1008,0
DA:1012,0
DA:1013,0
DA:1014,0
DA:1015,0
DA:1016,0
DA:1017,0
DA:1020,0
DA:1021,0
DA:1023,0
DA:1024,0
DA:1025,0
DA:1027,0
DA:1029,0
DA:1039,0
DA:1049,0
DA:1050,0
DA:1059,0
DA:1066,0
DA:1076,0
DA:1077,0
DA:1085,0
DA:1086,0
DA:1095,0
DA:1103,0
DA:1104,0
DA:1105,0
DA:1106,0
DA:1107,0
DA:1112,0
DA:1116,0
DA:1120,0
DA:1124,0
DA:1128,0
DA:1132,0
LF:257
LH:0
BRDA:215,0,0,0
BRDA:340,1,0,0
BRDA:399,2,0,0
BRDA:402,3,0,0
BRDA:402,4,0,0
BRDA:402,4,1,0
BRDA:420,5,0,0
BRDA:427,6,0,0
BRDA:459,7,0,0
BRDA:505,8,0,0
BRDA:505,8,1,0
BRDA:507,9,0,0
BRDA:507,9,1,0
BRDA:508,10,0,0
BRDA:508,10,1,0
BRDA:571,11,0,0
BRDA:591,12,0,0
BRDA:591,12,1,0
BRDA:594,13,0,0
BRDA:594,13,1,0
BRDA:660,14,0,0
BRDA:680,15,0,0
BRDA:680,15,1,0
BRDA:714,16,0,0
BRDA:714,17,0,0
BRDA:714,17,1,0
BRDA:719,18,0,0
BRDA:719,19,0,0
BRDA:719,19,1,0
BRDA:727,20,0,0
BRDA:727,21,0,0
BRDA:727,21,1,0
BRDA:739,22,0,0
BRDA:739,23,0,0
BRDA:739,23,1,0
BRDA:745,24,0,0
BRDA:745,25,0,0
BRDA:745,25,1,0
BRDA:748,26,0,0
BRDA:748,27,0,0
BRDA:748,27,1,0
BRDA:751,28,0,0
BRDA:751,29,0,0
BRDA:751,29,1,0
BRDA:762,30,0,0
BRDA:762,31,0,0
BRDA:762,31,1,0
BRDA:764,32,0,0
BRDA:764,33,0,0
BRDA:764,33,1,0
BRDA:767,34,0,0
BRDA:767,35,0,0
BRDA:767,35,1,0
BRDA:772,36,0,0
BRDA:772,37,0,0
BRDA:772,37,1,0
BRDA:774,38,0,0
BRDA:774,39,0,0
BRDA:774,39,1,0
BRDA:777,40,0,0
BRDA:777,41,0,0
BRDA:777,41,1,0
BRDA:790,42,0,0
BRDA:790,43,0,0
BRDA:790,43,1,0
BRDA:792,44,0,0
BRDA:800,45,0,0
BRDA:800,46,0,0
BRDA:800,46,1,0
BRDA:809,47,0,0
BRDA:809,48,0,0
BRDA:809,48,1,0
BRDA:817,49,0,0
BRDA:817,49,1,0
BRDA:822,50,0,0
BRDA:822,51,0,0
BRDA:822,51,1,0
BRDA:827,52,0,0
BRDA:827,53,0,0
BRDA:827,53,1,0
BRDA:828,54,0,0
BRDA:834,55,0,0
BRDA:834,56,0,0
BRDA:834,56,1,0
BRDA:835,57,0,0
BRDA:846,58,0,0
BRDA:856,59,0,0
BRDA:862,60,0,0
BRDA:862,60,1,0
BRDA:865,61,0,0
BRDA:872,62,0,0
BRDA:872,62,1,0
BRDA:891,63,0,0
BRDA:891,63,1,0
BRDA:898,64,0,0
BRDA:898,64,1,0
BRDA:898,65,0,0
BRDA:898,65,1,0
BRDA:900,66,0,0
BRDA:900,66,1,0
BRDA:900,67,0,0
BRDA:900,67,1,0
BRDA:902,68,0,0
BRDA:902,68,1,0
BRDA:902,69,0,0
BRDA:902,69,1,0
BRDA:916,70,0,0
BRDA:916,71,0,0
BRDA:916,71,1,0
BRDA:918,72,0,0
BRDA:918,73,0,0
BRDA:918,73,1,0
BRDA:920,74,0,0
BRDA:934,75,0,0
BRDA:936,76,0,0
BRDA:936,76,1,0
BRDA:944,77,0,0
BRDA:955,78,0,0
BRDA:964,79,0,0
BRDA:964,80,0,0
BRDA:964,80,1,0
BRDA:981,81,0,0
BRDA:985,82,0,0
BRDA:985,82,1,0
BRDA:986,83,0,0
BRDA:1004,84,0,0
BRDA:1014,85,0,0
BRDA:1014,85,1,0
BRDA:1014,86,0,0
BRDA:1014,86,1,0
BRDA:1015,87,0,0
BRDA:1015,87,1,0
BRDA:1015,88,0,0
BRDA:1015,88,1,0
BRDA:1016,89,0,0
BRDA:1016,89,1,0
BRDA:1016,90,0,0
BRDA:1016,90,1,0
BRDA:1021,91,0,0
BRDA:1021,91,1,0
BRDA:1068,92,0,0
BRDA:1068,92,1,0
BRDA:1104,93,0,0
BRDA:1104,94,0,0
BRDA:1104,94,1,0
BRDA:1105,95,0,0
BRDA:1105,96,0,0
BRDA:1105,96,1,0
BRDA:1106,97,0,0
BRDA:1106,98,0,0
BRDA:1106,98,1,0
BRDA:1116,99,0,0
BRDA:1116,99,1,0
BRDA:1120,100,0,0
BRDA:1120,100,1,0
BRDA:1124,101,0,0
BRDA:1124,101,1,0
BRF:157
BRH:0
end_of_record
TN:
SF:lib/redis/client.ts
FN:22,(anonymous_11)
FN:30,(anonymous_12)
FN:49,(anonymous_13)
FN:50,(anonymous_14)
FN:51,(anonymous_15)
FN:52,(anonymous_16)
FN:53,(anonymous_17)
FN:54,(anonymous_18)
FN:59,(anonymous_19)
FN:69,(anonymous_20)
FN:77,(anonymous_21)
FN:85,(anonymous_22)
FN:96,(anonymous_23)
FN:112,(anonymous_24)
FN:120,(anonymous_25)
FN:123,(anonymous_26)
FN:135,checkRedisHealth
FN:150,closeRedisConnections
FNF:18
FNH:0
FNDA:0,(anonymous_11)
FNDA:0,(anonymous_12)
FNDA:0,(anonymous_13)
FNDA:0,(anonymous_14)
FNDA:0,(anonymous_15)
FNDA:0,(anonymous_16)
FNDA:0,(anonymous_17)
FNDA:0,(anonymous_18)
FNDA:0,(anonymous_19)
FNDA:0,(anonymous_20)
FNDA:0,(anonymous_21)
FNDA:0,(anonymous_22)
FNDA:0,(anonymous_23)
FNDA:0,(anonymous_24)
FNDA:0,(anonymous_25)
FNDA:0,(anonymous_26)
FNDA:0,checkRedisHealth
FNDA:0,closeRedisConnections
DA:1,0
DA:4,0
DA:16,0
DA:19,0
DA:22,0
DA:23,0
DA:24,0
DA:26,0
DA:30,0
DA:31,0
DA:32,0
DA:34,0
DA:39,0
DA:48,0
DA:49,0
DA:50,0
DA:51,0
DA:52,0
DA:53,0
DA:54,0
DA:58,0
DA:60,0
DA:61,0
DA:62,0
DA:64,0
DA:65,0
DA:70,0
DA:71,0
DA:73,0
DA:78,0
DA:79,0
DA:81,0
DA:86,0
DA:87,0
DA:88,0
DA:89,0
DA:92,0
DA:101,0
DA:102,0
DA:104,0
DA:105,0
DA:106,0
DA:111,0
DA:113,0
DA:114,0
DA:116,0
DA:121,0
DA:122,0
DA:123,0
DA:124,0
DA:125,0
DA:129,0
DA:135,0
DA:136,0
DA:137,0
DA:138,0
DA:140,0
DA:141,0
DA:142,0
DA:144,0
DA:145,0
DA:150,0
DA:151,0
DA:152,0
DA:153,0
DA:155,0
DA:159,0
LF:67
LH:0
BRDA:5,0,0,0
BRDA:5,0,1,0
BRDA:6,1,0,0
BRDA:6,1,1,0
BRDA:8,2,0,0
BRDA:8,2,1,0
BRDA:23,3,0,0
BRDA:23,3,1,0
BRDA:31,4,0,0
BRDA:31,4,1,0
BRDA:62,5,0,0
BRDA:62,5,1,0
BRDA:69,6,0,0
BRDA:88,7,0,0
BRDA:99,8,0,0
BRDA:102,9,0,0
BRDA:124,10,0,0
BRDA:140,11,0,0
BRF:18
BRH:0
end_of_record
TN:
SF:lib/schemas/viral.ts
FN:7,(anonymous_8)
FNF:1
FNH:1
FNDA:1,(anonymous_8)
DA:1,1
DA:4,5
DA:7,1
DA:17,1
DA:35,4
DA:45,4
DA:53,4
DA:61,4
DA:70,11
LF:9
LH:9
BRF:0
BRH:0
end_of_record
TN:
SF:lib/social/viralFeatures.ts
FN:94,(anonymous_1)
FN:131,(anonymous_2)
FN:146,(anonymous_3)
FN:164,(anonymous_4)
FN:179,(anonymous_5)
FN:188,(anonymous_6)
FN:217,(anonymous_7)
FN:237,(anonymous_8)
FN:247,(anonymous_9)
FN:253,(anonymous_10)
FN:254,(anonymous_11)
FN:255,(anonymous_12)
FN:256,(anonymous_13)
FN:268,(anonymous_14)
FN:284,(anonymous_15)
FN:287,(anonymous_16)
FN:292,(anonymous_17)
FN:298,(anonymous_18)
FN:301,(anonymous_19)
FN:307,(anonymous_20)
FN:312,(anonymous_21)
FN:315,(anonymous_22)
FN:320,(anonymous_23)
FN:324,(anonymous_24)
FN:329,(anonymous_25)
FN:341,(anonymous_26)
FN:342,(anonymous_27)
FN:344,(anonymous_28)
FN:345,(anonymous_29)
FN:346,(anonymous_30)
FN:347,(anonymous_31)
FN:367,(anonymous_32)
FN:369,(anonymous_33)
FN:370,(anonymous_34)
FN:374,(anonymous_35)
FN:376,(anonymous_36)
FN:377,(anonymous_37)
FN:379,(anonymous_38)
FN:383,(anonymous_39)
FN:389,(anonymous_40)
FN:392,(anonymous_41)
FN:394,(anonymous_42)
FN:399,(anonymous_43)
FN:422,(anonymous_44)
FN:437,(anonymous_45)
FNF:45
FNH:0
FNDA:0,(anonymous_1)
FNDA:0,(anonymous_2)
FNDA:0,(anonymous_3)
FNDA:0,(anonymous_4)
FNDA:0,(anonymous_5)
FNDA:0,(anonymous_6)
FNDA:0,(anonymous_7)
FNDA:0,(anonymous_8)
FNDA:0,(anonymous_9)
FNDA:0,(anonymous_10)
FNDA:0,(anonymous_11)
FNDA:0,(anonymous_12)
FNDA:0,(anonymous_13)
FNDA:0,(anonymous_14)
FNDA:0,(anonymous_15)
FNDA:0,(anonymous_16)
FNDA:0,(anonymous_17)
FNDA:0,(anonymous_18)
FNDA:0,(anonymous_19)
FNDA:0,(anonymous_20)
FNDA:0,(anonymous_21)
FNDA:0,(anonymous_22)
FNDA:0,(anonymous_23)
FNDA:0,(anonymous_24)
FNDA:0,(anonymous_25)
FNDA:0,(anonymous_26)
FNDA:0,(anonymous_27)
FNDA:0,(anonymous_28)
FNDA:0,(anonymous_29)
FNDA:0,(anonymous_30)
FNDA:0,(anonymous_31)
FNDA:0,(anonymous_32)
FNDA:0,(anonymous_33)
FNDA:0,(anonymous_34)
FNDA:0,(anonymous_35)
FNDA:0,(anonymous_36)
FNDA:0,(anonymous_37)
FNDA:0,(anonymous_38)
FNDA:0,(anonymous_39)
FNDA:0,(anonymous_40)
FNDA:0,(anonymous_41)
FNDA:0,(anonymous_42)
FNDA:0,(anonymous_43)
FNDA:0,(anonymous_44)
FNDA:0,(anonymous_45)
DA:88,0
DA:89,0
DA:90,0
DA:91,0
DA:102,0
DA:119,0
DA:122,0
DA:125,0
DA:127,0
DA:132,0
DA:133,0
DA:135,0
DA:136,0
DA:139,0
DA:142,0
DA:147,0
DA:148,0
DA:150,0
DA:151,0
DA:154,0
DA:157,0
DA:160,0
DA:165,0
DA:166,0
DA:168,0
DA:169,0
DA:172,0
DA:175,0
DA:180,0
DA:181,0
DA:183,0
DA:184,0
DA:197,0
DA:212,0
DA:213,0
DA:218,0
DA:219,0
DA:221,0
DA:223,0
DA:224,0
DA:227,0
DA:230,0
DA:231,0
DA:232,0
DA:238,0
DA:239,0
DA:240,0
DA:241,0
DA:243,0
DA:248,0
DA:254,0
DA:255,0
DA:256,0
DA:258,0
DA:261,0
DA:262,0
DA:263,0
DA:269,0
DA:280,0
DA:285,0
DA:286,0
DA:287,0
DA:293,0
DA:294,0
DA:297,0
DA:299,0
DA:301,0
DA:302,0
DA:305,0
DA:306,0
DA:307,0
DA:313,0
DA:314,0
DA:316,0
DA:320,0
DA:325,0
DA:330,0
DA:331,0
DA:332,0
DA:335,0
DA:336,0
DA:337,0
DA:342,0
DA:344,0
DA:345,0
DA:346,0
DA:347,0
DA:349,0
DA:350,0
DA:351,0
DA:352,0
DA:354,0
DA:368,0
DA:369,0
DA:370,0
DA:375,0
DA:376,0
DA:377,0
DA:379,0
DA:384,0
DA:385,0
DA:387,0
DA:388,0
DA:390,0
DA:392,0
DA:394,0
DA:400,0
DA:411,0
DA:418,0
DA:423,0
DA:424,0
DA:426,0
DA:428,0
DA:438,0
DA:439,0
DA:441,0
DA:442,0
DA:446,0
LF:118
LH:0
BRDA:100,0,0,0
BRDA:133,1,0,0
BRDA:148,2,0,0
BRDA:166,3,0,0
BRDA:181,4,0,0
BRDA:219,5,0,0
BRDA:221,6,0,0
BRDA:231,7,0,0
BRDA:231,8,0,0
BRDA:231,8,1,0
BRDA:258,9,0,0
BRDA:258,9,1,0
BRDA:262,10,0,0
BRDA:284,11,0,0
BRDA:292,12,0,0
BRDA:294,13,0,0
BRDA:299,14,0,0
BRDA:299,14,1,0
BRDA:302,15,0,0
BRDA:302,15,1,0
BRDA:316,16,0,0
BRDA:316,16,1,0
BRDA:316,16,2,0
BRDA:325,17,0,0
BRDA:325,17,1,0
BRDA:331,18,0,0
BRDA:349,19,0,0
BRDA:349,19,1,0
BRDA:350,20,0,0
BRDA:350,20,1,0
BRDA:377,21,0,0
BRDA:377,21,1,0
BRDA:383,22,0,0
BRDA:385,23,0,0
BRDA:390,24,0,0
BRDA:390,24,1,0
BRDA:390,24,2,0
BRDA:418,25,0,0
BRDA:418,25,1,0
BRDA:426,26,0,0
BRDA:429,27,0,0
BRDA:429,27,1,0
BRDA:429,27,2,0
BRDA:429,27,3,0
BRDA:439,28,0,0
BRF:45
BRH:0
end_of_record
TN:
SF:lib/supabase/client.ts
FNF:0
FNH:0
DA:2,0
DA:5,0
LF:2
LH:0
BRF:0
BRH:0
end_of_record
TN:
SF:lib/supabase/database.types.ts
FNF:0
FNH:0
DA:680,0
LF:1
LH:0
BRF:0
BRH:0
end_of_record
