TN:
SF:app/error.tsx
FN:5,Error
FN:12,(anonymous_2)
FN:44,(anonymous_3)
FNF:3
FNH:0
FNDA:0,Error
FNDA:0,(anonymous_2)
FNDA:0,(anonymous_3)
DA:3,0
DA:5,0
DA:12,0
DA:14,0
DA:44,0
LF:5
LH:0
BRF:0
BRH:0
end_of_record
TN:
SF:app/layout.tsx
FN:16,RootLayout
FNF:1
FNH:0
FNDA:0,RootLayout
DA:3,0
DA:4,0
DA:5,0
DA:6,0
DA:7,0
DA:8,0
DA:10,0
DA:16,0
LF:8
LH:0
BRF:0
BRH:0
end_of_record
TN:
SF:app/not-found.tsx
FN:5,NotFound
FN:33,(anonymous_3)
FNF:2
FNH:0
FNDA:0,NotFound
FNDA:0,(anonymous_3)
DA:3,0
DA:5,0
DA:33,0
LF:3
LH:0
BRF:0
BRH:0
end_of_record
TN:
SF:app/page.tsx
FN:20,HomePage
FN:32,(anonymous_2)
FN:38,(anonymous_3)
FN:47,(anonymous_4)
FN:51,(anonymous_5)
FN:55,(anonymous_6)
FN:59,(anonymous_7)
FN:63,(anonymous_8)
FN:67,(anonymous_9)
FN:71,(anonymous_10)
FN:105,(anonymous_11)
FN:106,(anonymous_12)
FN:122,(anonymous_13)
FN:248,(anonymous_14)
FN:251,(anonymous_15)
FN:274,(anonymous_16)
FN:277,(anonymous_17)
FN:285,(anonymous_18)
FN:329,(anonymous_19)
FN:364,(anonymous_20)
FN:379,(anonymous_21)
FN:404,(anonymous_22)
FN:407,(anonymous_23)
FN:415,(anonymous_24)
FN:454,(anonymous_25)
FN:470,(anonymous_26)
FNF:26
FNH:0
FNDA:0,HomePage
FNDA:0,(anonymous_2)
FNDA:0,(anonymous_3)
FNDA:0,(anonymous_4)
FNDA:0,(anonymous_5)
FNDA:0,(anonymous_6)
FNDA:0,(anonymous_7)
FNDA:0,(anonymous_8)
FNDA:0,(anonymous_9)
FNDA:0,(anonymous_10)
FNDA:0,(anonymous_11)
FNDA:0,(anonymous_12)
FNDA:0,(anonymous_13)
FNDA:0,(anonymous_14)
FNDA:0,(anonymous_15)
FNDA:0,(anonymous_16)
FNDA:0,(anonymous_17)
FNDA:0,(anonymous_18)
FNDA:0,(anonymous_19)
FNDA:0,(anonymous_20)
FNDA:0,(anonymous_21)
FNDA:0,(anonymous_22)
FNDA:0,(anonymous_23)
FNDA:0,(anonymous_24)
FNDA:0,(anonymous_25)
FNDA:0,(anonymous_26)
DA:3,0
DA:4,0
DA:17,0
DA:18,0
DA:20,0
DA:21,0
DA:22,0
DA:23,0
DA:24,0
DA:25,0
DA:26,0
DA:27,0
DA:28,0
DA:32,0
DA:33,0
DA:34,0
DA:38,0
DA:39,0
DA:40,0
DA:41,0
DA:43,0
DA:47,0
DA:48,0
DA:51,0
DA:52,0
DA:55,0
DA:56,0
DA:59,0
DA:60,0
DA:63,0
DA:64,0
DA:67,0
DA:68,0
DA:71,0
DA:72,0
DA:75,0
DA:105,0
DA:106,0
DA:122,0
DA:249,0
DA:251,0
DA:275,0
DA:277,0
DA:286,0
DA:329,0
DA:364,0
DA:379,0
DA:405,0
DA:407,0
DA:416,0
DA:455,0
DA:470,0
LF:52
LH:0
BRDA:33,0,0,0
BRDA:40,1,0,0
BRDA:40,1,1,0
BRDA:75,2,0,0
BRDA:106,3,0,0
BRDA:106,3,1,0
BRDA:282,4,0,0
BRDA:282,4,1,0
BRDA:282,5,0,0
BRDA:282,5,1,0
BRDA:289,6,0,0
BRDA:295,7,0,0
BRDA:316,8,0,0
BRDA:419,9,0,0
BRDA:480,10,0,0
BRF:15
BRH:0
end_of_record
TN:
SF:app/(auth)/layout.tsx
FN:11,AuthLayout
FNF:1
FNH:0
FNDA:0,AuthLayout
DA:3,0
DA:11,0
LF:2
LH:0
BRF:0
BRH:0
end_of_record
TN:
SF:app/(auth)/login/LoginForm.tsx
FN:7,LoginForm
FN:14,(anonymous_2)
FN:88,(anonymous_3)
FN:105,(anonymous_4)
FNF:4
FNH:0
FNDA:0,LoginForm
FNDA:0,(anonymous_2)
FNDA:0,(anonymous_3)
FNDA:0,(anonymous_4)
DA:3,0
DA:4,0
DA:5,0
DA:7,0
DA:8,0
DA:9,0
DA:10,0
DA:11,0
DA:12,0
DA:14,0
DA:15,0
DA:16,0
DA:17,0
DA:19,0
DA:20,0
DA:21,0
DA:26,0
DA:27,0
DA:28,0
DA:29,0
DA:32,0
DA:37,0
DA:38,0
DA:39,0
DA:40,0
DA:43,0
DA:44,0
DA:53,0
DA:54,0
DA:55,0
DA:56,0
DA:57,0
DA:60,0
DA:63,0
DA:64,0
DA:67,0
DA:68,0
DA:70,0
DA:88,0
DA:105,0
LF:40
LH:0
BRDA:26,0,0,0
BRDA:26,1,0,0
BRDA:26,1,1,0
BRDA:28,2,0,0
BRDA:28,2,1,0
BRDA:37,3,0,0
BRDA:54,4,0,0
BRDA:54,4,1,0
BRDA:56,5,0,0
BRDA:112,6,0,0
BRDA:130,7,0,0
BRDA:130,7,1,0
BRF:12
BRH:0
end_of_record
TN:
SF:app/(auth)/login/page.tsx
FN:3,LoginPage
FNF:1
FNH:0
FNDA:0,LoginPage
DA:1,0
DA:3,0
LF:2
LH:0
BRF:0
BRH:0
end_of_record
TN:
SF:app/(auth)/signup/SignupForm.tsx
FN:44,SignupForm
FN:54,(anonymous_2)
FN:238,(anonymous_3)
FN:246,(anonymous_4)
FN:253,(anonymous_5)
FN:261,(anonymous_6)
FN:288,(anonymous_7)
FN:304,(anonymous_8)
FN:323,(anonymous_9)
FN:340,(anonymous_10)
FNF:10
FNH:0
FNDA:0,SignupForm
FNDA:0,(anonymous_2)
FNDA:0,(anonymous_3)
FNDA:0,(anonymous_4)
FNDA:0,(anonymous_5)
FNDA:0,(anonymous_6)
FNDA:0,(anonymous_7)
FNDA:0,(anonymous_8)
FNDA:0,(anonymous_9)
FNDA:0,(anonymous_10)
DA:3,0
DA:4,0
DA:5,0
DA:9,0
DA:44,0
DA:45,0
DA:46,0
DA:47,0
DA:48,0
DA:49,0
DA:50,0
DA:51,0
DA:52,0
DA:54,0
DA:55,0
DA:56,0
DA:57,0
DA:59,0
DA:60,0
DA:61,0
DA:62,0
DA:65,0
DA:75,0
DA:77,0
DA:78,0
DA:88,0
DA:89,0
DA:91,0
DA:92,0
DA:93,0
DA:94,0
DA:97,0
DA:98,0
DA:99,0
DA:100,0
DA:101,0
DA:104,0
DA:108,0
DA:109,0
DA:114,0
DA:115,0
DA:116,0
DA:117,0
DA:118,0
DA:122,0
DA:123,0
DA:125,0
DA:126,0
DA:127,0
DA:128,0
DA:132,0
DA:134,0
DA:135,0
DA:137,0
DA:138,0
DA:140,0
DA:141,0
DA:143,0
DA:144,0
DA:146,0
DA:150,0
DA:151,0
DA:153,0
DA:239,0
DA:246,0
DA:253,0
DA:262,0
DA:288,0
DA:304,0
DA:323,0
DA:340,0
LF:71
LH:0
BRDA:59,0,0,0
BRDA:59,1,0,0
BRDA:59,1,1,0
BRDA:59,1,2,0
BRDA:59,1,3,0
BRDA:59,1,4,0
BRDA:97,2,0,0
BRDA:99,3,0,0
BRDA:99,3,1,0
BRDA:114,4,0,0
BRDA:116,5,0,0
BRDA:116,5,1,0
BRDA:125,6,0,0
BRDA:125,7,0,0
BRDA:125,7,1,0
BRDA:125,7,2,0
BRDA:132,8,0,0
BRDA:132,8,1,0
BRDA:132,8,2,0
BRDA:132,8,3,0
BRDA:132,8,4,0
BRDA:242,9,0,0
BRDA:242,9,1,0
BRDA:348,10,0,0
BRDA:358,11,0,0
BRDA:358,11,1,0
BRDA:361,12,0,0
BRDA:361,12,1,0
BRF:28
BRH:0
end_of_record
TN:
SF:app/(auth)/signup/page.tsx
FN:7,SignupPageContent
FN:42,SignupPage
FNF:2
FNH:0
FNDA:0,SignupPageContent
FNDA:0,SignupPage
DA:3,0
DA:4,0
DA:5,0
DA:8,0
DA:9,0
DA:42,0
LF:6
LH:0
BRDA:17,0,0,0
BRF:1
BRH:0
end_of_record
TN:
SF:app/(driver)/driver-dashboard/page.tsx
FN:58,DriverDashboardPage
FN:78,(anonymous_2)
FN:98,(anonymous_3)
FN:101,(anonymous_4)
FN:125,(anonymous_5)
FN:141,(anonymous_6)
FN:144,(anonymous_7)
FN:148,(anonymous_8)
FN:160,(anonymous_9)
FN:180,(anonymous_10)
FN:204,(anonymous_11)
FN:204,(anonymous_12)
FN:209,(anonymous_13)
FN:228,(anonymous_14)
FN:244,(anonymous_15)
FN:263,(anonymous_16)
FN:264,(anonymous_17)
FN:267,(anonymous_18)
FN:278,(anonymous_19)
FN:290,(anonymous_20)
FN:402,(anonymous_21)
FN:405,(anonymous_22)
FN:422,(anonymous_23)
FN:457,(anonymous_24)
FN:525,(anonymous_25)
FN:536,(anonymous_26)
FN:548,(anonymous_27)
FNF:27
FNH:0
FNDA:0,DriverDashboardPage
FNDA:0,(anonymous_2)
FNDA:0,(anonymous_3)
FNDA:0,(anonymous_4)
FNDA:0,(anonymous_5)
FNDA:0,(anonymous_6)
FNDA:0,(anonymous_7)
FNDA:0,(anonymous_8)
FNDA:0,(anonymous_9)
FNDA:0,(anonymous_10)
FNDA:0,(anonymous_11)
FNDA:0,(anonymous_12)
FNDA:0,(anonymous_13)
FNDA:0,(anonymous_14)
FNDA:0,(anonymous_15)
FNDA:0,(anonymous_16)
FNDA:0,(anonymous_17)
FNDA:0,(anonymous_18)
FNDA:0,(anonymous_19)
FNDA:0,(anonymous_20)
FNDA:0,(anonymous_21)
FNDA:0,(anonymous_22)
FNDA:0,(anonymous_23)
FNDA:0,(anonymous_24)
FNDA:0,(anonymous_25)
FNDA:0,(anonymous_26)
FNDA:0,(anonymous_27)
DA:3,0
DA:10,0
DA:11,0
DA:58,0
DA:59,0
DA:60,0
DA:61,0
DA:62,0
DA:72,0
DA:73,0
DA:74,0
DA:75,0
DA:76,0
DA:78,0
DA:79,0
DA:80,0
DA:81,0
DA:84,0
DA:89,0
DA:90,0
DA:93,0
DA:97,0
DA:98,0
DA:99,0
DA:101,0
DA:110,0
DA:115,0
DA:116,0
DA:119,0
DA:121,0
DA:125,0
DA:126,0
DA:127,0
DA:128,0
DA:130,0
DA:137,0
DA:141,0
DA:142,0
DA:143,0
DA:145,0
DA:146,0
DA:149,0
DA:160,0
DA:161,0
DA:162,0
DA:163,0
DA:165,0
DA:166,0
DA:174,0
DA:176,0
DA:180,0
DA:181,0
DA:182,0
DA:183,0
DA:185,0
DA:187,0
DA:188,0
DA:189,0
DA:190,0
DA:191,0
DA:194,0
DA:198,0
DA:199,0
DA:200,0
DA:204,0
DA:205,0
DA:209,0
DA:210,0
DA:211,0
DA:221,0
DA:223,0
DA:224,0
DA:228,0
DA:229,0
DA:230,0
DA:231,0
DA:232,0
DA:233,0
DA:235,0
DA:244,0
DA:245,0
DA:247,0
DA:249,0
DA:251,0
DA:253,0
DA:255,0
DA:257,0
DA:259,0
DA:263,0
DA:264,0
DA:267,0
DA:268,0
DA:270,0
DA:272,0
DA:274,0
DA:276,0
DA:279,0
DA:281,0
DA:283,0
DA:285,0
DA:290,0
DA:291,0
DA:292,0
DA:295,0
DA:403,0
DA:405,0
DA:422,0
DA:458,0
DA:525,0
DA:536,0
DA:549,0
LF:111
LH:0
BRDA:81,0,0,0
BRDA:89,1,0,0
BRDA:90,2,0,0
BRDA:90,2,1,0
BRDA:97,3,0,0
BRDA:98,4,0,0
BRDA:98,4,1,0
BRDA:115,5,0,0
BRDA:128,6,0,0
BRDA:142,7,0,0
BRDA:163,8,0,0
BRDA:183,9,0,0
BRDA:187,10,0,0
BRDA:187,10,1,0
BRDA:189,11,0,0
BRDA:198,12,0,0
BRDA:205,13,0,0
BRDA:205,13,1,0
BRDA:210,14,0,0
BRDA:229,15,0,0
BRDA:229,15,1,0
BRDA:230,16,0,0
BRDA:230,16,1,0
BRDA:245,17,0,0
BRDA:245,17,1,0
BRDA:245,17,2,0
BRDA:245,17,3,0
BRDA:245,17,4,0
BRDA:245,17,5,0
BRDA:245,17,6,0
BRDA:268,18,0,0
BRDA:268,18,1,0
BRDA:268,18,2,0
BRDA:268,18,3,0
BRDA:279,19,0,0
BRDA:279,19,1,0
BRDA:279,19,2,0
BRDA:295,20,0,0
BRDA:318,21,0,0
BRDA:318,21,1,0
BRDA:319,22,0,0
BRDA:319,22,1,0
BRDA:324,23,0,0
BRDA:324,23,1,0
BRDA:329,24,0,0
BRDA:329,24,1,0
BRDA:407,25,0,0
BRDA:407,25,1,0
BRDA:432,26,0,0
BRDA:446,27,0,0
BRDA:452,28,0,0
BRDA:452,28,1,0
BRDA:522,29,0,0
BRDA:533,30,0,0
BRF:54
BRH:0
end_of_record
TN:
SF:app/(seller)/SellerHeader.tsx
FN:13,SellerHeader
FN:33,(anonymous_3)
FN:67,(anonymous_4)
FNF:3
FNH:0
FNDA:0,SellerHeader
FNDA:0,(anonymous_3)
FNDA:0,(anonymous_4)
DA:3,0
DA:4,0
DA:10,0
DA:11,0
DA:13,0
DA:14,0
DA:16,0
DA:34,0
DA:35,0
DA:68,0
DA:69,0
LF:11
LH:0
BRDA:40,0,0,0
BRDA:40,0,1,0
BRDA:74,1,0,0
BRDA:74,1,1,0
BRF:4
BRH:0
end_of_record
TN:
SF:app/(seller)/layout.tsx
FN:12,SellerLayout
FNF:1
FNH:0
FNDA:0,SellerLayout
DA:2,0
DA:4,0
DA:12,0
LF:3
LH:0
BRF:0
BRH:0
end_of_record
TN:
SF:app/(seller)/seller-dashboard/DashboardSkeleton.tsx
FN:1,DashboardSkeleton
FN:6,(anonymous_2)
FN:28,(anonymous_3)
FN:44,(anonymous_4)
FNF:4
FNH:0
FNDA:0,DashboardSkeleton
FNDA:0,(anonymous_2)
FNDA:0,(anonymous_3)
FNDA:0,(anonymous_4)
DA:1,0
DA:7,0
DA:29,0
DA:45,0
LF:4
LH:0
BRF:0
BRH:0
end_of_record
TN:
SF:app/(seller)/seller-dashboard/SellerDashboardContent.tsx
FN:3,SellerDashboardContent
FNF:1
FNH:0
FNDA:0,SellerDashboardContent
DA:1,0
DA:3,0
LF:2
LH:0
BRF:0
BRH:0
end_of_record
TN:
SF:app/(seller)/seller-dashboard/page.tsx
FN:11,SellerDashboardPage
FNF:1
FNH:0
FNDA:0,SellerDashboardPage
DA:2,0
DA:3,0
DA:4,0
DA:6,0
DA:11,0
LF:5
LH:0
BRF:0
BRH:0
end_of_record
TN:
SF:app/(seller)/upload/page.tsx
FN:73,SellerUploadPage
FN:103,(anonymous_2)
FN:108,(anonymous_3)
FN:122,(anonymous_4)
FN:123,(anonymous_5)
FN:124,(anonymous_6)
FN:130,(anonymous_7)
FN:138,(anonymous_8)
FN:139,(anonymous_9)
FN:143,(anonymous_10)
FN:174,(anonymous_11)
FN:182,(anonymous_12)
FN:188,(anonymous_13)
FN:226,(anonymous_14)
FN:242,(anonymous_15)
FN:269,(anonymous_16)
FN:281,(anonymous_17)
FN:299,(anonymous_18)
FN:335,(anonymous_19)
FN:353,(anonymous_20)
FN:370,(anonymous_21)
FN:389,(anonymous_22)
FN:400,(anonymous_23)
FN:413,(anonymous_24)
FN:418,(anonymous_25)
FN:431,(anonymous_26)
FN:438,(anonymous_27)
FN:463,(anonymous_28)
FN:471,(anonymous_29)
FN:483,(anonymous_30)
FN:499,(anonymous_31)
FN:514,(anonymous_32)
FN:519,(anonymous_33)
FN:531,(anonymous_34)
FN:532,(anonymous_35)
FN:558,(anonymous_36)
FN:571,(anonymous_37)
FN:588,(anonymous_38)
FN:634,(anonymous_39)
FN:643,(anonymous_40)
FN:664,(anonymous_41)
FN:682,(anonymous_42)
FNF:42
FNH:0
FNDA:0,SellerUploadPage
FNDA:0,(anonymous_2)
FNDA:0,(anonymous_3)
FNDA:0,(anonymous_4)
FNDA:0,(anonymous_5)
FNDA:0,(anonymous_6)
FNDA:0,(anonymous_7)
FNDA:0,(anonymous_8)
FNDA:0,(anonymous_9)
FNDA:0,(anonymous_10)
FNDA:0,(anonymous_11)
FNDA:0,(anonymous_12)
FNDA:0,(anonymous_13)
FNDA:0,(anonymous_14)
FNDA:0,(anonymous_15)
FNDA:0,(anonymous_16)
FNDA:0,(anonymous_17)
FNDA:0,(anonymous_18)
FNDA:0,(anonymous_19)
FNDA:0,(anonymous_20)
FNDA:0,(anonymous_21)
FNDA:0,(anonymous_22)
FNDA:0,(anonymous_23)
FNDA:0,(anonymous_24)
FNDA:0,(anonymous_25)
FNDA:0,(anonymous_26)
FNDA:0,(anonymous_27)
FNDA:0,(anonymous_28)
FNDA:0,(anonymous_29)
FNDA:0,(anonymous_30)
FNDA:0,(anonymous_31)
FNDA:0,(anonymous_32)
FNDA:0,(anonymous_33)
FNDA:0,(anonymous_34)
FNDA:0,(anonymous_35)
FNDA:0,(anonymous_36)
FNDA:0,(anonymous_37)
FNDA:0,(anonymous_38)
FNDA:0,(anonymous_39)
FNDA:0,(anonymous_40)
FNDA:0,(anonymous_41)
FNDA:0,(anonymous_42)
DA:3,0
DA:4,0
DA:5,0
DA:6,0
DA:7,0
DA:28,0
DA:46,0
DA:55,0
DA:63,0
DA:68,0
DA:73,0
DA:74,0
DA:75,0
DA:76,0
DA:77,0
DA:78,0
DA:79,0
DA:98,0
DA:99,0
DA:100,0
DA:103,0
DA:104,0
DA:105,0
DA:108,0
DA:109,0
DA:112,0
DA:122,0
DA:123,0
DA:124,0
DA:125,0
DA:126,0
DA:130,0
DA:131,0
DA:132,0
DA:133,0
DA:138,0
DA:139,0
DA:143,0
DA:144,0
DA:146,0
DA:148,0
DA:149,0
DA:150,0
DA:151,0
DA:152,0
DA:153,0
DA:156,0
DA:157,0
DA:158,0
DA:159,0
DA:160,0
DA:163,0
DA:164,0
DA:165,0
DA:166,0
DA:169,0
DA:170,0
DA:174,0
DA:175,0
DA:176,0
DA:177,0
DA:182,0
DA:183,0
DA:184,0
DA:188,0
DA:189,0
DA:191,0
DA:193,0
DA:194,0
DA:196,0
DA:198,0
DA:201,0
DA:204,0
DA:205,0
DA:217,0
DA:220,0
DA:223,0
DA:224,0
DA:225,0
DA:226,0
DA:227,0
DA:228,0
DA:231,0
DA:233,0
DA:236,0
DA:237,0
DA:242,0
DA:243,0
DA:245,0
DA:246,0
DA:247,0
DA:248,0
DA:249,0
DA:251,0
DA:255,0
DA:257,0
DA:261,0
DA:262,0
DA:265,0
DA:269,0
DA:270,0
DA:271,0
DA:272,0
DA:273,0
DA:274,0
DA:276,0
DA:281,0
DA:282,0
DA:300,0
DA:335,0
DA:353,0
DA:370,0
DA:390,0
DA:401,0
DA:413,0
DA:419,0
DA:432,0
DA:438,0
DA:463,0
DA:471,0
DA:483,0
DA:499,0
DA:515,0
DA:519,0
DA:531,0
DA:532,0
DA:558,0
DA:571,0
DA:588,0
DA:635,0
DA:643,0
DA:664,0
DA:682,0
LF:133
LH:0
BRDA:131,0,0,0
BRDA:131,1,0,0
BRDA:131,1,1,0
BRDA:131,1,2,0
BRDA:146,2,0,0
BRDA:146,2,1,0
BRDA:146,2,2,0
BRDA:148,3,0,0
BRDA:149,4,0,0
BRDA:150,5,0,0
BRDA:151,6,0,0
BRDA:152,7,0,0
BRDA:156,8,0,0
BRDA:157,9,0,0
BRDA:158,10,0,0
BRDA:159,11,0,0
BRDA:163,12,0,0
BRDA:164,13,0,0
BRDA:165,14,0,0
BRDA:175,15,0,0
BRDA:191,16,0,0
BRDA:217,17,0,0
BRDA:224,18,0,0
BRDA:224,18,1,0
BRDA:227,19,0,0
BRDA:233,20,0,0
BRDA:233,20,1,0
BRDA:255,21,0,0
BRDA:271,22,0,0
BRDA:302,23,0,0
BRDA:302,23,1,0
BRDA:308,24,0,0
BRDA:310,25,0,0
BRDA:310,25,1,0
BRDA:325,26,0,0
BRDA:337,27,0,0
BRDA:337,27,1,0
BRDA:341,28,0,0
BRDA:353,29,0,0
BRDA:353,29,1,0
BRDA:355,30,0,0
BRDA:355,30,1,0
BRDA:359,31,0,0
BRDA:372,32,0,0
BRDA:372,32,1,0
BRDA:376,33,0,0
BRDA:393,34,0,0
BRDA:393,34,1,0
BRDA:397,35,0,0
BRDA:397,35,1,0
BRDA:404,36,0,0
BRDA:415,37,0,0
BRDA:415,37,1,0
BRDA:422,38,0,0
BRDA:453,39,0,0
BRDA:465,40,0,0
BRDA:465,40,1,0
BRDA:473,41,0,0
BRDA:485,42,0,0
BRDA:485,42,1,0
BRDA:489,43,0,0
BRDA:501,44,0,0
BRDA:501,44,1,0
BRDA:505,45,0,0
BRDA:532,46,0,0
BRDA:532,46,1,0
BRDA:540,47,0,0
BRDA:540,47,1,0
BRDA:546,48,0,0
BRDA:580,49,0,0
BRDA:598,50,0,0
BRDA:607,51,0,0
BRDA:607,51,1,0
BRDA:617,52,0,0
BRDA:617,52,1,0
BRDA:626,53,0,0
BRDA:630,54,0,0
BRDA:664,55,0,0
BRDA:664,55,1,0
BRDA:666,56,0,0
BRDA:666,56,1,0
BRDA:669,57,0,0
BRDA:682,58,0,0
BRDA:682,58,1,0
BRDA:684,59,0,0
BRDA:684,59,1,0
BRDA:687,60,0,0
BRDA:695,61,0,0
BRDA:707,62,0,0
BRDA:720,63,0,0
BRDA:720,63,1,0
BRDA:727,64,0,0
BRF:92
BRH:0
end_of_record
TN:
SF:app/(stylist)/StylistHeader.tsx
FN:7,StylistHeader
FN:83,(anonymous_3)
FNF:2
FNH:0
FNDA:0,StylistHeader
FNDA:0,(anonymous_3)
DA:3,0
DA:4,0
DA:5,0
DA:7,0
DA:8,0
DA:83,0
LF:6
LH:0
BRDA:88,0,0,0
BRDA:97,1,0,0
BRF:2
BRH:0
end_of_record
TN:
SF:app/(stylist)/layout.tsx
FN:3,StylistLayout
FNF:1
FNH:0
FNDA:0,StylistLayout
DA:1,0
DA:3,0
LF:2
LH:0
BRF:0
BRH:0
end_of_record
TN:
SF:app/(stylist)/curation/page.tsx
FN:41,StylistCurationPage
FN:147,(anonymous_3)
FN:155,(anonymous_4)
FN:156,(anonymous_5)
FN:156,(anonymous_6)
FN:157,(anonymous_7)
FN:157,(anonymous_8)
FN:159,(anonymous_9)
FN:170,(anonymous_10)
FN:181,(anonymous_11)
FN:182,(anonymous_12)
FN:226,(anonymous_13)
FN:236,(anonymous_14)
FN:243,(anonymous_15)
FN:246,(anonymous_16)
FN:253,(anonymous_17)
FN:256,(anonymous_18)
FN:295,(anonymous_19)
FN:338,(anonymous_20)
FN:357,(anonymous_21)
FN:362,(anonymous_22)
FN:366,(anonymous_23)
FN:366,(anonymous_24)
FNF:23
FNH:0
FNDA:0,StylistCurationPage
FNDA:0,(anonymous_3)
FNDA:0,(anonymous_4)
FNDA:0,(anonymous_5)
FNDA:0,(anonymous_6)
FNDA:0,(anonymous_7)
FNDA:0,(anonymous_8)
FNDA:0,(anonymous_9)
FNDA:0,(anonymous_10)
FNDA:0,(anonymous_11)
FNDA:0,(anonymous_12)
FNDA:0,(anonymous_13)
FNDA:0,(anonymous_14)
FNDA:0,(anonymous_15)
FNDA:0,(anonymous_16)
FNDA:0,(anonymous_17)
FNDA:0,(anonymous_18)
FNDA:0,(anonymous_19)
FNDA:0,(anonymous_20)
FNDA:0,(anonymous_21)
FNDA:0,(anonymous_22)
FNDA:0,(anonymous_23)
FNDA:0,(anonymous_24)
DA:3,0
DA:4,0
DA:41,0
DA:42,0
DA:43,0
DA:147,0
DA:148,0
DA:149,0
DA:150,0
DA:151,0
DA:154,0
DA:155,0
DA:156,0
DA:157,0
DA:159,0
DA:160,0
DA:161,0
DA:162,0
DA:163,0
DA:164,0
DA:165,0
DA:166,0
DA:170,0
DA:171,0
DA:172,0
DA:173,0
DA:174,0
DA:175,0
DA:176,0
DA:177,0
DA:181,0
DA:182,0
DA:226,0
DA:236,0
DA:243,0
DA:246,0
DA:253,0
DA:256,0
DA:296,0
DA:339,0
DA:358,0
DA:359,0
DA:360,0
DA:363,0
DA:366,0
LF:45
LH:0
BRDA:148,0,0,0
BRDA:149,1,0,0
BRDA:150,2,0,0
BRDA:160,3,0,0
BRDA:160,3,1,0
BRDA:160,3,2,0
BRDA:160,3,3,0
BRDA:160,3,4,0
BRDA:160,3,5,0
BRDA:171,4,0,0
BRDA:171,4,1,0
BRDA:171,4,2,0
BRDA:171,4,3,0
BRDA:171,4,4,0
BRDA:171,4,5,0
BRDA:228,5,0,0
BRDA:228,5,1,0
BRDA:238,6,0,0
BRDA:238,6,1,0
BRDA:248,7,0,0
BRDA:248,7,1,0
BRDA:258,8,0,0
BRDA:258,8,1,0
BRDA:269,9,0,0
BRDA:277,10,0,0
BRDA:277,10,1,0
BRDA:279,11,0,0
BRDA:279,11,1,0
BRDA:281,12,0,0
BRDA:281,12,1,0
BRDA:358,13,0,0
BRDA:375,14,0,0
BRDA:386,15,0,0
BRDA:396,16,0,0
BRF:34
BRH:0
end_of_record
TN:
SF:app/(stylist)/curation/create/page.tsx
FN:24,CreateCurationPackagePage
FN:94,(anonymous_2)
FN:99,(anonymous_3)
FN:100,(anonymous_4)
FN:101,(anonymous_5)
FN:104,(anonymous_6)
FN:117,(anonymous_7)
FN:118,(anonymous_8)
FN:121,(anonymous_9)
FN:122,(anonymous_10)
FN:138,(anonymous_11)
FN:139,(anonymous_12)
FN:158,(anonymous_13)
FN:170,(anonymous_14)
FN:173,(anonymous_15)
FN:198,(anonymous_16)
FN:208,(anonymous_17)
FN:219,(anonymous_18)
FN:232,(anonymous_19)
FN:256,(anonymous_20)
FN:266,(anonymous_21)
FN:279,(anonymous_22)
FN:288,(anonymous_23)
FN:301,(anonymous_24)
FN:304,(anonymous_25)
FN:306,(anonymous_26)
FN:327,(anonymous_27)
FN:327,(anonymous_28)
FN:337,(anonymous_29)
FN:365,(anonymous_30)
FN:370,(anonymous_31)
FN:388,(anonymous_32)
FN:395,(anonymous_33)
FN:403,(anonymous_34)
FN:414,(anonymous_35)
FN:418,(anonymous_36)
FN:434,(anonymous_37)
FN:435,(anonymous_38)
FN:436,(anonymous_39)
FN:449,(anonymous_40)
FN:458,(anonymous_41)
FN:521,(anonymous_42)
FN:547,(anonymous_43)
FN:605,(anonymous_44)
FN:634,(anonymous_45)
FN:643,(anonymous_46)
FNF:46
FNH:0
FNDA:0,CreateCurationPackagePage
FNDA:0,(anonymous_2)
FNDA:0,(anonymous_3)
FNDA:0,(anonymous_4)
FNDA:0,(anonymous_5)
FNDA:0,(anonymous_6)
FNDA:0,(anonymous_7)
FNDA:0,(anonymous_8)
FNDA:0,(anonymous_9)
FNDA:0,(anonymous_10)
FNDA:0,(anonymous_11)
FNDA:0,(anonymous_12)
FNDA:0,(anonymous_13)
FNDA:0,(anonymous_14)
FNDA:0,(anonymous_15)
FNDA:0,(anonymous_16)
FNDA:0,(anonymous_17)
FNDA:0,(anonymous_18)
FNDA:0,(anonymous_19)
FNDA:0,(anonymous_20)
FNDA:0,(anonymous_21)
FNDA:0,(anonymous_22)
FNDA:0,(anonymous_23)
FNDA:0,(anonymous_24)
FNDA:0,(anonymous_25)
FNDA:0,(anonymous_26)
FNDA:0,(anonymous_27)
FNDA:0,(anonymous_28)
FNDA:0,(anonymous_29)
FNDA:0,(anonymous_30)
FNDA:0,(anonymous_31)
FNDA:0,(anonymous_32)
FNDA:0,(anonymous_33)
FNDA:0,(anonymous_34)
FNDA:0,(anonymous_35)
FNDA:0,(anonymous_36)
FNDA:0,(anonymous_37)
FNDA:0,(anonymous_38)
FNDA:0,(anonymous_39)
FNDA:0,(anonymous_40)
FNDA:0,(anonymous_41)
FNDA:0,(anonymous_42)
FNDA:0,(anonymous_43)
FNDA:0,(anonymous_44)
FNDA:0,(anonymous_45)
FNDA:0,(anonymous_46)
DA:3,0
DA:4,0
DA:24,0
DA:25,0
DA:26,0
DA:27,0
DA:28,0
DA:29,0
DA:30,0
DA:31,0
DA:32,0
DA:34,0
DA:44,0
DA:46,0
DA:89,0
DA:94,0
DA:95,0
DA:96,0
DA:99,0
DA:100,0
DA:101,0
DA:104,0
DA:105,0
DA:106,0
DA:113,0
DA:117,0
DA:118,0
DA:121,0
DA:122,0
DA:123,0
DA:124,0
DA:126,0
DA:136,0
DA:138,0
DA:139,0
DA:140,0
DA:141,0
DA:142,0
DA:143,0
DA:146,0
DA:147,0
DA:148,0
DA:149,0
DA:150,0
DA:151,0
DA:153,0
DA:158,0
DA:159,0
DA:171,0
DA:173,0
DA:198,0
DA:208,0
DA:219,0
DA:232,0
DA:256,0
DA:266,0
DA:279,0
DA:288,0
DA:302,0
DA:305,0
DA:306,0
DA:308,0
DA:327,0
DA:337,0
DA:366,0
DA:370,0
DA:388,0
DA:395,0
DA:403,0
DA:414,0
DA:419,0
DA:435,0
DA:436,0
DA:438,0
DA:450,0
DA:458,0
DA:521,0
DA:548,0
DA:587,0
DA:606,0
DA:634,0
DA:643,0
LF:82
LH:0
BRDA:105,0,0,0
BRDA:105,1,0,0
BRDA:105,1,1,0
BRDA:105,1,2,0
BRDA:141,2,0,0
BRDA:146,3,0,0
BRDA:146,3,1,0
BRDA:148,4,0,0
BRDA:148,4,1,0
BRDA:150,5,0,0
BRDA:150,5,1,0
BRDA:159,6,0,0
BRDA:175,7,0,0
BRDA:175,7,1,0
BRDA:305,8,0,0
BRDA:305,8,1,0
BRDA:311,9,0,0
BRDA:311,9,1,0
BRDA:368,10,0,0
BRDA:394,11,0,0
BRDA:394,11,1,0
BRDA:425,12,0,0
BRDA:425,12,1,0
BRDA:425,12,2,0
BRDA:446,13,0,0
BRDA:474,14,0,0
BRDA:608,15,0,0
BRDA:608,15,1,0
BRDA:610,16,0,0
BRDA:610,16,1,0
BRDA:614,17,0,0
BRDA:614,17,1,0
BRDA:617,18,0,0
BRDA:617,18,1,0
BRDA:621,19,0,0
BRDA:642,20,0,0
BRF:36
BRH:0
end_of_record
TN:
SF:app/(stylist)/dashboard/DashboardSkeleton.tsx
FN:1,DashboardSkeleton
FN:6,(anonymous_2)
FN:23,(anonymous_3)
FN:42,(anonymous_4)
FN:64,(anonymous_5)
FNF:5
FNH:0
FNDA:0,DashboardSkeleton
FNDA:0,(anonymous_2)
FNDA:0,(anonymous_3)
FNDA:0,(anonymous_4)
FNDA:0,(anonymous_5)
DA:1,0
DA:7,0
DA:24,0
DA:43,0
DA:65,0
LF:5
LH:0
BRF:0
BRH:0
end_of_record
TN:
SF:app/(stylist)/dashboard/StylistDashboardContent.tsx
FN:61,StylistDashboardContent
FN:71,(anonymous_2)
FN:85,(anonymous_3)
FN:141,(anonymous_4)
FN:202,(anonymous_5)
FN:241,(anonymous_6)
FN:258,(anonymous_7)
FN:275,(anonymous_8)
FN:292,(anonymous_9)
FN:309,(anonymous_10)
FN:316,(anonymous_11)
FN:336,(anonymous_12)
FN:340,(anonymous_13)
FN:344,(anonymous_14)
FN:348,(anonymous_15)
FN:349,(anonymous_16)
FN:349,(anonymous_17)
FN:355,(anonymous_18)
FN:365,(anonymous_19)
FN:396,(anonymous_20)
FN:471,(anonymous_21)
FN:474,(anonymous_22)
FN:577,(anonymous_23)
FN:580,(anonymous_24)
FN:588,(anonymous_25)
FN:643,(anonymous_26)
FN:646,(anonymous_27)
FN:655,(anonymous_28)
FN:697,(anonymous_29)
FN:735,(anonymous_30)
FNF:30
FNH:0
FNDA:0,StylistDashboardContent
FNDA:0,(anonymous_2)
FNDA:0,(anonymous_3)
FNDA:0,(anonymous_4)
FNDA:0,(anonymous_5)
FNDA:0,(anonymous_6)
FNDA:0,(anonymous_7)
FNDA:0,(anonymous_8)
FNDA:0,(anonymous_9)
FNDA:0,(anonymous_10)
FNDA:0,(anonymous_11)
FNDA:0,(anonymous_12)
FNDA:0,(anonymous_13)
FNDA:0,(anonymous_14)
FNDA:0,(anonymous_15)
FNDA:0,(anonymous_16)
FNDA:0,(anonymous_17)
FNDA:0,(anonymous_18)
FNDA:0,(anonymous_19)
FNDA:0,(anonymous_20)
FNDA:0,(anonymous_21)
FNDA:0,(anonymous_22)
FNDA:0,(anonymous_23)
FNDA:0,(anonymous_24)
FNDA:0,(anonymous_25)
FNDA:0,(anonymous_26)
FNDA:0,(anonymous_27)
FNDA:0,(anonymous_28)
FNDA:0,(anonymous_29)
FNDA:0,(anonymous_30)
DA:3,0
DA:4,0
DA:13,0
DA:61,0
DA:62,0
DA:63,0
DA:64,0
DA:65,0
DA:66,0
DA:67,0
DA:68,0
DA:69,0
DA:71,0
DA:72,0
DA:82,0
DA:85,0
DA:86,0
DA:138,0
DA:141,0
DA:142,0
DA:199,0
DA:202,0
DA:203,0
DA:238,0
DA:241,0
DA:242,0
DA:244,0
DA:245,0
DA:246,0
DA:247,0
DA:249,0
DA:252,0
DA:254,0
DA:258,0
DA:259,0
DA:261,0
DA:262,0
DA:263,0
DA:264,0
DA:266,0
DA:269,0
DA:271,0
DA:275,0
DA:276,0
DA:278,0
DA:279,0
DA:280,0
DA:281,0
DA:283,0
DA:286,0
DA:288,0
DA:292,0
DA:293,0
DA:295,0
DA:296,0
DA:297,0
DA:298,0
DA:300,0
DA:303,0
DA:305,0
DA:309,0
DA:310,0
DA:311,0
DA:312,0
DA:313,0
DA:316,0
DA:317,0
DA:318,0
DA:320,0
DA:327,0
DA:328,0
DA:330,0
DA:332,0
DA:336,0
DA:337,0
DA:340,0
DA:341,0
DA:344,0
DA:345,0
DA:348,0
DA:349,0
DA:350,0
DA:352,0
DA:355,0
DA:356,0
DA:357,0
DA:358,0
DA:359,0
DA:360,0
DA:361,0
DA:365,0
DA:366,0
DA:367,0
DA:368,0
DA:369,0
DA:370,0
DA:374,0
DA:396,0
DA:472,0
DA:474,0
DA:578,0
DA:580,0
DA:589,0
DA:644,0
DA:646,0
DA:656,0
DA:698,0
DA:735,0
LF:108
LH:0
BRDA:245,0,0,0
BRDA:245,0,1,0
BRDA:247,1,0,0
BRDA:247,1,1,0
BRDA:262,2,0,0
BRDA:262,2,1,0
BRDA:264,3,0,0
BRDA:264,3,1,0
BRDA:279,4,0,0
BRDA:279,4,1,0
BRDA:281,5,0,0
BRDA:281,5,1,0
BRDA:296,6,0,0
BRDA:296,6,1,0
BRDA:298,7,0,0
BRDA:298,7,1,0
BRDA:350,8,0,0
BRDA:350,8,1,0
BRDA:356,9,0,0
BRDA:356,9,1,0
BRDA:356,9,2,0
BRDA:356,9,3,0
BRDA:356,9,4,0
BRDA:366,10,0,0
BRDA:366,10,1,0
BRDA:366,10,2,0
BRDA:366,10,3,0
BRDA:374,11,0,0
BRDA:406,12,0,0
BRDA:476,13,0,0
BRDA:476,13,1,0
BRDA:491,14,0,0
BRDA:548,15,0,0
BRDA:548,15,1,0
BRDA:553,16,0,0
BRDA:553,16,1,0
BRDA:558,17,0,0
BRDA:558,17,1,0
BRDA:567,18,0,0
BRDA:627,19,0,0
BRDA:680,20,0,0
BRDA:692,21,0,0
BRDA:703,22,0,0
BRDA:703,22,1,0
BRDA:704,23,0,0
BRDA:704,23,1,0
BRDA:707,24,0,0
BRDA:707,24,1,0
BRDA:722,25,0,0
BRDA:733,26,0,0
BRDA:733,26,1,0
BRDA:742,27,0,0
BRDA:748,28,0,0
BRDA:763,29,0,0
BRF:54
BRH:0
end_of_record
TN:
SF:app/(stylist)/dashboard/page.tsx
FN:5,StylistDashboardPage
FNF:1
FNH:0
FNDA:0,StylistDashboardPage
DA:1,0
DA:2,0
DA:3,0
DA:5,0
LF:4
LH:0
BRF:0
BRH:0
end_of_record
TN:
SF:app/actions/cart.ts
FN:6,addToCart
FN:75,removeFromCart
FN:103,updateCartQuantity
FN:135,clearCart
FNF:4
FNH:0
FNDA:0,addToCart
FNDA:0,removeFromCart
FNDA:0,updateCartQuantity
FNDA:0,clearCart
DA:3,0
DA:4,0
DA:6,0
DA:7,0
DA:8,0
DA:9,0
DA:11,0
DA:12,0
DA:16,0
DA:22,0
DA:24,0
DA:28,0
DA:29,0
DA:30,0
DA:34,0
DA:39,0
DA:40,0
DA:41,0
DA:44,0
DA:45,0
DA:49,0
DA:60,0
DA:61,0
DA:62,0
DA:66,0
DA:67,0
DA:68,0
DA:70,0
DA:71,0
DA:75,0
DA:76,0
DA:77,0
DA:78,0
DA:80,0
DA:81,0
DA:84,0
DA:89,0
DA:90,0
DA:91,0
DA:94,0
DA:95,0
DA:96,0
DA:98,0
DA:99,0
DA:103,0
DA:104,0
DA:105,0
DA:106,0
DA:108,0
DA:109,0
DA:112,0
DA:113,0
DA:116,0
DA:121,0
DA:122,0
DA:123,0
DA:126,0
DA:127,0
DA:128,0
DA:130,0
DA:131,0
DA:135,0
DA:136,0
DA:137,0
DA:138,0
DA:140,0
DA:141,0
DA:144,0
DA:148,0
DA:149,0
DA:150,0
DA:153,0
DA:154,0
DA:155,0
DA:157,0
DA:158,0
LF:76
LH:0
BRDA:6,0,0,0
BRDA:11,1,0,0
BRDA:22,2,0,0
BRDA:22,2,1,0
BRDA:28,3,0,0
BRDA:39,4,0,0
BRDA:39,5,0,0
BRDA:39,5,1,0
BRDA:44,6,0,0
BRDA:54,7,0,0
BRDA:54,7,1,0
BRDA:55,8,0,0
BRDA:55,8,1,0
BRDA:56,9,0,0
BRDA:56,9,1,0
BRDA:57,10,0,0
BRDA:57,10,1,0
BRDA:60,11,0,0
BRDA:80,12,0,0
BRDA:89,13,0,0
BRDA:108,14,0,0
BRDA:112,15,0,0
BRDA:121,16,0,0
BRDA:140,17,0,0
BRDA:148,18,0,0
BRF:25
BRH:0
end_of_record
TN:
SF:app/admin/page.tsx
FN:3,AdminPage
FNF:1
FNH:0
FNDA:0,AdminPage
DA:1,0
DA:3,0
LF:2
LH:0
BRF:0
BRH:0
end_of_record
TN:
SF:app/admin/monitoring/page.tsx
FN:20,AdminMonitoringPage
FN:27,(anonymous_2)
FN:33,(anonymous_3)
FN:38,(anonymous_4)
FN:42,(anonymous_5)
FN:54,(anonymous_6)
FN:68,(anonymous_7)
FN:177,(anonymous_8)
FN:214,(anonymous_9)
FN:258,(anonymous_10)
FNF:10
FNH:0
FNDA:0,AdminMonitoringPage
FNDA:0,(anonymous_2)
FNDA:0,(anonymous_3)
FNDA:0,(anonymous_4)
FNDA:0,(anonymous_5)
FNDA:0,(anonymous_6)
FNDA:0,(anonymous_7)
FNDA:0,(anonymous_8)
FNDA:0,(anonymous_9)
FNDA:0,(anonymous_10)
DA:3,0
DA:4,0
DA:5,0
DA:20,0
DA:21,0
DA:22,0
DA:23,0
DA:24,0
DA:25,0
DA:27,0
DA:28,0
DA:29,0
DA:33,0
DA:34,0
DA:35,0
DA:37,0
DA:38,0
DA:42,0
DA:43,0
DA:44,0
DA:45,0
DA:46,0
DA:47,0
DA:50,0
DA:54,0
DA:55,0
DA:56,0
DA:57,0
DA:58,0
DA:59,0
DA:62,0
DA:64,0
DA:68,0
DA:69,0
DA:70,0
DA:71,0
DA:72,0
DA:73,0
DA:76,0
DA:78,0
DA:82,0
DA:90,0
DA:91,0
DA:178,0
DA:215,0
DA:259,0
LF:46
LH:0
BRDA:28,0,0,0
BRDA:28,1,0,0
BRDA:28,1,1,0
BRDA:28,1,2,0
BRDA:34,2,0,0
BRDA:34,3,0,0
BRDA:34,3,1,0
BRDA:45,4,0,0
BRDA:58,5,0,0
BRDA:72,6,0,0
BRDA:82,7,0,0
BRDA:90,8,0,0
BRDA:90,9,0,0
BRDA:90,9,1,0
BRDA:111,10,0,0
BRDA:111,10,1,0
BRDA:117,11,0,0
BRDA:117,11,1,0
BRDA:120,12,0,0
BRDA:120,12,1,0
BRDA:124,13,0,0
BRDA:124,13,1,0
BRDA:127,14,0,0
BRDA:127,14,1,0
BRDA:134,15,0,0
BRDA:176,16,0,0
BRDA:175,17,0,0
BRDA:175,17,1,0
BRDA:179,18,0,0
BRDA:179,18,1,0
BRDA:180,19,0,0
BRDA:180,19,1,0
BRDA:181,20,0,0
BRDA:181,20,1,0
BRDA:193,21,0,0
BRDA:193,21,1,0
BRDA:194,22,0,0
BRDA:194,22,1,0
BRDA:195,23,0,0
BRDA:195,23,1,0
BRDA:213,24,0,0
BRDA:212,25,0,0
BRDA:212,25,1,0
BRDA:218,26,0,0
BRDA:218,26,1,0
BRDA:219,27,0,0
BRDA:219,27,1,0
BRDA:220,28,0,0
BRDA:220,28,1,0
BRDA:241,29,0,0
BRDA:265,30,0,0
BRDA:265,30,1,0
BRDA:271,31,0,0
BRDA:271,31,1,0
BRF:54
BRH:0
end_of_record
TN:
SF:app/ai-stylist/page.tsx
FN:55,AIStylistPage
FN:76,(anonymous_2)
FN:82,(anonymous_3)
FN:170,(anonymous_4)
FN:176,(anonymous_5)
FN:198,(anonymous_6)
FN:206,(anonymous_7)
FN:209,(anonymous_8)
FN:213,(anonymous_9)
FN:234,(anonymous_10)
FN:238,(anonymous_11)
FN:242,(anonymous_12)
FN:254,(anonymous_13)
FN:258,(anonymous_14)
FN:269,(anonymous_15)
FN:273,(anonymous_16)
FN:284,(anonymous_17)
FN:288,(anonymous_18)
FN:292,(anonymous_19)
FN:304,(anonymous_20)
FN:308,(anonymous_21)
FN:312,(anonymous_22)
FN:325,(anonymous_23)
FN:326,(anonymous_24)
FN:335,(anonymous_25)
FN:335,(anonymous_26)
FN:341,(anonymous_27)
FN:347,(anonymous_28)
FN:348,(anonymous_29)
FN:353,(anonymous_30)
FN:354,(anonymous_31)
FN:377,(anonymous_32)
FN:384,(anonymous_33)
FN:385,(anonymous_34)
FN:389,(anonymous_35)
FN:402,(anonymous_36)
FN:403,(anonymous_37)
FN:410,(anonymous_38)
FN:411,(anonymous_39)
FN:426,(anonymous_40)
FN:427,(anonymous_41)
FN:437,(anonymous_42)
FN:439,(anonymous_43)
FN:450,(anonymous_44)
FN:464,(anonymous_45)
FN:485,(anonymous_46)
FN:494,(anonymous_47)
FN:500,(anonymous_48)
FN:503,(anonymous_49)
FN:509,(anonymous_50)
FN:512,(anonymous_51)
FN:518,(anonymous_52)
FN:521,(anonymous_53)
FN:585,(anonymous_54)
FN:596,(anonymous_55)
FN:608,(anonymous_56)
FN:623,(anonymous_57)
FN:638,(anonymous_58)
FN:643,(anonymous_59)
FN:655,(anonymous_60)
FN:660,(anonymous_61)
FN:672,(anonymous_62)
FN:677,(anonymous_63)
FN:690,(anonymous_64)
FN:731,(anonymous_65)
FN:744,(anonymous_66)
FN:754,(anonymous_67)
FN:774,(anonymous_68)
FN:779,(anonymous_69)
FN:781,(anonymous_70)
FN:785,(anonymous_71)
FN:799,(anonymous_72)
FN:822,(anonymous_73)
FN:830,(anonymous_74)
FN:858,(anonymous_75)
FN:863,(anonymous_76)
FN:879,(anonymous_77)
FN:902,(anonymous_78)
FN:910,(anonymous_79)
FN:917,(anonymous_80)
FN:948,(anonymous_81)
FN:954,(anonymous_82)
FN:971,(anonymous_83)
FN:1004,(anonymous_84)
FN:1015,(anonymous_85)
FN:1029,(anonymous_86)
FN:1037,(anonymous_87)
FN:1060,(anonymous_88)
FN:1077,(anonymous_89)
FN:1085,(anonymous_90)
FN:1109,(anonymous_91)
FNF:91
FNH:0
FNDA:0,AIStylistPage
FNDA:0,(anonymous_2)
FNDA:0,(anonymous_3)
FNDA:0,(anonymous_4)
FNDA:0,(anonymous_5)
FNDA:0,(anonymous_6)
FNDA:0,(anonymous_7)
FNDA:0,(anonymous_8)
FNDA:0,(anonymous_9)
FNDA:0,(anonymous_10)
FNDA:0,(anonymous_11)
FNDA:0,(anonymous_12)
FNDA:0,(anonymous_13)
FNDA:0,(anonymous_14)
FNDA:0,(anonymous_15)
FNDA:0,(anonymous_16)
FNDA:0,(anonymous_17)
FNDA:0,(anonymous_18)
FNDA:0,(anonymous_19)
FNDA:0,(anonymous_20)
FNDA:0,(anonymous_21)
FNDA:0,(anonymous_22)
FNDA:0,(anonymous_23)
FNDA:0,(anonymous_24)
FNDA:0,(anonymous_25)
FNDA:0,(anonymous_26)
FNDA:0,(anonymous_27)
FNDA:0,(anonymous_28)
FNDA:0,(anonymous_29)
FNDA:0,(anonymous_30)
FNDA:0,(anonymous_31)
FNDA:0,(anonymous_32)
FNDA:0,(anonymous_33)
FNDA:0,(anonymous_34)
FNDA:0,(anonymous_35)
FNDA:0,(anonymous_36)
FNDA:0,(anonymous_37)
FNDA:0,(anonymous_38)
FNDA:0,(anonymous_39)
FNDA:0,(anonymous_40)
FNDA:0,(anonymous_41)
FNDA:0,(anonymous_42)
FNDA:0,(anonymous_43)
FNDA:0,(anonymous_44)
FNDA:0,(anonymous_45)
FNDA:0,(anonymous_46)
FNDA:0,(anonymous_47)
FNDA:0,(anonymous_48)
FNDA:0,(anonymous_49)
FNDA:0,(anonymous_50)
FNDA:0,(anonymous_51)
FNDA:0,(anonymous_52)
FNDA:0,(anonymous_53)
FNDA:0,(anonymous_54)
FNDA:0,(anonymous_55)
FNDA:0,(anonymous_56)
FNDA:0,(anonymous_57)
FNDA:0,(anonymous_58)
FNDA:0,(anonymous_59)
FNDA:0,(anonymous_60)
FNDA:0,(anonymous_61)
FNDA:0,(anonymous_62)
FNDA:0,(anonymous_63)
FNDA:0,(anonymous_64)
FNDA:0,(anonymous_65)
FNDA:0,(anonymous_66)
FNDA:0,(anonymous_67)
FNDA:0,(anonymous_68)
FNDA:0,(anonymous_69)
FNDA:0,(anonymous_70)
FNDA:0,(anonymous_71)
FNDA:0,(anonymous_72)
FNDA:0,(anonymous_73)
FNDA:0,(anonymous_74)
FNDA:0,(anonymous_75)
FNDA:0,(anonymous_76)
FNDA:0,(anonymous_77)
FNDA:0,(anonymous_78)
FNDA:0,(anonymous_79)
FNDA:0,(anonymous_80)
FNDA:0,(anonymous_81)
FNDA:0,(anonymous_82)
FNDA:0,(anonymous_83)
FNDA:0,(anonymous_84)
FNDA:0,(anonymous_85)
FNDA:0,(anonymous_86)
FNDA:0,(anonymous_87)
FNDA:0,(anonymous_88)
FNDA:0,(anonymous_89)
FNDA:0,(anonymous_90)
FNDA:0,(anonymous_91)
DA:7,0
DA:8,0
DA:9,0
DA:44,0
DA:55,0
DA:56,0
DA:57,0
DA:58,0
DA:59,0
DA:60,0
DA:61,0
DA:62,0
DA:63,0
DA:64,0
DA:65,0
DA:66,0
DA:67,0
DA:68,0
DA:69,0
DA:70,0
DA:71,0
DA:72,0
DA:73,0
DA:76,0
DA:77,0
DA:78,0
DA:82,0
DA:83,0
DA:84,0
DA:87,0
DA:145,0
DA:147,0
DA:148,0
DA:149,0
DA:150,0
DA:151,0
DA:152,0
DA:153,0
DA:154,0
DA:156,0
DA:159,0
DA:162,0
DA:163,0
DA:165,0
DA:170,0
DA:171,0
DA:172,0
DA:176,0
DA:177,0
DA:178,0
DA:180,0
DA:181,0
DA:182,0
DA:183,0
DA:187,0
DA:188,0
DA:189,0
DA:192,0
DA:198,0
DA:199,0
DA:201,0
DA:202,0
DA:203,0
DA:206,0
DA:208,0
DA:209,0
DA:212,0
DA:213,0
DA:216,0
DA:218,0
DA:222,0
DA:223,0
DA:224,0
DA:228,0
DA:231,0
DA:234,0
DA:235,0
DA:238,0
DA:239,0
DA:242,0
DA:243,0
DA:247,0
DA:248,0
DA:249,0
DA:250,0
DA:254,0
DA:255,0
DA:258,0
DA:259,0
DA:263,0
DA:264,0
DA:265,0
DA:269,0
DA:270,0
DA:273,0
DA:274,0
DA:278,0
DA:279,0
DA:280,0
DA:284,0
DA:285,0
DA:288,0
DA:289,0
DA:292,0
DA:293,0
DA:297,0
DA:298,0
DA:299,0
DA:300,0
DA:304,0
DA:305,0
DA:308,0
DA:309,0
DA:312,0
DA:313,0
DA:317,0
DA:318,0
DA:319,0
DA:320,0
DA:324,0
DA:325,0
DA:326,0
DA:327,0
DA:328,0
DA:334,0
DA:335,0
DA:336,0
DA:337,0
DA:340,0
DA:341,0
DA:344,0
DA:347,0
DA:348,0
DA:350,0
DA:353,0
DA:354,0
DA:356,0
DA:359,0
DA:361,0
DA:373,0
DA:377,0
DA:378,0
DA:379,0
DA:384,0
DA:385,0
DA:388,0
DA:389,0
DA:391,0
DA:394,0
DA:396,0
DA:397,0
DA:402,0
DA:403,0
DA:405,0
DA:406,0
DA:407,0
DA:410,0
DA:411,0
DA:413,0
DA:414,0
DA:415,0
DA:416,0
DA:419,0
DA:421,0
DA:426,0
DA:427,0
DA:428,0
DA:429,0
DA:430,0
DA:432,0
DA:437,0
DA:438,0
DA:439,0
DA:440,0
DA:441,0
DA:442,0
DA:444,0
DA:450,0
DA:451,0
DA:452,0
DA:453,0
DA:456,0
DA:457,0
DA:460,0
DA:462,0
DA:464,0
DA:467,0
DA:468,0
DA:471,0
DA:474,0
DA:477,0
DA:478,0
DA:480,0
DA:485,0
DA:486,0
DA:487,0
DA:488,0
DA:489,0
DA:490,0
DA:494,0
DA:496,0
DA:500,0
DA:501,0
DA:503,0
DA:505,0
DA:509,0
DA:510,0
DA:512,0
DA:514,0
DA:518,0
DA:519,0
DA:521,0
DA:523,0
DA:527,0
DA:585,0
DA:596,0
DA:608,0
DA:623,0
DA:639,0
DA:643,0
DA:656,0
DA:660,0
DA:673,0
DA:677,0
DA:690,0
DA:732,0
DA:733,0
DA:744,0
DA:754,0
DA:775,0
DA:779,0
DA:781,0
DA:785,0
DA:800,0
DA:822,0
DA:830,0
DA:859,0
DA:863,0
DA:880,0
DA:902,0
DA:910,0
DA:917,0
DA:949,0
DA:954,0
DA:972,0
DA:1005,0
DA:1016,0
DA:1017,0
DA:1018,0
DA:1029,0
DA:1037,0
DA:1060,0
DA:1077,0
DA:1086,0
DA:1110,0
DA:1111,0
LF:256
LH:0
BRDA:150,0,0,0
BRDA:150,0,1,0
BRDA:152,1,0,0
BRDA:152,1,1,0
BRDA:152,2,0,0
BRDA:152,2,1,0
BRDA:177,3,0,0
BRDA:181,4,0,0
BRDA:188,5,0,0
BRDA:199,6,0,0
BRDA:208,7,0,0
BRDA:208,7,1,0
BRDA:212,8,0,0
BRDA:212,8,1,0
BRDA:218,9,0,0
BRDA:218,9,1,0
BRDA:218,9,2,0
BRDA:223,10,0,0
BRDA:223,10,1,0
BRDA:224,11,0,0
BRDA:224,11,1,0
BRDA:231,12,0,0
BRDA:231,12,1,0
BRDA:231,12,2,0
BRDA:231,12,3,0
BRDA:231,12,4,0
BRDA:231,12,5,0
BRDA:235,13,0,0
BRDA:235,13,1,0
BRDA:235,13,2,0
BRDA:235,13,3,0
BRDA:239,14,0,0
BRDA:239,14,1,0
BRDA:239,14,2,0
BRDA:239,14,3,0
BRDA:243,15,0,0
BRDA:243,15,1,0
BRDA:243,15,2,0
BRDA:247,16,0,0
BRDA:248,17,0,0
BRDA:249,18,0,0
BRDA:255,19,0,0
BRDA:255,19,1,0
BRDA:255,19,2,0
BRDA:255,19,3,0
BRDA:259,20,0,0
BRDA:259,20,1,0
BRDA:259,20,2,0
BRDA:259,20,3,0
BRDA:263,21,0,0
BRDA:264,22,0,0
BRDA:270,23,0,0
BRDA:270,23,1,0
BRDA:270,23,2,0
BRDA:270,23,3,0
BRDA:274,24,0,0
BRDA:274,24,1,0
BRDA:274,24,2,0
BRDA:274,24,3,0
BRDA:278,25,0,0
BRDA:279,26,0,0
BRDA:285,27,0,0
BRDA:285,27,1,0
BRDA:285,27,2,0
BRDA:285,27,3,0
BRDA:289,28,0,0
BRDA:289,28,1,0
BRDA:289,28,2,0
BRDA:289,28,3,0
BRDA:293,29,0,0
BRDA:293,29,1,0
BRDA:293,29,2,0
BRDA:293,29,3,0
BRDA:297,30,0,0
BRDA:298,31,0,0
BRDA:299,32,0,0
BRDA:305,33,0,0
BRDA:305,33,1,0
BRDA:305,33,2,0
BRDA:305,33,3,0
BRDA:309,34,0,0
BRDA:309,34,1,0
BRDA:309,34,2,0
BRDA:309,34,3,0
BRDA:313,35,0,0
BRDA:313,35,1,0
BRDA:313,35,2,0
BRDA:317,36,0,0
BRDA:318,37,0,0
BRDA:319,38,0,0
BRDA:327,39,0,0
BRDA:334,40,0,0
BRDA:340,41,0,0
BRDA:378,42,0,0
BRDA:388,43,0,0
BRDA:388,43,1,0
BRDA:396,44,0,0
BRDA:405,45,0,0
BRDA:405,45,1,0
BRDA:413,46,0,0
BRDA:428,47,0,0
BRDA:428,47,1,0
BRDA:429,48,0,0
BRDA:438,49,0,0
BRDA:440,50,0,0
BRDA:440,50,1,0
BRDA:441,51,0,0
BRDA:451,52,0,0
BRDA:451,53,0,0
BRDA:451,53,1,0
BRDA:451,53,2,0
BRDA:501,54,0,0
BRDA:501,54,1,0
BRDA:510,55,0,0
BRDA:510,55,1,0
BRDA:519,56,0,0
BRDA:519,56,1,0
BRDA:527,57,0,0
BRDA:550,58,0,0
BRDA:561,59,0,0
BRDA:568,60,0,0
BRDA:596,61,0,0
BRDA:596,61,1,0
BRDA:709,62,0,0
BRDA:726,63,0,0
BRDA:736,64,0,0
BRDA:736,64,1,0
BRDA:736,65,0,0
BRDA:736,65,1,0
BRDA:746,66,0,0
BRDA:746,66,1,0
BRDA:756,67,0,0
BRDA:756,67,1,0
BRDA:766,68,0,0
BRDA:766,68,1,0
BRDA:766,68,2,0
BRDA:781,69,0,0
BRDA:781,69,1,0
BRDA:785,70,0,0
BRDA:785,70,1,0
BRDA:843,71,0,0
BRDA:851,72,0,0
BRDA:931,73,0,0
BRDA:939,74,0,0
BRDA:958,75,0,0
BRDA:958,75,1,0
BRDA:996,76,0,0
BRDA:996,76,1,0
BRDA:1004,77,0,0
BRDA:1004,77,1,0
BRDA:1016,78,0,0
BRDA:1070,79,0,0
BRF:152
BRH:0
end_of_record
TN:
SF:app/api/admin/route.ts
FN:6,GET
FN:44,(anonymous_5)
FN:44,(anonymous_6)
FN:122,(anonymous_7)
FN:122,(anonymous_8)
FN:140,PUT
FNF:6
FNH:0
FNDA:0,GET
FNDA:0,(anonymous_5)
FNDA:0,(anonymous_6)
FNDA:0,(anonymous_7)
FNDA:0,(anonymous_8)
FNDA:0,PUT
DA:1,0
DA:2,0
DA:4,0
DA:6,0
DA:7,0
DA:8,0
DA:11,0
DA:12,0
DA:13,0
DA:15,0
DA:21,0
DA:22,0
DA:25,0
DA:26,0
DA:28,0
DA:37,0
DA:44,0
DA:46,0
DA:58,0
DA:60,0
DA:69,0
DA:70,0
DA:71,0
DA:74,0
DA:77,0
DA:79,0
DA:85,0
DA:86,0
DA:87,0
DA:90,0
DA:93,0
DA:95,0
DA:101,0
DA:102,0
DA:103,0
DA:106,0
DA:116,0
DA:122,0
DA:124,0
DA:135,0
DA:136,0
DA:140,0
DA:141,0
DA:142,0
DA:145,0
DA:146,0
DA:147,0
DA:149,0
DA:155,0
DA:156,0
DA:159,0
DA:160,0
DA:162,0
DA:163,0
DA:166,0
DA:169,0
DA:178,0
DA:179,0
DA:180,0
DA:183,0
DA:188,0
DA:193,0
DA:194,0
DA:195,0
DA:198,0
DA:203,0
DA:212,0
DA:213,0
DA:214,0
DA:217,0
DA:221,0
DA:225,0
DA:226,0
LF:73
LH:0
BRDA:12,0,0,0
BRDA:12,1,0,0
BRDA:12,1,1,0
BRDA:21,2,0,0
BRDA:21,3,0,0
BRDA:21,3,1,0
BRDA:28,4,0,0
BRDA:48,5,0,0
BRDA:48,5,1,0
BRDA:49,6,0,0
BRDA:49,6,1,0
BRDA:50,7,0,0
BRDA:50,7,1,0
BRDA:51,8,0,0
BRDA:51,8,1,0
BRDA:52,9,0,0
BRDA:52,9,1,0
BRDA:53,10,0,0
BRDA:53,10,1,0
BRDA:58,11,0,0
BRDA:69,12,0,0
BRDA:77,13,0,0
BRDA:85,14,0,0
BRDA:93,15,0,0
BRDA:101,16,0,0
BRDA:126,17,0,0
BRDA:126,17,1,0
BRDA:127,18,0,0
BRDA:127,18,1,0
BRDA:128,19,0,0
BRDA:128,19,1,0
BRDA:129,20,0,0
BRDA:129,20,1,0
BRDA:130,21,0,0
BRDA:130,21,1,0
BRDA:146,22,0,0
BRDA:146,23,0,0
BRDA:146,23,1,0
BRDA:155,24,0,0
BRDA:155,25,0,0
BRDA:155,25,1,0
BRDA:162,26,0,0
BRDA:162,27,0,0
BRDA:162,27,1,0
BRDA:166,28,0,0
BRDA:166,28,1,0
BRDA:166,28,2,0
BRDA:166,28,3,0
BRDA:178,29,0,0
BRDA:193,30,0,0
BRDA:212,31,0,0
BRF:51
BRH:0
end_of_record
TN:
SF:app/api/admin/monitoring/route.ts
FN:8,GET
FN:55,(anonymous_2)
FN:58,(anonymous_3)
FN:61,(anonymous_4)
FNF:4
FNH:0
FNDA:0,GET
FNDA:0,(anonymous_2)
FNDA:0,(anonymous_3)
FNDA:0,(anonymous_4)
DA:1,0
DA:2,0
DA:3,0
DA:8,0
DA:9,0
DA:11,0
DA:12,0
DA:13,0
DA:19,0
DA:22,0
DA:23,0
DA:24,0
DA:27,0
DA:32,0
DA:33,0
DA:37,0
DA:42,0
DA:47,0
DA:53,0
DA:54,0
DA:55,0
DA:57,0
DA:58,0
DA:60,0
DA:61,0
DA:64,0
DA:78,0
DA:79,0
LF:28
LH:0
BRDA:12,0,0,0
BRDA:23,1,0,0
BRDA:23,2,0,0
BRDA:23,2,1,0
BRDA:32,3,0,0
BRDA:32,4,0,0
BRDA:32,4,1,0
BRDA:53,5,0,0
BRDA:53,5,1,0
BRDA:54,6,0,0
BRDA:54,6,1,0
BRDA:57,7,0,0
BRDA:57,7,1,0
BRDA:60,8,0,0
BRDA:60,8,1,0
BRDA:66,9,0,0
BRDA:66,9,1,0
BRDA:67,10,0,0
BRDA:67,10,1,0
BRDA:68,11,0,0
BRDA:68,11,1,0
BRDA:69,12,0,0
BRDA:69,12,1,0
BRF:23
BRH:0
end_of_record
TN:
SF:app/api/admin/monitoring/start/route.ts
FN:8,POST
FNF:1
FNH:0
FNDA:0,POST
DA:1,0
DA:2,0
DA:3,0
DA:4,0
DA:8,0
DA:9,0
DA:11,0
DA:12,0
DA:13,0
DA:19,0
DA:22,0
DA:23,0
DA:24,0
DA:27,0
DA:32,0
DA:33,0
DA:37,0
DA:39,0
DA:45,0
DA:46,0
LF:20
LH:0
BRDA:12,0,0,0
BRDA:23,1,0,0
BRDA:23,2,0,0
BRDA:23,2,1,0
BRDA:32,3,0,0
BRDA:32,4,0,0
BRDA:32,4,1,0
BRF:7
BRH:0
end_of_record
TN:
SF:app/api/admin/monitoring/stop/route.ts
FN:8,POST
FNF:1
FNH:0
FNDA:0,POST
DA:1,0
DA:2,0
DA:3,0
DA:4,0
DA:8,0
DA:9,0
DA:11,0
DA:12,0
DA:13,0
DA:19,0
DA:22,0
DA:23,0
DA:24,0
DA:27,0
DA:32,0
DA:33,0
DA:37,0
DA:39,0
DA:45,0
DA:46,0
LF:20
LH:0
BRDA:12,0,0,0
BRDA:23,1,0,0
BRDA:23,2,0,0
BRDA:23,2,1,0
BRDA:32,3,0,0
BRDA:32,4,0,0
BRDA:32,4,1,0
BRF:7
BRH:0
end_of_record
TN:
SF:app/api/ai/recommendations/route.ts
FN:51,GET
FN:59,(anonymous_4)
FN:74,POST
FN:80,(anonymous_6)
FNF:4
FNH:0
FNDA:0,GET
FNDA:0,(anonymous_4)
FNDA:0,POST
FNDA:0,(anonymous_6)
DA:1,0
DA:4,0
DA:51,0
DA:52,0
DA:53,0
DA:54,0
DA:55,0
DA:58,0
DA:59,0
DA:62,0
DA:69,0
DA:70,0
DA:74,0
DA:75,0
DA:76,0
DA:77,0
DA:80,0
DA:87,0
DA:93,0
DA:94,0
LF:20
LH:0
BRDA:54,0,0,0
BRDA:54,0,1,0
BRDA:55,1,0,0
BRDA:55,1,1,0
BRDA:84,2,0,0
BRDA:84,2,1,0
BRF:6
BRH:0
end_of_record
TN:
SF:app/api/analytics/alerts/route.ts
FN:7,GET
FN:30,(anonymous_6)
FN:44,POST
FN:78,PATCH
FN:132,PUT
FN:174,calculateUrgencyScore
FN:200,estimateResolutionTime
FN:211,calculatePotentialImpact
FN:221,triggerCriticalAlertNotification
FN:230,generateTrendAlerts
FN:258,generatePriceAlerts
FN:285,generateSupplierAlerts
FNF:12
FNH:0
FNDA:0,GET
FNDA:0,(anonymous_6)
FNDA:0,POST
FNDA:0,PATCH
FNDA:0,PUT
FNDA:0,calculateUrgencyScore
FNDA:0,estimateResolutionTime
FNDA:0,calculatePotentialImpact
FNDA:0,triggerCriticalAlertNotification
FNDA:0,generateTrendAlerts
FNDA:0,generatePriceAlerts
FNDA:0,generateSupplierAlerts
DA:1,0
DA:2,0
DA:7,0
DA:8,0
DA:9,0
DA:10,0
DA:11,0
DA:12,0
DA:13,0
DA:15,0
DA:18,0
DA:19,0
DA:20,0
DA:24,0
DA:25,0
DA:27,0
DA:30,0
DA:37,0
DA:39,0
DA:40,0
DA:44,0
DA:45,0
DA:46,0
DA:47,0
DA:50,0
DA:51,0
DA:52,0
DA:57,0
DA:58,0
DA:60,0
DA:63,0
DA:64,0
DA:67,0
DA:73,0
DA:74,0
DA:78,0
DA:79,0
DA:80,0
DA:81,0
DA:83,0
DA:86,0
DA:87,0
DA:88,0
DA:91,0
DA:92,0
DA:98,0
DA:100,0
DA:106,0
DA:108,0
DA:116,0
DA:118,0
DA:124,0
DA:126,0
DA:127,0
DA:132,0
DA:133,0
DA:134,0
DA:137,0
DA:138,0
DA:139,0
DA:144,0
DA:145,0
DA:148,0
DA:151,0
DA:154,0
DA:156,0
DA:158,0
DA:168,0
DA:169,0
DA:175,0
DA:178,0
DA:179,0
DA:180,0
DA:181,0
DA:182,0
DA:186,0
DA:187,0
DA:188,0
DA:189,0
DA:190,0
DA:194,0
DA:195,0
DA:197,0
DA:201,0
DA:202,0
DA:203,0
DA:204,0
DA:205,0
DA:206,0
DA:207,0
DA:212,0
DA:214,0
DA:215,0
DA:216,0
DA:217,0
DA:218,0
DA:227,0
DA:231,0
DA:234,0
DA:240,0
DA:241,0
DA:255,0
DA:259,0
DA:262,0
DA:267,0
DA:268,0
DA:282,0
DA:286,0
DA:289,0
DA:294,0
DA:295,0
DA:308,0
LF:112
LH:0
BRDA:19,0,0,0
BRDA:19,1,0,0
BRDA:19,1,1,0
BRDA:27,2,0,0
BRDA:51,3,0,0
BRDA:51,4,0,0
BRDA:51,4,1,0
BRDA:60,5,0,0
BRDA:63,6,0,0
BRDA:87,7,0,0
BRDA:87,8,0,0
BRDA:87,8,1,0
BRDA:91,9,0,0
BRDA:98,10,0,0
BRDA:106,11,0,0
BRDA:116,12,0,0
BRDA:138,13,0,0
BRDA:138,14,0,0
BRDA:138,14,1,0
BRDA:145,15,0,0
BRDA:178,16,0,0
BRDA:178,16,1,0
BRDA:178,16,2,0
BRDA:178,16,3,0
BRDA:186,17,0,0
BRDA:186,17,1,0
BRDA:186,17,2,0
BRDA:186,17,3,0
BRDA:201,18,0,0
BRDA:201,18,1,0
BRDA:201,18,2,0
BRDA:201,18,3,0
BRDA:201,18,4,0
BRDA:201,18,5,0
BRDA:212,19,0,0
BRDA:212,19,1,0
BRDA:214,20,0,0
BRDA:215,21,0,0
BRDA:216,22,0,0
BRDA:217,23,0,0
BRDA:240,24,0,0
BRDA:240,24,1,0
BRDA:267,25,0,0
BRDA:267,25,1,0
BRDA:294,26,0,0
BRDA:294,26,1,0
BRF:46
BRH:0
end_of_record
TN:
SF:app/api/analytics/forecasts/route.ts
FN:6,GET
FN:75,POST
FNF:2
FNH:0
FNDA:0,GET
FNDA:0,POST
DA:1,0
DA:2,0
DA:4,0
DA:6,0
DA:7,0
DA:8,0
DA:9,0
DA:10,0
DA:11,0
DA:13,0
DA:16,0
DA:17,0
DA:18,0
DA:21,0
DA:23,0
DA:32,0
DA:34,0
DA:36,0
DA:42,0
DA:44,0
DA:49,0
DA:51,0
DA:52,0
DA:54,0
DA:56,0
DA:57,0
DA:65,0
DA:68,0
DA:70,0
DA:71,0
DA:75,0
DA:76,0
DA:77,0
DA:78,0
DA:80,0
DA:83,0
DA:84,0
DA:85,0
DA:90,0
DA:92,0
DA:95,0
DA:97,0
DA:99,0
DA:105,0
DA:106,0
LF:45
LH:0
BRDA:11,0,0,0
BRDA:11,0,1,0
BRDA:17,1,0,0
BRDA:17,2,0,0
BRDA:17,2,1,0
BRDA:21,3,0,0
BRDA:34,4,0,0
BRDA:42,5,0,0
BRDA:47,6,0,0
BRDA:47,6,1,0
BRDA:49,7,0,0
BRDA:56,8,0,0
BRDA:56,9,0,0
BRDA:56,9,1,0
BRDA:84,10,0,0
BRDA:84,11,0,0
BRDA:84,11,1,0
BRDA:97,12,0,0
BRF:18
BRH:0
end_of_record
TN:
SF:app/api/analytics/performance/route.ts
FN:4,POST
FN:64,GET
FNF:2
FNH:0
FNDA:0,POST
FNDA:0,GET
DA:1,0
DA:2,0
DA:4,0
DA:5,0
DA:6,0
DA:7,0
DA:8,0
DA:11,0
DA:12,0
DA:19,0
DA:35,0
DA:36,0
DA:37,0
DA:44,0
DA:45,0
DA:54,0
DA:56,0
DA:57,0
DA:64,0
DA:65,0
DA:66,0
DA:67,0
DA:68,0
DA:69,0
DA:70,0
DA:72,0
DA:78,0
DA:79,0
DA:82,0
DA:84,0
DA:85,0
DA:86,0
DA:92,0
DA:94,0
DA:95,0
LF:35
LH:0
BRDA:11,0,0,0
BRDA:11,1,0,0
BRDA:11,1,1,0
BRDA:11,1,2,0
BRDA:29,2,0,0
BRDA:29,2,1,0
BRDA:35,3,0,0
BRDA:44,4,0,0
BRDA:69,5,0,0
BRDA:69,5,1,0
BRDA:70,6,0,0
BRDA:70,6,1,0
BRDA:78,7,0,0
BRDA:84,8,0,0
BRF:14
BRH:0
end_of_record
TN:
SF:app/api/analytics/pricing/route.ts
FN:6,GET
FN:52,(anonymous_5)
FN:119,POST
FNF:3
FNH:0
FNDA:0,GET
FNDA:0,(anonymous_5)
FNDA:0,POST
DA:1,0
DA:2,0
DA:4,0
DA:6,0
DA:7,0
DA:8,0
DA:9,0
DA:10,0
DA:12,0
DA:15,0
DA:16,0
DA:17,0
DA:20,0
DA:22,0
DA:30,0
DA:31,0
DA:35,0
DA:38,0
DA:41,0
DA:44,0
DA:45,0
DA:52,0
DA:53,0
DA:56,0
DA:57,0
DA:58,0
DA:61,0
DA:62,0
DA:63,0
DA:64,0
DA:67,0
DA:68,0
DA:69,0
DA:70,0
DA:74,0
DA:75,0
DA:76,0
DA:78,0
DA:95,0
DA:97,0
DA:99,0
DA:102,0
DA:104,0
DA:105,0
DA:107,0
DA:109,0
DA:112,0
DA:114,0
DA:115,0
DA:119,0
DA:120,0
DA:121,0
DA:122,0
DA:124,0
DA:127,0
DA:128,0
DA:129,0
DA:133,0
DA:138,0
DA:141,0
DA:143,0
DA:146,0
DA:148,0
DA:150,0
DA:157,0
DA:158,0
LF:66
LH:0
BRDA:16,0,0,0
BRDA:16,1,0,0
BRDA:16,1,1,0
BRDA:20,2,0,0
BRDA:30,3,0,0
BRDA:30,4,0,0
BRDA:30,4,1,0
BRDA:44,5,0,0
BRDA:44,5,1,0
BRDA:53,6,0,0
BRDA:53,6,1,0
BRDA:56,7,0,0
BRDA:56,7,1,0
BRDA:61,8,0,0
BRDA:61,8,1,0
BRDA:61,9,0,0
BRDA:61,9,1,0
BRDA:61,10,0,0
BRDA:61,10,1,0
BRDA:62,11,0,0
BRDA:62,11,1,0
BRDA:67,12,0,0
BRDA:67,13,0,0
BRDA:67,13,1,0
BRDA:67,14,0,0
BRDA:67,14,1,0
BRDA:68,15,0,0
BRDA:68,15,1,0
BRDA:74,16,0,0
BRDA:74,16,1,0
BRDA:80,17,0,0
BRDA:80,17,1,0
BRDA:81,18,0,0
BRDA:81,18,1,0
BRDA:83,19,0,0
BRDA:83,19,1,0
BRDA:86,20,0,0
BRDA:86,20,1,0
BRDA:97,21,0,0
BRDA:102,22,0,0
BRDA:107,23,0,0
BRDA:128,24,0,0
BRDA:128,25,0,0
BRDA:128,25,1,0
BRDA:138,26,0,0
BRDA:143,27,0,0
BRDA:148,28,0,0
BRF:47
BRH:0
end_of_record
TN:
SF:app/api/analytics/trends/route.ts
FN:7,GET
FN:69,(anonymous_4)
FN:86,(anonymous_5)
FN:88,(anonymous_6)
FN:90,(anonymous_7)
FN:93,(anonymous_8)
FN:138,POST
FN:192,calculateMarketOpportunity
FN:203,generateRecommendations
FN:233,analyzeTrendData
FNF:10
FNH:0
FNDA:0,GET
FNDA:0,(anonymous_4)
FNDA:0,(anonymous_5)
FNDA:0,(anonymous_6)
FNDA:0,(anonymous_7)
FNDA:0,(anonymous_8)
FNDA:0,POST
FNDA:0,calculateMarketOpportunity
FNDA:0,generateRecommendations
FNDA:0,analyzeTrendData
DA:1,0
DA:2,0
DA:7,0
DA:8,0
DA:9,0
DA:10,0
DA:11,0
DA:12,0
DA:14,0
DA:16,0
DA:21,0
DA:22,0
DA:25,0
DA:26,0
DA:29,0
DA:30,0
DA:33,0
DA:34,0
DA:38,0
DA:40,0
DA:41,0
DA:64,0
DA:65,0
DA:69,0
DA:71,0
DA:77,0
DA:78,0
DA:82,0
DA:83,0
DA:84,0
DA:86,0
DA:87,0
DA:88,0
DA:90,0
DA:91,0
DA:93,0
DA:95,0
DA:97,0
DA:107,0
DA:110,0
DA:111,0
DA:133,0
DA:134,0
DA:138,0
DA:139,0
DA:140,0
DA:141,0
DA:143,0
DA:146,0
DA:147,0
DA:148,0
DA:152,0
DA:155,0
DA:164,0
DA:167,0
DA:178,0
DA:180,0
DA:186,0
DA:187,0
DA:193,0
DA:197,0
DA:198,0
DA:199,0
DA:200,0
DA:204,0
DA:206,0
DA:207,0
DA:208,0
DA:209,0
DA:212,0
DA:213,0
DA:214,0
DA:215,0
DA:218,0
DA:219,0
DA:220,0
DA:221,0
DA:224,0
DA:225,0
DA:226,0
DA:227,0
DA:230,0
DA:235,0
LF:83
LH:0
BRDA:21,0,0,0
BRDA:25,1,0,0
BRDA:29,2,0,0
BRDA:38,3,0,0
BRDA:64,4,0,0
BRDA:64,5,0,0
BRDA:64,5,1,0
BRDA:77,6,0,0
BRDA:86,7,0,0
BRDA:86,7,1,0
BRDA:90,8,0,0
BRDA:90,8,1,0
BRDA:91,9,0,0
BRDA:91,9,1,0
BRDA:95,10,0,0
BRDA:95,10,1,0
BRDA:100,11,0,0
BRDA:100,11,1,0
BRDA:147,12,0,0
BRDA:147,13,0,0
BRDA:147,13,1,0
BRDA:164,14,0,0
BRDA:171,15,0,0
BRDA:171,15,1,0
BRDA:173,16,0,0
BRDA:173,16,1,0
BRDA:174,17,0,0
BRDA:174,17,1,0
BRDA:178,18,0,0
BRDA:197,19,0,0
BRDA:198,20,0,0
BRDA:199,21,0,0
BRDA:206,22,0,0
BRDA:206,23,0,0
BRDA:206,23,1,0
BRDA:212,24,0,0
BRDA:212,25,0,0
BRDA:212,25,1,0
BRDA:218,26,0,0
BRDA:218,27,0,0
BRDA:218,27,1,0
BRDA:224,28,0,0
BRDA:224,29,0,0
BRDA:224,29,1,0
BRF:44
BRH:0
end_of_record
TN:
SF:app/api/ar/fit-recommendations/route.ts
FN:3,GET
FNF:1
FNH:0
FNDA:0,GET
DA:1,0
DA:3,0
DA:4,0
DA:6,0
DA:7,0
DA:8,0
DA:10,0
DA:11,0
DA:18,0
DA:21,0
DA:22,0
DA:44,0
DA:63,0
DA:64,0
LF:14
LH:0
BRDA:10,0,0,0
BRDA:10,1,0,0
BRDA:10,1,1,0
BRDA:21,2,0,0
BRF:4
BRH:0
end_of_record
TN:
SF:app/api/auth/signout/route.ts
FN:8,POST
FNF:1
FNH:0
FNDA:0,POST
DA:1,0
DA:2,0
DA:3,0
DA:8,0
DA:9,0
DA:10,0
DA:12,0
DA:14,0
DA:15,0
DA:21,0
DA:27,0
DA:28,0
LF:12
LH:0
BRDA:14,0,0,0
BRF:1
BRH:0
end_of_record
TN:
SF:app/api/auth/signup/route.ts
FN:9,POST
FNF:1
FNH:0
FNDA:0,POST
DA:1,0
DA:2,0
DA:3,0
DA:9,0
DA:10,0
DA:11,0
DA:12,0
DA:14,0
DA:15,0
DA:22,0
DA:34,0
DA:35,0
DA:41,0
DA:42,0
DA:49,0
DA:60,0
DA:61,0
DA:66,0
DA:77,0
DA:78,0
LF:20
LH:0
BRDA:12,0,0,0
BRDA:14,1,0,0
BRDA:14,2,0,0
BRDA:14,2,1,0
BRDA:34,3,0,0
BRDA:41,4,0,0
BRDA:53,5,0,0
BRDA:53,5,1,0
BRDA:54,6,0,0
BRDA:54,6,1,0
BRDA:60,7,0,0
BRF:11
BRH:0
end_of_record
TN:
SF:app/api/auth/status/route.ts
FN:6,GET
FN:63,POST
FNF:2
FNH:0
FNDA:0,GET
FNDA:0,POST
DA:1,0
DA:2,0
DA:3,0
DA:6,0
DA:7,0
DA:8,0
DA:11,0
DA:13,0
DA:14,0
DA:20,0
DA:21,0
DA:28,0
DA:34,0
DA:35,0
DA:38,0
DA:55,0
DA:56,0
DA:63,0
DA:64,0
DA:65,0
DA:66,0
DA:68,0
DA:69,0
DA:75,0
DA:80,0
DA:81,0
DA:87,0
DA:94,0
DA:95,0
LF:29
LH:0
BRDA:13,0,0,0
BRDA:20,1,0,0
BRDA:34,2,0,0
BRDA:34,3,0,0
BRDA:34,3,1,0
BRDA:43,4,0,0
BRDA:43,4,1,0
BRDA:50,5,0,0
BRDA:50,5,1,0
BRDA:68,6,0,0
BRDA:68,7,0,0
BRDA:68,7,1,0
BRDA:80,8,0,0
BRF:13
BRH:0
end_of_record
TN:
SF:app/api/cart/route.ts
FN:8,GET
FN:61,POST
FN:144,PUT
FN:217,DELETE
FNF:4
FNH:0
FNDA:0,GET
FNDA:0,POST
FNDA:0,PUT
FNDA:0,DELETE
DA:1,0
DA:2,0
DA:3,0
DA:8,0
DA:9,0
DA:10,0
DA:13,0
DA:15,0
DA:16,0
DA:23,0
DA:41,0
DA:42,0
DA:48,0
DA:53,0
DA:54,0
DA:61,0
DA:62,0
DA:63,0
DA:66,0
DA:68,0
DA:69,0
DA:75,0
DA:77,0
DA:78,0
DA:85,0
DA:92,0
DA:94,0
DA:99,0
DA:100,0
DA:106,0
DA:113,0
DA:121,0
DA:122,0
DA:128,0
DA:136,0
DA:137,0
DA:144,0
DA:145,0
DA:146,0
DA:149,0
DA:151,0
DA:152,0
DA:158,0
DA:160,0
DA:161,0
DA:167,0
DA:169,0
DA:175,0
DA:176,0
DA:182,0
DA:188,0
DA:194,0
DA:195,0
DA:201,0
DA:209,0
DA:210,0
DA:217,0
DA:218,0
DA:219,0
DA:222,0
DA:224,0
DA:225,0
DA:231,0
DA:232,0
DA:234,0
DA:235,0
DA:242,0
DA:248,0
DA:249,0
DA:255,0
DA:261,0
DA:262,0
LF:72
LH:0
BRDA:15,0,0,0
BRDA:15,1,0,0
BRDA:15,1,1,0
BRDA:41,2,0,0
BRDA:49,3,0,0
BRDA:49,3,1,0
BRDA:68,4,0,0
BRDA:68,5,0,0
BRDA:68,5,1,0
BRDA:75,6,0,0
BRDA:77,7,0,0
BRDA:92,8,0,0
BRDA:92,8,1,0
BRDA:99,9,0,0
BRDA:121,10,0,0
BRDA:151,11,0,0
BRDA:151,12,0,0
BRDA:151,12,1,0
BRDA:160,13,0,0
BRDA:160,14,0,0
BRDA:160,14,1,0
BRDA:167,15,0,0
BRDA:167,15,1,0
BRDA:175,16,0,0
BRDA:194,17,0,0
BRDA:224,18,0,0
BRDA:224,19,0,0
BRDA:224,19,1,0
BRDA:234,20,0,0
BRDA:248,21,0,0
BRF:30
BRH:0
end_of_record
TN:
SF:app/api/categories/route.ts
FN:3,GET
FN:73,(anonymous_2)
FNF:2
FNH:0
FNDA:0,GET
FNDA:0,(anonymous_2)
DA:1,0
DA:3,0
DA:4,0
DA:5,0
DA:6,0
DA:9,0
DA:72,0
DA:73,0
DA:76,0
DA:79,0
DA:80,0
LF:11
LH:0
BRDA:72,0,0,0
BRDA:72,0,1,0
BRF:2
BRH:0
end_of_record
TN:
SF:app/api/cron/auto-assign-orders/route.ts
FN:6,POST
FN:145,(anonymous_5)
FN:189,findBestDriverForOrder
FN:193,(anonymous_7)
FN:218,(anonymous_8)
FN:224,GET
FN:261,calculateEstimatedWaitTime
FNF:7
FNH:0
FNDA:0,POST
FNDA:0,(anonymous_5)
FNDA:0,findBestDriverForOrder
FNDA:0,(anonymous_7)
FNDA:0,(anonymous_8)
FNDA:0,GET
FNDA:0,calculateEstimatedWaitTime
DA:1,0
DA:2,0
DA:4,0
DA:6,0
DA:7,0
DA:8,0
DA:11,0
DA:12,0
DA:15,0
DA:16,0
DA:23,0
DA:29,0
DA:30,0
DA:31,0
DA:37,0
DA:38,0
DA:45,0
DA:54,0
DA:55,0
DA:56,0
DA:62,0
DA:63,0
DA:70,0
DA:71,0
DA:72,0
DA:75,0
DA:77,0
DA:79,0
DA:80,0
DA:82,0
DA:90,0
DA:91,0
DA:92,0
DA:96,0
DA:106,0
DA:122,0
DA:136,0
DA:137,0
DA:145,0
DA:146,0
DA:147,0
DA:151,0
DA:157,0
DA:170,0
DA:180,0
DA:181,0
DA:190,0
DA:193,0
DA:194,0
DA:197,0
DA:200,0
DA:203,0
DA:204,0
DA:205,0
DA:208,0
DA:211,0
DA:214,0
DA:218,0
DA:220,0
DA:224,0
DA:225,0
DA:226,0
DA:229,0
DA:234,0
DA:239,0
DA:243,0
DA:252,0
DA:253,0
DA:262,0
DA:263,0
DA:265,0
DA:267,0
DA:268,0
DA:269,0
DA:270,0
LF:75
LH:0
BRDA:15,0,0,0
BRDA:15,1,0,0
BRDA:15,1,1,0
BRDA:29,2,0,0
BRDA:37,3,0,0
BRDA:37,4,0,0
BRDA:37,4,1,0
BRDA:54,5,0,0
BRDA:62,6,0,0
BRDA:62,7,0,0
BRDA:62,7,1,0
BRDA:79,8,0,0
BRDA:90,9,0,0
BRDA:146,10,0,0
BRDA:190,11,0,0
BRDA:197,12,0,0
BRDA:197,12,1,0
BRDA:200,13,0,0
BRDA:200,13,1,0
BRDA:203,14,0,0
BRDA:203,14,1,0
BRDA:208,15,0,0
BRDA:208,16,0,0
BRDA:208,16,1,0
BRDA:244,17,0,0
BRDA:244,17,1,0
BRDA:245,18,0,0
BRDA:245,18,1,0
BRDA:246,19,0,0
BRDA:246,19,1,0
BRDA:247,20,0,0
BRDA:247,20,1,0
BRDA:247,21,0,0
BRDA:247,21,1,0
BRDA:247,22,0,0
BRDA:247,22,1,0
BRDA:248,23,0,0
BRDA:248,23,1,0
BRDA:248,24,0,0
BRDA:248,24,1,0
BRDA:262,25,0,0
BRDA:263,26,0,0
BRDA:267,27,0,0
BRDA:268,28,0,0
BRDA:269,29,0,0
BRF:45
BRH:0
end_of_record
TN:
SF:app/api/disputes/route.ts
FN:9,POST
FN:67,GET
FN:128,PUT
FNF:3
FNH:0
FNDA:0,POST
FNDA:0,GET
FNDA:0,PUT
DA:1,0
DA:2,0
DA:3,0
DA:4,0
DA:5,0
DA:7,0
DA:9,0
DA:10,0
DA:14,0
DA:17,0
DA:18,0
DA:19,0
DA:23,0
DA:29,0
DA:30,0
DA:32,0
DA:33,0
DA:39,0
DA:42,0
DA:48,0
DA:49,0
DA:53,0
DA:60,0
DA:62,0
DA:63,0
DA:67,0
DA:68,0
DA:69,0
DA:72,0
DA:73,0
DA:74,0
DA:77,0
DA:78,0
DA:79,0
DA:80,0
DA:81,0
DA:82,0
DA:85,0
DA:94,0
DA:96,0
DA:97,0
DA:98,0
DA:99,0
DA:100,0
DA:102,0
DA:103,0
DA:104,0
DA:105,0
DA:107,0
DA:108,0
DA:109,0
DA:112,0
DA:113,0
DA:114,0
DA:117,0
DA:118,0
DA:121,0
DA:123,0
DA:124,0
DA:128,0
DA:129,0
DA:130,0
DA:133,0
DA:134,0
DA:135,0
DA:139,0
DA:148,0
DA:149,0
DA:151,0
DA:152,0
DA:158,0
DA:161,0
DA:166,0
DA:167,0
DA:171,0
DA:178,0
DA:180,0
DA:181,0
LF:78
LH:0
BRDA:18,0,0,0
BRDA:18,1,0,0
BRDA:18,1,1,0
BRDA:32,2,0,0
BRDA:48,3,0,0
BRDA:48,4,0,0
BRDA:48,4,1,0
BRDA:49,5,0,0
BRDA:49,5,1,0
BRDA:73,6,0,0
BRDA:73,7,0,0
BRDA:73,7,1,0
BRDA:81,8,0,0
BRDA:81,8,1,0
BRDA:82,9,0,0
BRDA:82,9,1,0
BRDA:94,10,0,0
BRDA:94,10,1,0
BRDA:96,11,0,0
BRDA:96,11,1,0
BRDA:96,12,0,0
BRDA:96,12,1,0
BRDA:100,13,0,0
BRDA:100,13,1,0
BRDA:105,14,0,0
BRDA:105,14,1,0
BRDA:117,15,0,0
BRDA:134,16,0,0
BRDA:134,17,0,0
BRDA:134,17,1,0
BRDA:151,18,0,0
BRDA:166,19,0,0
BRF:32
BRH:0
end_of_record
TN:
SF:app/api/disputes/[id]/route.ts
FN:12,PATCH
FN:74,GET
FNF:2
FNH:0
FNDA:0,PATCH
FNDA:0,GET
DA:1,0
DA:2,0
DA:3,0
DA:4,0
DA:5,0
DA:7,0
DA:12,0
DA:16,0
DA:17,0
DA:20,0
DA:21,0
DA:22,0
DA:25,0
DA:26,0
DA:29,0
DA:37,0
DA:38,0
DA:40,0
DA:41,0
DA:47,0
DA:50,0
DA:55,0
DA:56,0
DA:60,0
DA:67,0
DA:69,0
DA:70,0
DA:74,0
DA:78,0
DA:79,0
DA:82,0
DA:83,0
DA:84,0
DA:87,0
DA:88,0
DA:91,0
DA:93,0
DA:94,0
DA:97,0
DA:98,0
DA:101,0
DA:103,0
DA:104,0
LF:43
LH:0
BRDA:21,0,0,0
BRDA:21,1,0,0
BRDA:21,1,1,0
BRDA:40,2,0,0
BRDA:55,3,0,0
BRDA:83,4,0,0
BRDA:83,5,0,0
BRDA:83,5,1,0
BRDA:93,6,0,0
BRDA:97,7,0,0
BRF:10
BRH:0
end_of_record
TN:
SF:app/api/distance/route.ts
FN:4,POST
FNF:1
FNH:0
FNDA:0,POST
DA:1,0
DA:2,0
DA:4,0
DA:5,0
DA:7,0
DA:8,0
DA:9,0
DA:15,0
DA:16,0
DA:18,0
DA:19,0
DA:23,0
DA:24,0
DA:25,0
DA:28,0
DA:30,0
DA:31,0
DA:33,0
DA:34,0
DA:36,0
DA:37,0
DA:44,0
DA:45,0
DA:46,0
DA:49,0
DA:50,0
DA:52,0
DA:58,0
DA:59,0
LF:29
LH:0
BRDA:8,0,0,0
BRDA:18,1,0,0
BRDA:18,2,0,0
BRDA:18,2,1,0
BRDA:24,3,0,0
BRDA:33,4,0,0
BRDA:45,5,0,0
BRDA:45,6,0,0
BRDA:45,6,1,0
BRF:9
BRH:0
end_of_record
TN:
SF:app/api/driver/orders/route.ts
FN:6,GET
FN:54,(anonymous_5)
FN:102,POST
FN:243,calculateEstimatedEarnings
FN:258,getStatusTimeline
FN:278,getNotificationTitle
FN:291,getNotificationMessage
FNF:7
FNH:0
FNDA:0,GET
FNDA:0,(anonymous_5)
FNDA:0,POST
FNDA:0,calculateEstimatedEarnings
FNDA:0,getStatusTimeline
FNDA:0,getNotificationTitle
FNDA:0,getNotificationMessage
DA:1,0
DA:2,0
DA:4,0
DA:6,0
DA:7,0
DA:8,0
DA:10,0
DA:11,0
DA:12,0
DA:13,0
DA:15,0
DA:16,0
DA:23,0
DA:34,0
DA:35,0
DA:39,0
DA:43,0
DA:45,0
DA:46,0
DA:47,0
DA:54,0
DA:83,0
DA:94,0
DA:95,0
DA:102,0
DA:103,0
DA:104,0
DA:106,0
DA:107,0
DA:109,0
DA:110,0
DA:116,0
DA:117,0
DA:119,0
DA:121,0
DA:125,0
DA:129,0
DA:132,0
DA:136,0
DA:141,0
DA:144,0
DA:147,0
DA:152,0
DA:155,0
DA:159,0
DA:164,0
DA:168,0
DA:175,0
DA:181,0
DA:188,0
DA:193,0
DA:194,0
DA:195,0
DA:202,0
DA:203,0
DA:213,0
DA:214,0
DA:215,0
DA:216,0
DA:228,0
DA:235,0
DA:236,0
DA:244,0
DA:245,0
DA:246,0
DA:247,0
DA:249,0
DA:259,0
DA:263,0
DA:264,0
DA:267,0
DA:268,0
DA:271,0
DA:272,0
DA:275,0
DA:279,0
DA:281,0
DA:283,0
DA:285,0
DA:287,0
DA:292,0
DA:294,0
DA:296,0
DA:298,0
DA:300,0
LF:85
LH:0
BRDA:13,0,0,0
BRDA:13,0,1,0
BRDA:15,1,0,0
BRDA:34,2,0,0
BRDA:34,3,0,0
BRDA:34,3,1,0
BRDA:45,4,0,0
BRDA:54,5,0,0
BRDA:54,5,1,0
BRDA:59,6,0,0
BRDA:59,6,1,0
BRDA:60,7,0,0
BRDA:60,7,1,0
BRDA:61,8,0,0
BRDA:61,8,1,0
BRDA:65,9,0,0
BRDA:65,9,1,0
BRDA:66,10,0,0
BRDA:66,10,1,0
BRDA:67,11,0,0
BRDA:67,11,1,0
BRDA:78,12,0,0
BRDA:78,12,1,0
BRDA:109,13,0,0
BRDA:109,14,0,0
BRDA:109,14,1,0
BRDA:109,14,2,0
BRDA:119,15,0,0
BRDA:119,15,1,0
BRDA:119,15,2,0
BRDA:119,15,3,0
BRDA:119,15,4,0
BRDA:119,15,5,0
BRDA:139,16,0,0
BRDA:139,16,1,0
BRDA:150,17,0,0
BRDA:150,17,1,0
BRDA:162,18,0,0
BRDA:162,18,1,0
BRDA:170,19,0,0
BRDA:170,19,1,0
BRDA:193,20,0,0
BRDA:202,21,0,0
BRDA:213,22,0,0
BRDA:215,23,0,0
BRDA:244,24,0,0
BRDA:244,24,1,0
BRDA:245,25,0,0
BRDA:245,25,1,0
BRDA:263,26,0,0
BRDA:267,27,0,0
BRDA:271,28,0,0
BRDA:279,29,0,0
BRDA:279,29,1,0
BRDA:279,29,2,0
BRDA:279,29,3,0
BRDA:292,30,0,0
BRDA:292,30,1,0
BRDA:292,30,2,0
BRDA:292,30,3,0
BRF:60
BRH:0
end_of_record
TN:
SF:app/api/driver/profile/route.ts
FN:6,GET
FN:74,PUT
FN:95,(anonymous_7)
FN:146,POST
FNF:4
FNH:0
FNDA:0,GET
FNDA:0,PUT
FNDA:0,(anonymous_7)
FNDA:0,POST
DA:1,0
DA:2,0
DA:4,0
DA:6,0
DA:7,0
DA:8,0
DA:10,0
DA:11,0
DA:13,0
DA:14,0
DA:21,0
DA:26,0
DA:27,0
DA:34,0
DA:39,0
DA:60,0
DA:66,0
DA:67,0
DA:74,0
DA:75,0
DA:76,0
DA:78,0
DA:79,0
DA:81,0
DA:82,0
DA:89,0
DA:94,0
DA:95,0
DA:96,0
DA:97,0
DA:102,0
DA:105,0
DA:111,0
DA:112,0
DA:113,0
DA:120,0
DA:121,0
DA:122,0
DA:123,0
DA:124,0
DA:126,0
DA:131,0
DA:138,0
DA:139,0
DA:146,0
DA:147,0
DA:148,0
DA:150,0
DA:151,0
DA:153,0
DA:154,0
DA:160,0
DA:162,0
DA:171,0
DA:177,0
DA:186,0
DA:192,0
DA:193,0
DA:199,0
DA:207,0
DA:213,0
DA:214,0
DA:220,0
DA:228,0
DA:234,0
DA:235,0
DA:241,0
DA:248,0
DA:254,0
DA:255,0
DA:261,0
DA:268,0
DA:274,0
DA:281,0
DA:282,0
LF:75
LH:0
BRDA:13,0,0,0
BRDA:26,1,0,0
BRDA:26,2,0,0
BRDA:26,2,1,0
BRDA:41,3,0,0
BRDA:41,3,1,0
BRDA:42,4,0,0
BRDA:42,4,1,0
BRDA:43,5,0,0
BRDA:43,5,1,0
BRDA:44,6,0,0
BRDA:44,6,1,0
BRDA:45,7,0,0
BRDA:45,7,1,0
BRDA:46,8,0,0
BRDA:46,8,1,0
BRDA:47,9,0,0
BRDA:47,9,1,0
BRDA:48,10,0,0
BRDA:48,10,1,0
BRDA:51,11,0,0
BRDA:51,11,1,0
BRDA:52,12,0,0
BRDA:52,12,1,0
BRDA:53,13,0,0
BRDA:53,13,1,0
BRDA:54,14,0,0
BRDA:54,14,1,0
BRDA:55,15,0,0
BRDA:55,15,1,0
BRDA:81,16,0,0
BRDA:81,17,0,0
BRDA:81,17,1,0
BRDA:96,18,0,0
BRDA:111,19,0,0
BRDA:120,20,0,0
BRDA:120,21,0,0
BRDA:120,21,1,0
BRDA:120,21,2,0
BRDA:122,22,0,0
BRDA:123,23,0,0
BRDA:124,24,0,0
BRDA:153,25,0,0
BRDA:153,26,0,0
BRDA:153,26,1,0
BRDA:160,27,0,0
BRDA:160,27,1,0
BRDA:160,27,2,0
BRDA:160,27,3,0
BRDA:160,27,4,0
BRDA:160,27,5,0
BRDA:160,27,6,0
BRDA:192,28,0,0
BRDA:213,29,0,0
BRDA:230,30,0,0
BRDA:230,30,1,0
BRDA:234,31,0,0
BRDA:254,32,0,0
BRF:58
BRH:0
end_of_record
TN:
SF:app/api/driver/stats/route.ts
FN:8,GET
FN:119,(anonymous_4)
FN:121,(anonymous_5)
FN:122,(anonymous_6)
FN:123,(anonymous_7)
FN:132,(anonymous_8)
FN:133,(anonymous_9)
FN:136,(anonymous_10)
FN:137,(anonymous_11)
FN:141,(anonymous_12)
FN:168,(anonymous_13)
FN:178,(anonymous_14)
FN:179,(anonymous_15)
FN:180,(anonymous_16)
FN:181,(anonymous_17)
FNF:15
FNH:0
FNDA:0,GET
FNDA:0,(anonymous_4)
FNDA:0,(anonymous_5)
FNDA:0,(anonymous_6)
FNDA:0,(anonymous_7)
FNDA:0,(anonymous_8)
FNDA:0,(anonymous_9)
FNDA:0,(anonymous_10)
FNDA:0,(anonymous_11)
FNDA:0,(anonymous_12)
FNDA:0,(anonymous_13)
FNDA:0,(anonymous_14)
FNDA:0,(anonymous_15)
FNDA:0,(anonymous_16)
FNDA:0,(anonymous_17)
DA:1,0
DA:2,0
DA:4,0
DA:8,0
DA:9,0
DA:11,0
DA:12,0
DA:14,0
DA:16,0
DA:17,0
DA:18,0
DA:23,0
DA:24,0
DA:27,0
DA:28,0
DA:35,0
DA:36,0
DA:51,0
DA:83,0
DA:87,0
DA:88,0
DA:93,0
DA:94,0
DA:101,0
DA:105,0
DA:106,0
DA:110,0
DA:114,0
DA:115,0
DA:119,0
DA:120,0
DA:121,0
DA:122,0
DA:123,0
DA:124,0
DA:127,0
DA:128,0
DA:129,0
DA:131,0
DA:132,0
DA:133,0
DA:135,0
DA:136,0
DA:137,0
DA:140,0
DA:141,0
DA:144,0
DA:168,0
DA:178,0
DA:179,0
DA:180,0
DA:181,0
DA:185,0
DA:191,0
DA:192,0
LF:55
LH:0
BRDA:14,0,0,0
BRDA:14,1,0,0
BRDA:14,1,1,0
BRDA:17,2,0,0
BRDA:23,3,0,0
BRDA:27,4,0,0
BRDA:35,5,0,0
BRDA:93,6,0,0
BRDA:93,7,0,0
BRDA:93,7,1,0
BRDA:105,8,0,0
BRDA:114,9,0,0
BRDA:119,10,0,0
BRDA:119,10,1,0
BRDA:119,11,0,0
BRDA:119,11,1,0
BRDA:120,12,0,0
BRDA:120,12,1,0
BRDA:121,13,0,0
BRDA:121,13,1,0
BRDA:122,14,0,0
BRDA:122,14,1,0
BRDA:123,15,0,0
BRDA:123,15,1,0
BRDA:123,16,0,0
BRDA:123,16,1,0
BRDA:124,17,0,0
BRDA:124,17,1,0
BRDA:131,18,0,0
BRDA:131,18,1,0
BRDA:132,19,0,0
BRDA:132,19,1,0
BRDA:133,20,0,0
BRDA:133,20,1,0
BRDA:135,21,0,0
BRDA:135,21,1,0
BRDA:136,22,0,0
BRDA:136,22,1,0
BRDA:137,23,0,0
BRDA:137,23,1,0
BRDA:140,24,0,0
BRDA:140,24,1,0
BRDA:150,25,0,0
BRDA:150,25,1,0
BRDA:151,26,0,0
BRDA:151,26,1,0
BRDA:152,27,0,0
BRDA:152,27,1,0
BRDA:165,28,0,0
BRDA:165,28,1,0
BRDA:178,29,0,0
BRDA:178,29,1,0
BRDA:178,30,0,0
BRDA:178,30,1,0
BRDA:179,31,0,0
BRDA:179,31,1,0
BRDA:179,32,0,0
BRDA:179,32,1,0
BRDA:180,33,0,0
BRDA:180,33,1,0
BRDA:180,34,0,0
BRDA:180,34,1,0
BRDA:181,35,0,0
BRDA:181,35,1,0
BRDA:181,36,0,0
BRDA:181,36,1,0
BRF:66
BRH:0
end_of_record
TN:
SF:app/api/driver/update-location/route.ts
FN:6,POST
FNF:1
FNH:0
FNDA:0,POST
DA:1,0
DA:2,0
DA:4,0
DA:6,0
DA:7,0
DA:8,0
DA:10,0
DA:11,0
DA:13,0
DA:14,0
DA:21,0
DA:29,0
DA:30,0
DA:31,0
DA:37,0
DA:43,0
DA:44,0
LF:17
LH:0
BRDA:13,0,0,0
BRDA:13,1,0,0
BRDA:13,1,1,0
BRDA:29,2,0,0
BRF:4
BRH:0
end_of_record
TN:
SF:app/api/driver/update-status/route.ts
FN:6,POST
FNF:1
FNH:0
FNDA:0,POST
DA:1,0
DA:2,0
DA:4,0
DA:6,0
DA:7,0
DA:8,0
DA:10,0
DA:11,0
DA:13,0
DA:14,0
DA:20,0
DA:25,0
DA:26,0
DA:29,0
DA:30,0
DA:33,0
DA:34,0
DA:38,0
DA:42,0
DA:43,0
DA:44,0
DA:50,0
DA:57,0
DA:58,0
LF:24
LH:0
BRDA:13,0,0,0
BRDA:25,1,0,0
BRDA:29,2,0,0
BRDA:33,3,0,0
BRDA:42,4,0,0
BRF:5
BRH:0
end_of_record
TN:
SF:app/api/functions/v1/handle-redirect/route.ts
FN:7,POST
FNF:1
FNH:0
FNDA:0,POST
DA:1,0
DA:2,0
DA:3,0
DA:7,0
DA:8,0
DA:10,0
DA:11,0
DA:12,0
DA:19,0
DA:20,0
DA:22,0
DA:23,0
DA:29,0
DA:32,0
DA:37,0
DA:38,0
DA:39,0
DA:45,0
DA:47,0
DA:49,0
DA:51,0
DA:52,0
DA:54,0
DA:55,0
DA:57,0
DA:58,0
DA:60,0
DA:61,0
DA:63,0
DA:67,0
DA:70,0
DA:71,0
LF:32
LH:0
BRDA:11,0,0,0
BRDA:22,1,0,0
BRDA:37,2,0,0
BRDA:37,3,0,0
BRDA:37,3,1,0
BRDA:47,4,0,0
BRDA:49,5,0,0
BRDA:49,5,1,0
BRDA:49,5,2,0
BRDA:49,5,3,0
BRDA:49,5,4,0
BRF:11
BRH:0
end_of_record
TN:
SF:app/api/health/route.ts
FN:5,GET
FNF:1
FNH:0
FNDA:0,GET
DA:1,0
DA:2,0
DA:3,0
DA:5,0
DA:6,0
DA:8,0
DA:10,0
DA:11,0
DA:13,0
DA:14,0
DA:17,0
DA:18,0
DA:20,0
DA:24,0
DA:28,0
DA:30,0
DA:32,0
DA:52,0
DA:56,0
DA:58,0
LF:20
LH:0
BRDA:33,0,0,0
BRDA:33,0,1,0
BRDA:38,1,0,0
BRDA:38,1,1,0
BRDA:40,2,0,0
BRDA:40,2,1,0
BRDA:43,3,0,0
BRDA:43,3,1,0
BRDA:62,4,0,0
BRDA:62,4,1,0
BRF:10
BRH:0
end_of_record
TN:
SF:app/api/items/route.ts
FN:4,GET
FNF:1
FNH:0
FNDA:0,GET
DA:1,0
DA:2,0
DA:4,0
DA:5,0
DA:6,0
DA:7,0
DA:8,0
DA:10,0
DA:13,0
DA:14,0
DA:16,0
DA:17,0
DA:21,0
DA:22,0
DA:25,0
DA:26,0
DA:29,0
DA:30,0
DA:31,0
DA:33,0
DA:34,0
DA:37,0
DA:38,0
DA:39,0
DA:111,0
DA:114,0
DA:115,0
LF:27
LH:0
BRDA:21,0,0,0
BRDA:25,1,0,0
BRDA:37,2,0,0
BRDA:37,3,0,0
BRDA:37,3,1,0
BRDA:111,4,0,0
BRDA:111,4,1,0
BRF:7
BRH:0
end_of_record
TN:
SF:app/api/leaderboard/referrals/route.ts
FN:11,GET
FN:92,(anonymous_4)
FN:108,(anonymous_5)
FN:139,POST
FNF:4
FNH:0
FNDA:0,GET
FNDA:0,(anonymous_4)
FNDA:0,(anonymous_5)
FNDA:0,POST
DA:1,0
DA:2,0
DA:3,0
DA:4,0
DA:5,0
DA:6,0
DA:11,0
DA:12,0
DA:13,0
DA:16,0
DA:18,0
DA:20,0
DA:21,0
DA:28,0
DA:29,0
DA:30,0
DA:32,0
DA:36,0
DA:38,0
DA:40,0
DA:44,0
DA:46,0
DA:47,0
DA:49,0
DA:55,0
DA:56,0
DA:59,0
DA:65,0
DA:66,0
DA:69,0
DA:72,0
DA:75,0
DA:85,0
DA:86,0
DA:90,0
DA:92,0
DA:93,0
DA:94,0
DA:96,0
DA:97,0
DA:99,0
DA:107,0
DA:108,0
DA:113,0
DA:119,0
DA:130,0
DA:131,0
DA:139,0
DA:140,0
DA:141,0
DA:144,0
DA:146,0
DA:147,0
DA:149,0
DA:150,0
DA:154,0
DA:160,0
DA:161,0
DA:167,0
DA:169,0
DA:170,0
DA:171,0
DA:174,0
DA:176,0
DA:177,0
LF:65
LH:0
BRDA:12,0,0,0
BRDA:20,1,0,0
BRDA:44,2,0,0
BRDA:44,2,1,0
BRDA:44,3,0,0
BRDA:44,3,1,0
BRDA:44,3,2,0
BRDA:55,4,0,0
BRDA:55,4,1,0
BRDA:56,5,0,0
BRDA:56,5,1,0
BRDA:72,6,0,0
BRDA:72,6,1,0
BRDA:85,7,0,0
BRDA:96,8,0,0
BRDA:96,8,1,0
BRDA:120,9,0,0
BRDA:120,9,1,0
BRDA:140,10,0,0
BRDA:149,11,0,0
BRDA:149,12,0,0
BRDA:149,12,1,0
BRDA:160,13,0,0
BRDA:169,14,0,0
BRF:24
BRH:0
end_of_record
TN:
SF:app/api/notification-preferences/route.ts
FN:8,GET
FN:49,PUT
FN:77,(anonymous_6)
FN:121,POST
FNF:4
FNH:0
FNDA:0,GET
FNDA:0,PUT
FNDA:0,(anonymous_6)
FNDA:0,POST
DA:1,0
DA:2,0
DA:8,0
DA:9,0
DA:10,0
DA:13,0
DA:15,0
DA:16,0
DA:23,0
DA:29,0
DA:30,0
DA:36,0
DA:41,0
DA:42,0
DA:49,0
DA:50,0
DA:51,0
DA:54,0
DA:56,0
DA:57,0
DA:63,0
DA:66,0
DA:76,0
DA:77,0
DA:78,0
DA:79,0
DA:83,0
DA:84,0
DA:91,0
DA:99,0
DA:100,0
DA:106,0
DA:113,0
DA:114,0
DA:121,0
DA:122,0
DA:123,0
DA:126,0
DA:128,0
DA:129,0
DA:135,0
DA:138,0
DA:153,0
DA:154,0
DA:160,0
DA:167,0
DA:168,0
LF:47
LH:0
BRDA:15,0,0,0
BRDA:15,1,0,0
BRDA:15,1,1,0
BRDA:29,2,0,0
BRDA:29,3,0,0
BRDA:29,3,1,0
BRDA:37,4,0,0
BRDA:37,4,1,0
BRDA:56,5,0,0
BRDA:56,6,0,0
BRDA:56,6,1,0
BRDA:78,7,0,0
BRDA:83,8,0,0
BRDA:99,9,0,0
BRDA:109,10,0,0
BRDA:109,10,1,0
BRDA:128,11,0,0
BRDA:128,12,0,0
BRDA:128,12,1,0
BRDA:142,13,0,0
BRDA:142,13,1,0
BRDA:143,14,0,0
BRDA:143,14,1,0
BRDA:144,15,0,0
BRDA:144,15,1,0
BRDA:145,16,0,0
BRDA:145,16,1,0
BRDA:146,17,0,0
BRDA:146,17,1,0
BRDA:147,18,0,0
BRDA:147,18,1,0
BRDA:148,19,0,0
BRDA:148,19,1,0
BRDA:153,20,0,0
BRDA:163,21,0,0
BRDA:163,21,1,0
BRF:36
BRH:0
end_of_record
TN:
SF:app/api/notifications/route.ts
FN:8,GET
FN:47,PUT
FN:101,DELETE
FNF:3
FNH:0
FNDA:0,GET
FNDA:0,PUT
FNDA:0,DELETE
DA:1,0
DA:2,0
DA:3,0
DA:8,0
DA:9,0
DA:10,0
DA:13,0
DA:14,0
DA:15,0
DA:18,0
DA:19,0
DA:20,0
DA:22,0
DA:29,0
DA:30,0
DA:33,0
DA:35,0
DA:36,0
DA:37,0
DA:40,0
DA:42,0
DA:43,0
DA:47,0
DA:48,0
DA:49,0
DA:52,0
DA:53,0
DA:54,0
DA:57,0
DA:58,0
DA:60,0
DA:61,0
DA:65,0
DA:72,0
DA:73,0
DA:77,0
DA:78,0
DA:79,0
DA:82,0
DA:89,0
DA:90,0
DA:91,0
DA:94,0
DA:96,0
DA:97,0
DA:101,0
DA:102,0
DA:103,0
DA:106,0
DA:107,0
DA:108,0
DA:111,0
DA:112,0
DA:114,0
DA:115,0
DA:119,0
DA:126,0
DA:127,0
DA:131,0
DA:136,0
DA:137,0
DA:138,0
DA:141,0
DA:143,0
DA:144,0
LF:65
LH:0
BRDA:14,0,0,0
BRDA:14,1,0,0
BRDA:14,1,1,0
BRDA:20,2,0,0
BRDA:20,2,1,0
BRDA:29,3,0,0
BRDA:35,4,0,0
BRDA:53,5,0,0
BRDA:53,6,0,0
BRDA:53,6,1,0
BRDA:60,7,0,0
BRDA:72,8,0,0
BRDA:72,9,0,0
BRDA:72,9,1,0
BRDA:78,10,0,0
BRDA:89,11,0,0
BRDA:107,12,0,0
BRDA:107,13,0,0
BRDA:107,13,1,0
BRDA:114,14,0,0
BRDA:126,15,0,0
BRDA:126,16,0,0
BRDA:126,16,1,0
BRDA:136,17,0,0
BRF:24
BRH:0
end_of_record
TN:
SF:app/api/notifications/delivery/route.ts
FN:6,POST
FN:118,getNotificationTitle
FN:137,getDefaultMessage
FN:156,getNotificationPriority
FN:169,GET
FNF:5
FNH:0
FNDA:0,POST
FNDA:0,getNotificationTitle
FNDA:0,getDefaultMessage
FNDA:0,getNotificationPriority
FNDA:0,GET
DA:1,0
DA:2,0
DA:4,0
DA:6,0
DA:7,0
DA:8,0
DA:10,0
DA:11,0
DA:13,0
DA:14,0
DA:21,0
DA:26,0
DA:27,0
DA:34,0
DA:50,0
DA:55,0
DA:56,0
DA:57,0
DA:64,0
DA:75,0
DA:76,0
DA:89,0
DA:93,0
DA:104,0
DA:110,0
DA:111,0
DA:119,0
DA:121,0
DA:123,0
DA:125,0
DA:127,0
DA:129,0
DA:131,0
DA:133,0
DA:138,0
DA:140,0
DA:142,0
DA:144,0
DA:146,0
DA:148,0
DA:150,0
DA:152,0
DA:157,0
DA:160,0
DA:163,0
DA:165,0
DA:169,0
DA:170,0
DA:171,0
DA:173,0
DA:174,0
DA:175,0
DA:177,0
DA:178,0
DA:184,0
DA:190,0
DA:191,0
DA:194,0
DA:196,0
DA:197,0
DA:198,0
DA:204,0
DA:210,0
DA:211,0
LF:64
LH:0
BRDA:13,0,0,0
BRDA:13,1,0,0
BRDA:13,1,1,0
BRDA:26,2,0,0
BRDA:26,3,0,0
BRDA:26,3,1,0
BRDA:38,4,0,0
BRDA:38,4,1,0
BRDA:55,5,0,0
BRDA:75,6,0,0
BRDA:75,7,0,0
BRDA:75,7,1,0
BRDA:119,8,0,0
BRDA:119,8,1,0
BRDA:119,8,2,0
BRDA:119,8,3,0
BRDA:119,8,4,0
BRDA:119,8,5,0
BRDA:119,8,6,0
BRDA:138,9,0,0
BRDA:138,9,1,0
BRDA:138,9,2,0
BRDA:138,9,3,0
BRDA:138,9,4,0
BRDA:138,9,5,0
BRDA:138,9,6,0
BRDA:157,10,0,0
BRDA:157,10,1,0
BRDA:157,10,2,0
BRDA:157,10,3,0
BRDA:157,10,4,0
BRDA:177,11,0,0
BRDA:190,12,0,0
BRDA:196,13,0,0
BRDA:206,14,0,0
BRDA:206,14,1,0
BRF:36
BRH:0
end_of_record
TN:
SF:app/api/notifications/subscribe/route.ts
FN:12,POST
FN:91,DELETE
FN:145,GET
FNF:3
FNH:0
FNDA:0,POST
FNDA:0,DELETE
FNDA:0,GET
DA:1,0
DA:2,0
DA:3,0
DA:4,0
DA:5,0
DA:6,0
DA:7,0
DA:8,0
DA:12,0
DA:13,0
DA:14,0
DA:17,0
DA:19,0
DA:20,0
DA:22,0
DA:23,0
DA:27,0
DA:29,0
DA:30,0
DA:37,0
DA:38,0
DA:41,0
DA:54,0
DA:55,0
DA:56,0
DA:60,0
DA:67,0
DA:71,0
DA:76,0
DA:77,0
DA:83,0
DA:84,0
DA:91,0
DA:92,0
DA:93,0
DA:96,0
DA:98,0
DA:99,0
DA:101,0
DA:102,0
DA:106,0
DA:107,0
DA:109,0
DA:110,0
DA:114,0
DA:119,0
DA:120,0
DA:121,0
DA:125,0
DA:131,0
DA:135,0
DA:137,0
DA:138,0
DA:145,0
DA:146,0
DA:147,0
DA:150,0
DA:152,0
DA:153,0
DA:155,0
DA:156,0
DA:160,0
DA:165,0
DA:166,0
DA:167,0
DA:170,0
DA:175,0
DA:176,0
LF:68
LH:0
BRDA:13,0,0,0
BRDA:22,1,0,0
BRDA:22,2,0,0
BRDA:22,2,1,0
BRDA:29,3,0,0
BRDA:45,4,0,0
BRDA:45,4,1,0
BRDA:54,5,0,0
BRDA:63,6,0,0
BRDA:63,6,1,0
BRDA:68,7,0,0
BRDA:68,7,1,0
BRDA:76,8,0,0
BRDA:92,9,0,0
BRDA:101,10,0,0
BRDA:101,11,0,0
BRDA:101,11,1,0
BRDA:109,12,0,0
BRDA:119,13,0,0
BRDA:146,14,0,0
BRDA:155,15,0,0
BRDA:155,16,0,0
BRDA:155,16,1,0
BRDA:165,17,0,0
BRDA:171,18,0,0
BRDA:171,18,1,0
BRDA:172,19,0,0
BRDA:172,19,1,0
BRF:28
BRH:0
end_of_record
TN:
SF:app/api/onboarding/route.ts
FN:19,POST
FN:26,(anonymous_2)
FNF:2
FNH:0
FNDA:0,POST
FNDA:0,(anonymous_2)
DA:1,0
DA:2,0
DA:3,0
DA:6,0
DA:19,0
DA:20,0
DA:21,0
DA:24,0
DA:25,0
DA:26,0
DA:27,0
DA:30,0
DA:36,0
DA:37,0
DA:39,0
DA:40,0
DA:46,0
DA:49,0
DA:52,0
DA:54,0
DA:55,0
DA:56,0
DA:63,0
DA:76,0
DA:77,0
DA:78,0
DA:85,0
DA:91,0
DA:94,0
DA:95,0
DA:105,0
DA:109,0
DA:110,0
DA:115,0
DA:116,0
DA:124,0
DA:128,0
DA:129,0
DA:133,0
DA:134,0
DA:142,0
DA:146,0
DA:147,0
DA:151,0
DA:167,0
DA:168,0
LF:46
LH:0
BRDA:25,0,0,0
BRDA:39,1,0,0
BRDA:39,2,0,0
BRDA:39,2,1,0
BRDA:54,3,0,0
BRDA:54,4,0,0
BRDA:54,4,1,0
BRDA:76,5,0,0
BRDA:91,6,0,0
BRDA:91,6,1,0
BRDA:94,7,0,0
BRDA:94,8,0,0
BRDA:94,8,1,0
BRDA:94,8,2,0
BRDA:94,8,3,0
BRDA:99,9,0,0
BRDA:99,9,1,0
BRDA:109,10,0,0
BRDA:115,11,0,0
BRDA:115,12,0,0
BRDA:115,12,1,0
BRDA:115,12,2,0
BRDA:115,12,3,0
BRDA:128,13,0,0
BRDA:133,14,0,0
BRDA:133,15,0,0
BRDA:133,15,1,0
BRDA:133,15,2,0
BRDA:136,16,0,0
BRDA:136,16,1,0
BRDA:146,17,0,0
BRF:31
BRH:0
end_of_record
TN:
SF:app/api/orders/route.ts
FN:6,GET
FN:47,POST
FN:124,PUT
FNF:3
FNH:0
FNDA:0,GET
FNDA:0,POST
FNDA:0,PUT
DA:1,0
DA:2,0
DA:4,0
DA:6,0
DA:7,0
DA:8,0
DA:11,0
DA:13,0
DA:14,0
DA:21,0
DA:27,0
DA:28,0
DA:34,0
DA:39,0
DA:40,0
DA:47,0
DA:48,0
DA:49,0
DA:52,0
DA:54,0
DA:55,0
DA:61,0
DA:64,0
DA:65,0
DA:72,0
DA:75,0
DA:94,0
DA:95,0
DA:109,0
DA:116,0
DA:117,0
DA:124,0
DA:125,0
DA:126,0
DA:129,0
DA:131,0
DA:132,0
DA:138,0
DA:140,0
DA:141,0
DA:148,0
DA:159,0
DA:160,0
DA:166,0
DA:173,0
DA:174,0
LF:46
LH:0
BRDA:13,0,0,0
BRDA:13,1,0,0
BRDA:13,1,1,0
BRDA:27,2,0,0
BRDA:35,3,0,0
BRDA:35,3,1,0
BRDA:54,4,0,0
BRDA:54,5,0,0
BRDA:54,5,1,0
BRDA:64,6,0,0
BRDA:64,7,0,0
BRDA:64,7,1,0
BRDA:83,8,0,0
BRDA:83,8,1,0
BRDA:94,9,0,0
BRDA:131,10,0,0
BRDA:131,11,0,0
BRDA:131,11,1,0
BRDA:140,12,0,0
BRDA:151,13,0,0
BRDA:151,13,1,0
BRDA:159,14,0,0
BRF:22
BRH:0
end_of_record
TN:
SF:app/api/orders/assign-driver/route.ts
FN:6,POST
FN:145,selectBestDriver
FN:160,(anonymous_6)
FN:193,(anonymous_7)
FN:203,GET
FN:258,calculateEstimatedWaitTime
FNF:6
FNH:0
FNDA:0,POST
FNDA:0,selectBestDriver
FNDA:0,(anonymous_6)
FNDA:0,(anonymous_7)
FNDA:0,GET
FNDA:0,calculateEstimatedWaitTime
DA:1,0
DA:2,0
DA:4,0
DA:6,0
DA:7,0
DA:8,0
DA:10,0
DA:11,0
DA:13,0
DA:14,0
DA:21,0
DA:26,0
DA:27,0
DA:34,0
DA:36,0
DA:42,0
DA:43,0
DA:50,0
DA:58,0
DA:59,0
DA:60,0
DA:67,0
DA:76,0
DA:89,0
DA:91,0
DA:92,0
DA:99,0
DA:107,0
DA:108,0
DA:109,0
DA:116,0
DA:125,0
DA:137,0
DA:138,0
DA:146,0
DA:147,0
DA:150,0
DA:155,0
DA:156,0
DA:160,0
DA:161,0
DA:164,0
DA:167,0
DA:170,0
DA:171,0
DA:172,0
DA:176,0
DA:178,0
DA:182,0
DA:183,0
DA:186,0
DA:193,0
DA:194,0
DA:197,0
DA:198,0
DA:203,0
DA:204,0
DA:205,0
DA:206,0
DA:208,0
DA:209,0
DA:212,0
DA:215,0
DA:216,0
DA:217,0
DA:221,0
DA:226,0
DA:227,0
DA:231,0
DA:236,0
DA:237,0
DA:241,0
DA:243,0
DA:252,0
DA:253,0
DA:259,0
DA:260,0
DA:261,0
DA:262,0
DA:263,0
LF:80
LH:0
BRDA:13,0,0,0
BRDA:26,1,0,0
BRDA:26,2,0,0
BRDA:26,2,1,0
BRDA:34,3,0,0
BRDA:42,4,0,0
BRDA:42,5,0,0
BRDA:42,5,1,0
BRDA:58,6,0,0
BRDA:91,7,0,0
BRDA:107,8,0,0
BRDA:155,9,0,0
BRDA:155,10,0,0
BRDA:155,10,1,0
BRDA:155,10,2,0
BRDA:164,11,0,0
BRDA:164,11,1,0
BRDA:167,12,0,0
BRDA:167,12,1,0
BRDA:170,13,0,0
BRDA:176,14,0,0
BRDA:176,15,0,0
BRDA:176,15,1,0
BRDA:182,16,0,0
BRDA:182,17,0,0
BRDA:182,17,1,0
BRDA:208,18,0,0
BRDA:216,19,0,0
BRDA:216,20,0,0
BRDA:216,20,1,0
BRDA:226,21,0,0
BRDA:226,22,0,0
BRDA:226,22,1,0
BRDA:236,23,0,0
BRDA:241,24,0,0
BRDA:241,24,1,0
BRDA:245,25,0,0
BRDA:245,25,1,0
BRDA:248,26,0,0
BRDA:248,26,1,0
BRDA:259,27,0,0
BRDA:260,28,0,0
BRDA:261,29,0,0
BRDA:262,30,0,0
BRF:44
BRH:0
end_of_record
TN:
SF:app/api/orders/auto-assign/route.ts
FN:6,POST
FN:138,findBestDriverForOrder
FN:156,(anonymous_5)
FN:201,(anonymous_6)
FNF:4
FNH:0
FNDA:0,POST
FNDA:0,findBestDriverForOrder
FNDA:0,(anonymous_5)
FNDA:0,(anonymous_6)
DA:1,0
DA:2,0
DA:4,0
DA:6,0
DA:7,0
DA:8,0
DA:10,0
DA:11,0
DA:13,0
DA:14,0
DA:21,0
DA:26,0
DA:27,0
DA:34,0
DA:35,0
DA:42,0
DA:43,0
DA:50,0
DA:52,0
DA:53,0
DA:60,0
DA:68,0
DA:69,0
DA:70,0
DA:77,0
DA:87,0
DA:103,0
DA:117,0
DA:130,0
DA:131,0
DA:139,0
DA:140,0
DA:143,0
DA:151,0
DA:152,0
DA:156,0
DA:157,0
DA:160,0
DA:163,0
DA:164,0
DA:167,0
DA:168,0
DA:169,0
DA:170,0
DA:174,0
DA:175,0
DA:177,0
DA:181,0
DA:182,0
DA:183,0
DA:187,0
DA:188,0
DA:190,0
DA:193,0
DA:201,0
DA:202,0
DA:205,0
DA:206,0
LF:58
LH:0
BRDA:11,0,0,0
BRDA:13,1,0,0
BRDA:26,2,0,0
BRDA:26,3,0,0
BRDA:26,3,1,0
BRDA:34,4,0,0
BRDA:34,5,0,0
BRDA:34,5,1,0
BRDA:42,6,0,0
BRDA:42,7,0,0
BRDA:42,7,1,0
BRDA:52,8,0,0
BRDA:68,9,0,0
BRDA:123,10,0,0
BRDA:123,10,1,0
BRDA:151,11,0,0
BRDA:151,12,0,0
BRDA:151,12,1,0
BRDA:151,12,2,0
BRDA:160,13,0,0
BRDA:160,13,1,0
BRDA:163,14,0,0
BRDA:163,14,1,0
BRDA:167,15,0,0
BRDA:175,16,0,0
BRDA:175,17,0,0
BRDA:175,17,1,0
BRDA:182,18,0,0
BRDA:182,19,0,0
BRDA:182,19,1,0
BRDA:187,20,0,0
BRDA:187,20,1,0
BRDA:188,21,0,0
BRDA:195,22,0,0
BRDA:195,22,1,0
BRF:35
BRH:0
end_of_record
TN:
SF:app/api/orders/guest/route.ts
FN:6,POST
FNF:1
FNH:0
FNDA:0,POST
DA:1,0
DA:2,0
DA:4,0
DA:6,0
DA:7,0
DA:8,0
DA:9,0
DA:12,0
DA:13,0
DA:20,0
DA:21,0
DA:28,0
DA:53,0
DA:54,0
DA:55,0
DA:61,0
DA:69,0
DA:70,0
LF:18
LH:0
BRDA:12,0,0,0
BRDA:12,1,0,0
BRDA:12,1,1,0
BRDA:20,2,0,0
BRDA:20,3,0,0
BRDA:20,3,1,0
BRDA:36,4,0,0
BRDA:36,4,1,0
BRDA:37,5,0,0
BRDA:37,5,1,0
BRDA:38,6,0,0
BRDA:38,6,1,0
BRDA:46,7,0,0
BRDA:46,7,1,0
BRDA:53,8,0,0
BRF:15
BRH:0
end_of_record
TN:
SF:app/api/orders/status-history/route.ts
FN:6,GET
FN:48,POST
FNF:2
FNH:0
FNDA:0,GET
FNDA:0,POST
DA:1,0
DA:2,0
DA:4,0
DA:6,0
DA:7,0
DA:8,0
DA:10,0
DA:11,0
DA:13,0
DA:14,0
DA:21,0
DA:26,0
DA:27,0
DA:28,0
DA:34,0
DA:40,0
DA:41,0
DA:48,0
DA:49,0
DA:50,0
DA:52,0
DA:53,0
DA:55,0
DA:56,0
DA:63,0
DA:75,0
DA:76,0
DA:77,0
DA:84,0
DA:92,0
DA:93,0
DA:94,0
DA:100,0
DA:106,0
DA:107,0
LF:35
LH:0
BRDA:13,0,0,0
BRDA:26,1,0,0
BRDA:36,2,0,0
BRDA:36,2,1,0
BRDA:55,3,0,0
BRDA:55,4,0,0
BRDA:55,4,1,0
BRDA:75,5,0,0
BRDA:87,6,0,0
BRDA:87,6,1,0
BRDA:88,7,0,0
BRDA:88,7,1,0
BRDA:92,8,0,0
BRF:13
BRH:0
end_of_record
TN:
SF:app/api/payment/create-intent/route.ts
FN:9,getStripe
FN:17,GET
FN:47,POST
FNF:3
FNH:0
FNDA:0,getStripe
FNDA:0,GET
FNDA:0,POST
DA:1,0
DA:2,0
DA:3,0
DA:4,0
DA:6,0
DA:10,0
DA:11,0
DA:13,0
DA:17,0
DA:18,0
DA:47,0
DA:48,0
DA:50,0
DA:51,0
DA:52,0
DA:59,0
DA:60,0
DA:62,0
DA:64,0
DA:65,0
DA:66,0
DA:67,0
DA:68,0
DA:69,0
DA:70,0
DA:74,0
DA:75,0
DA:76,0
DA:77,0
DA:78,0
DA:80,0
DA:82,0
DA:86,0
DA:87,0
DA:90,0
DA:91,0
DA:93,0
DA:94,0
DA:98,0
DA:99,0
DA:107,0
DA:116,0
DA:117,0
DA:118,0
DA:130,0
DA:135,0
DA:136,0
DA:140,0
DA:141,0
LF:49
LH:0
BRDA:10,0,0,0
BRDA:51,1,0,0
BRDA:62,2,0,0
BRDA:62,2,1,0
BRDA:62,3,0,0
BRDA:62,3,1,0
BRDA:65,4,0,0
BRDA:65,4,1,0
BRDA:67,5,0,0
BRDA:67,5,1,0
BRDA:69,6,0,0
BRDA:77,7,0,0
BRDA:77,8,0,0
BRDA:77,8,1,0
BRDA:86,9,0,0
BRDA:91,10,0,0
BRDA:93,11,0,0
BRDA:93,12,0,0
BRDA:93,12,1,0
BRDA:98,13,0,0
BRF:20
BRH:0
end_of_record
TN:
SF:app/api/personalization/enhanced-recommendations/route.ts
FN:10,GET
FN:47,(anonymous_4)
FN:130,(anonymous_5)
FN:135,(anonymous_6)
FN:140,(anonymous_7)
FN:145,(anonymous_8)
FN:161,POST
FN:242,calculateTimeMatch
FN:256,calculateSeasonMatch
FN:261,getCurrentSeason
FN:269,calculateOverallPersonalizationScore
FN:272,(anonymous_14)
FN:273,(anonymous_15)
FN:285,calculateConfidence
FN:288,(anonymous_17)
FN:296,(anonymous_18)
FNF:16
FNH:0
FNDA:0,GET
FNDA:0,(anonymous_4)
FNDA:0,(anonymous_5)
FNDA:0,(anonymous_6)
FNDA:0,(anonymous_7)
FNDA:0,(anonymous_8)
FNDA:0,POST
FNDA:0,calculateTimeMatch
FNDA:0,calculateSeasonMatch
FNDA:0,getCurrentSeason
FNDA:0,calculateOverallPersonalizationScore
FNDA:0,(anonymous_14)
FNDA:0,(anonymous_15)
FNDA:0,calculateConfidence
FNDA:0,(anonymous_17)
FNDA:0,(anonymous_18)
DA:1,0
DA:2,0
DA:3,0
DA:4,0
DA:10,0
DA:11,0
DA:12,0
DA:13,0
DA:14,0
DA:15,0
DA:16,0
DA:18,0
DA:21,0
DA:22,0
DA:23,0
DA:27,0
DA:34,0
DA:35,0
DA:36,0
DA:40,0
DA:43,0
DA:46,0
DA:48,0
DA:55,0
DA:56,0
DA:57,0
DA:62,0
DA:65,0
DA:100,0
DA:103,0
DA:121,0
DA:122,0
DA:123,0
DA:124,0
DA:125,0
DA:126,0
DA:129,0
DA:132,0
DA:135,0
DA:136,0
DA:140,0
DA:141,0
DA:145,0
DA:146,0
DA:151,0
DA:154,0
DA:156,0
DA:157,0
DA:161,0
DA:162,0
DA:163,0
DA:164,0
DA:166,0
DA:169,0
DA:170,0
DA:171,0
DA:175,0
DA:176,0
DA:185,0
DA:199,0
DA:202,0
DA:203,0
DA:211,0
DA:215,0
DA:216,0
DA:219,0
DA:227,0
DA:236,0
DA:237,0
DA:243,0
DA:245,0
DA:246,0
DA:248,0
DA:249,0
DA:250,0
DA:251,0
DA:253,0
DA:257,0
DA:258,0
DA:262,0
DA:263,0
DA:264,0
DA:265,0
DA:266,0
DA:270,0
DA:272,0
DA:273,0
DA:276,0
DA:277,0
DA:278,0
DA:279,0
DA:280,0
DA:282,0
DA:286,0
DA:288,0
DA:289,0
DA:296,0
LF:97
LH:0
BRDA:13,0,0,0
BRDA:13,0,1,0
BRDA:14,1,0,0
BRDA:14,1,1,0
BRDA:22,2,0,0
BRDA:22,3,0,0
BRDA:22,3,1,0
BRDA:35,4,0,0
BRDA:56,5,0,0
BRDA:68,6,0,0
BRDA:68,6,1,0
BRDA:75,7,0,0
BRDA:75,7,1,0
BRDA:76,8,0,0
BRDA:76,8,1,0
BRDA:77,9,0,0
BRDA:77,9,1,0
BRDA:116,10,0,0
BRDA:116,10,1,0
BRDA:121,11,0,0
BRDA:170,12,0,0
BRDA:170,13,0,0
BRDA:170,13,1,0
BRDA:175,14,0,0
BRDA:191,15,0,0
BRDA:191,15,1,0
BRDA:193,16,0,0
BRDA:193,16,1,0
BRDA:199,17,0,0
BRDA:202,18,0,0
BRDA:206,19,0,0
BRDA:206,19,1,0
BRDA:211,20,0,0
BRDA:243,21,0,0
BRDA:248,22,0,0
BRDA:248,22,1,0
BRDA:248,23,0,0
BRDA:248,23,1,0
BRDA:249,24,0,0
BRDA:249,24,1,0
BRDA:249,25,0,0
BRDA:249,25,1,0
BRDA:250,26,0,0
BRDA:250,26,1,0
BRDA:250,27,0,0
BRDA:250,27,1,0
BRDA:253,28,0,0
BRDA:253,28,1,0
BRDA:258,29,0,0
BRDA:258,29,1,0
BRDA:263,30,0,0
BRDA:263,31,0,0
BRDA:263,31,1,0
BRDA:264,32,0,0
BRDA:264,33,0,0
BRDA:264,33,1,0
BRDA:265,34,0,0
BRDA:265,35,0,0
BRDA:265,35,1,0
BRDA:270,36,0,0
BRDA:277,37,0,0
BRDA:278,38,0,0
BRDA:279,39,0,0
BRDA:280,40,0,0
BRDA:280,41,0,0
BRDA:280,41,1,0
BRDA:280,41,2,0
BRDA:286,42,0,0
BRF:68
BRH:0
end_of_record
TN:
SF:app/api/personalization/insights/route.ts
FN:9,GET
FN:32,(anonymous_6)
FN:42,POST
FN:76,PUT
FN:107,generateInsightsFromBehavior
FNF:5
FNH:0
FNDA:0,GET
FNDA:0,(anonymous_6)
FNDA:0,POST
FNDA:0,PUT
FNDA:0,generateInsightsFromBehavior
DA:1,0
DA:2,0
DA:3,0
DA:9,0
DA:10,0
DA:11,0
DA:12,0
DA:13,0
DA:15,0
DA:18,0
DA:19,0
DA:20,0
DA:24,0
DA:28,0
DA:31,0
DA:32,0
DA:35,0
DA:37,0
DA:38,0
DA:42,0
DA:43,0
DA:44,0
DA:45,0
DA:47,0
DA:50,0
DA:51,0
DA:52,0
DA:56,0
DA:60,0
DA:63,0
DA:65,0
DA:71,0
DA:72,0
DA:76,0
DA:77,0
DA:78,0
DA:81,0
DA:82,0
DA:83,0
DA:87,0
DA:91,0
DA:94,0
DA:96,0
DA:102,0
DA:103,0
DA:108,0
DA:111,0
DA:112,0
DA:113,0
DA:114,0
DA:115,0
DA:117,0
DA:118,0
DA:133,0
DA:134,0
DA:135,0
DA:136,0
DA:137,0
DA:138,0
DA:139,0
DA:141,0
DA:142,0
DA:157,0
DA:158,0
DA:159,0
DA:160,0
DA:173,0
DA:174,0
DA:175,0
DA:178,0
DA:181,0
LF:71
LH:0
BRDA:12,0,0,0
BRDA:12,0,1,0
BRDA:19,1,0,0
BRDA:19,2,0,0
BRDA:19,2,1,0
BRDA:28,3,0,0
BRDA:31,4,0,0
BRDA:31,4,1,0
BRDA:32,5,0,0
BRDA:32,5,1,0
BRDA:33,6,0,0
BRDA:33,6,1,0
BRDA:51,7,0,0
BRDA:51,8,0,0
BRDA:51,8,1,0
BRDA:60,9,0,0
BRDA:82,10,0,0
BRDA:82,11,0,0
BRDA:82,11,1,0
BRDA:91,12,0,0
BRDA:111,13,0,0
BRDA:111,14,0,0
BRDA:111,14,1,0
BRDA:113,15,0,0
BRDA:117,16,0,0
BRDA:117,17,0,0
BRDA:117,17,1,0
BRDA:133,18,0,0
BRDA:135,19,0,0
BRDA:138,20,0,0
BRDA:138,20,1,0
BRDA:141,21,0,0
BRDA:157,22,0,0
BRDA:157,23,0,0
BRDA:157,23,1,0
BRDA:159,24,0,0
BRDA:159,25,0,0
BRDA:159,25,1,0
BRDA:173,26,0,0
BRDA:178,27,0,0
BRF:40
BRH:0
end_of_record
TN:
SF:app/api/personalization/profile/route.ts
FN:8,GET
FN:128,PUT
FN:163,POST
FNF:3
FNH:0
FNDA:0,GET
FNDA:0,PUT
FNDA:0,POST
DA:1,0
DA:2,0
DA:8,0
DA:9,0
DA:10,0
DA:13,0
DA:14,0
DA:15,0
DA:19,0
DA:25,0
DA:26,0
DA:30,0
DA:31,0
DA:117,0
DA:118,0
DA:121,0
DA:123,0
DA:124,0
DA:128,0
DA:129,0
DA:130,0
DA:131,0
DA:133,0
DA:136,0
DA:137,0
DA:138,0
DA:142,0
DA:154,0
DA:156,0
DA:158,0
DA:159,0
DA:163,0
DA:164,0
DA:165,0
DA:166,0
DA:168,0
DA:171,0
DA:172,0
DA:173,0
DA:177,0
DA:199,0
DA:201,0
DA:203,0
DA:204,0
LF:44
LH:0
BRDA:14,0,0,0
BRDA:14,1,0,0
BRDA:14,1,1,0
BRDA:25,2,0,0
BRDA:25,3,0,0
BRDA:25,3,1,0
BRDA:30,4,0,0
BRDA:117,5,0,0
BRDA:137,6,0,0
BRDA:137,7,0,0
BRDA:137,7,1,0
BRDA:154,8,0,0
BRDA:172,9,0,0
BRDA:172,10,0,0
BRDA:172,10,1,0
BRDA:186,11,0,0
BRDA:186,11,1,0
BRDA:187,12,0,0
BRDA:187,12,1,0
BRDA:188,13,0,0
BRDA:188,13,1,0
BRDA:199,14,0,0
BRF:22
BRH:0
end_of_record
TN:
SF:app/api/personalization/recommendations/route.ts
FN:8,GET
FN:211,POST
FN:260,getCurrentSeason
FNF:3
FNH:0
FNDA:0,GET
FNDA:0,POST
FNDA:0,getCurrentSeason
DA:1,0
DA:2,0
DA:8,0
DA:9,0
DA:10,0
DA:11,0
DA:12,0
DA:16,0
DA:19,0
DA:21,0
DA:108,0
DA:115,0
DA:202,0
DA:204,0
DA:206,0
DA:207,0
DA:211,0
DA:212,0
DA:213,0
DA:214,0
DA:216,0
DA:219,0
DA:220,0
DA:221,0
DA:225,0
DA:238,0
DA:241,0
DA:242,0
DA:250,0
DA:253,0
DA:255,0
DA:256,0
DA:261,0
DA:262,0
DA:263,0
DA:264,0
DA:265,0
LF:37
LH:0
BRDA:11,0,0,0
BRDA:11,0,1,0
BRDA:12,1,0,0
BRDA:12,1,1,0
BRDA:19,2,0,0
BRDA:138,3,0,0
BRDA:138,3,1,0
BRDA:140,4,0,0
BRDA:140,4,1,0
BRDA:141,5,0,0
BRDA:141,5,1,0
BRDA:166,6,0,0
BRDA:166,6,1,0
BRDA:168,7,0,0
BRDA:168,7,1,0
BRDA:169,8,0,0
BRDA:169,8,1,0
BRDA:194,9,0,0
BRDA:194,9,1,0
BRDA:196,10,0,0
BRDA:196,10,1,0
BRDA:197,11,0,0
BRDA:197,11,1,0
BRDA:220,12,0,0
BRDA:220,13,0,0
BRDA:220,13,1,0
BRDA:231,14,0,0
BRDA:231,14,1,0
BRDA:238,15,0,0
BRDA:241,16,0,0
BRDA:245,17,0,0
BRDA:245,17,1,0
BRDA:250,18,0,0
BRDA:262,19,0,0
BRDA:262,20,0,0
BRDA:262,20,1,0
BRDA:263,21,0,0
BRDA:263,22,0,0
BRDA:263,22,1,0
BRDA:264,23,0,0
BRDA:264,24,0,0
BRDA:264,24,1,0
BRF:42
BRH:0
end_of_record
TN:
SF:app/api/recommendations/route.ts
FN:8,GET
FN:30,(anonymous_4)
FN:51,(anonymous_5)
FN:52,(anonymous_6)
FN:68,(anonymous_7)
FN:91,POST
FN:133,(anonymous_9)
FNF:7
FNH:0
FNDA:0,GET
FNDA:0,(anonymous_4)
[...]
FN:139,(anonymous_18)
FN:154,withPerformanceTracking
FN:158,(anonymous_21)
FN:197,(anonymous_22)
FN:245,(anonymous_23)
FN:247,(anonymous_24)
FN:248,(anonymous_25)
FN:249,(anonymous_26)
FN:250,(anonymous_27)
FN:251,(anonymous_28)
FN:302,(anonymous_29)
FN:326,(anonymous_30)
FN:373,setupPerformanceMonitoring
FN:376,(anonymous_32)
FN:399,(anonymous_33)
FN:404,(anonymous_34)
FN:440,(anonymous_35)
FNF:27
FNH:0
FNDA:0,_getSupabaseClient
FNDA:0,(anonymous_9)
FNDA:0,(anonymous_10)
FNDA:0,(anonymous_11)
FNDA:0,(anonymous_12)
FNDA:0,(anonymous_13)
FNDA:0,(anonymous_14)
FNDA:0,(anonymous_15)
FNDA:0,(anonymous_16)
FNDA:0,(anonymous_17)
FNDA:0,(anonymous_18)
FNDA:0,withPerformanceTracking
FNDA:0,(anonymous_21)
FNDA:0,(anonymous_22)
FNDA:0,(anonymous_23)
FNDA:0,(anonymous_24)
FNDA:0,(anonymous_25)
FNDA:0,(anonymous_26)
FNDA:0,(anonymous_27)
FNDA:0,(anonymous_28)
FNDA:0,(anonymous_29)
FNDA:0,(anonymous_30)
FNDA:0,setupPerformanceMonitoring
FNDA:0,(anonymous_32)
FNDA:0,(anonymous_33)
FNDA:0,(anonymous_34)
FNDA:0,(anonymous_35)
DA:1,0
DA:6,0
DA:7,0
DA:11,0
DA:42,0
DA:43,0
DA:55,0
DA:64,0
DA:67,0
DA:68,0
DA:72,0
DA:73,0
DA:81,0
DA:82,0
DA:84,0
DA:85,0
DA:88,0
DA:92,0
DA:93,0
DA:96,0
DA:97,0
DA:100,0
DA:102,0
DA:117,0
DA:118,0
DA:120,0
DA:121,0
DA:124,0
DA:125,0
DA:128,0
DA:129,0
DA:130,0
DA:133,0
DA:140,0
DA:145,0
DA:154,0
DA:158,0
DA:159,0
DA:161,0
DA:162,0
DA:163,0
DA:165,0
DA:173,0
DA:175,0
DA:177,0
DA:184,0
DA:193,0
DA:198,0
DA:200,0
DA:202,0
DA:203,0
DA:207,0
DA:210,0
DA:213,0
DA:215,0
DA:217,0
DA:228,0
DA:230,0
DA:246,0
DA:247,0
DA:248,0
DA:249,0
DA:250,0
DA:251,0
DA:254,0
DA:256,0
DA:257,0
DA:259,0
DA:260,0
DA:261,0
DA:263,0
DA:270,0
DA:278,0
DA:280,0
DA:287,0
DA:296,0
DA:303,0
DA:309,0
DA:327,0
DA:329,0
DA:330,0
DA:331,0
DA:333,0
DA:341,0
DA:348,0
DA:350,0
DA:357,0
DA:373,0
DA:375,0
DA:376,0
DA:377,0
DA:378,0
DA:379,0
DA:381,0
DA:382,0
DA:385,0
DA:395,0
DA:400,0
DA:401,0
DA:404,0
DA:405,0
DA:406,0
DA:415,0
DA:416,0
DA:425,0
DA:426,0
DA:434,0
DA:443,0
DA:455,0
LF:109
LH:0
BRDA:67,0,0,0
BRDA:72,1,0,0
BRDA:73,2,0,0
BRDA:73,2,1,0
BRDA:84,3,0,0
BRDA:84,3,1,0
BRDA:88,4,0,0
BRDA:88,4,1,0
BRDA:120,5,0,0
BRDA:124,6,0,0
BRDA:129,7,0,0
BRDA:170,8,0,0
BRDA:170,8,1,0
BRDA:181,9,0,0
BRDA:181,9,1,0
BRDA:207,10,0,0
BRDA:233,11,0,0
BRDA:233,11,1,0
BRDA:267,12,0,0
BRDA:267,12,1,0
BRDA:275,13,0,0
BRDA:275,13,1,0
BRDA:284,14,0,0
BRDA:284,14,1,0
BRDA:291,15,0,0
BRDA:291,15,1,0
BRDA:315,16,0,0
BRDA:315,16,1,0
BRDA:338,17,0,0
BRDA:338,17,1,0
BRDA:345,18,0,0
BRDA:345,18,1,0
BRDA:354,19,0,0
BRDA:354,19,1,0
BRDA:360,20,0,0
BRDA:360,20,1,0
BRDA:375,21,0,0
BRDA:381,22,0,0
BRDA:405,23,0,0
BRDA:415,24,0,0
BRDA:425,25,0,0
BRF:41
BRH:0
end_of_record
TN:
SF:lib/personalization/enhancedUserProfile.ts
FN:15,(anonymous_3)
FN:23,(anonymous_4)
FN:26,(anonymous_5)
FN:39,(anonymous_6)
FN:48,(anonymous_7)
FN:61,(anonymous_8)
FN:78,(anonymous_9)
FN:112,(anonymous_10)
FN:115,(anonymous_11)
FN:123,(anonymous_12)
FN:132,(anonymous_13)
FN:157,(anonymous_14)
FN:162,(anonymous_15)
FN:173,(anonymous_16)
FN:178,(anonymous_17)
FN:194,(anonymous_18)
FN:205,(anonymous_19)
FN:212,(anonymous_20)
FN:238,(anonymous_21)
FN:277,(anonymous_22)
FN:297,(anonymous_23)
FN:322,(anonymous_24)
FN:347,(anonymous_25)
FN:372,(anonymous_26)
FN:385,(anonymous_27)
FN:403,(anonymous_28)
FN:420,(anonymous_29)
FN:435,(anonymous_30)
FN:444,(anonymous_31)
FN:447,(anonymous_32)
FN:450,(anonymous_33)
FN:453,(anonymous_34)
FN:469,(anonymous_35)
FN:478,(anonymous_36)
FN:487,(anonymous_37)
FN:497,(anonymous_38)
FN:502,(anonymous_39)
FN:507,(anonymous_40)
FNF:38
FNH:0
FNDA:0,(anonymous_3)
FNDA:0,(anonymous_4)
FNDA:0,(anonymous_5)
FNDA:0,(anonymous_6)
FNDA:0,(anonymous_7)
FNDA:0,(anonymous_8)
FNDA:0,(anonymous_9)
FNDA:0,(anonymous_10)
FNDA:0,(anonymous_11)
FNDA:0,(anonymous_12)
FNDA:0,(anonymous_13)
FNDA:0,(anonymous_14)
FNDA:0,(anonymous_15)
FNDA:0,(anonymous_16)
FNDA:0,(anonymous_17)
FNDA:0,(anonymous_18)
FNDA:0,(anonymous_19)
FNDA:0,(anonymous_20)
FNDA:0,(anonymous_21)
FNDA:0,(anonymous_22)
FNDA:0,(anonymous_23)
FNDA:0,(anonymous_24)
FNDA:0,(anonymous_25)
FNDA:0,(anonymous_26)
FNDA:0,(anonymous_27)
FNDA:0,(anonymous_28)
FNDA:0,(anonymous_29)
FNDA:0,(anonymous_30)
FNDA:0,(anonymous_31)
FNDA:0,(anonymous_32)
FNDA:0,(anonymous_33)
FNDA:0,(anonymous_34)
FNDA:0,(anonymous_35)
FNDA:0,(anonymous_36)
FNDA:0,(anonymous_37)
FNDA:0,(anonymous_38)
FNDA:0,(anonymous_39)
FNDA:0,(anonymous_40)
DA:1,0
DA:2,0
DA:12,0
DA:16,0
DA:17,0
DA:19,0
DA:24,0
DA:27,0
DA:28,0
DA:31,0
DA:32,0
DA:44,0
DA:46,0
DA:50,0
DA:53,0
DA:60,0
DA:61,0
DA:65,0
DA:71,0
DA:84,0
DA:96,0
DA:99,0
DA:106,0
DA:108,0
DA:113,0
DA:116,0
DA:119,0
DA:122,0
DA:123,0
DA:125,0
DA:137,0
DA:138,0
DA:139,0
DA:142,0
DA:153,0
DA:158,0
DA:160,0
DA:163,0
DA:164,0
DA:166,0
DA:174,0
DA:176,0
DA:179,0
DA:180,0
DA:185,0
DA:190,0
DA:196,0
DA:197,0
DA:202,0
DA:210,0
DA:212,0
DA:213,0
DA:216,0
DA:217,0
DA:220,0
DA:221,0
DA:227,0
DA:228,0
DA:231,0
DA:241,0
DA:274,0
DA:278,0
DA:280,0
DA:283,0
DA:284,0
DA:287,0
DA:288,0
DA:291,0
DA:292,0
DA:294,0
DA:302,0
DA:304,0
DA:305,0
DA:319,0
DA:327,0
DA:329,0
DA:330,0
DA:344,0
DA:352,0
DA:354,0
DA:355,0
DA:369,0
DA:373,0
DA:375,0
DA:387,0
DA:390,0
DA:393,0
DA:396,0
DA:398,0
DA:405,0
DA:406,0
DA:409,0
DA:410,0
DA:417,0
DA:422,0
DA:423,0
DA:426,0
DA:427,0
DA:432,0
DA:437,0
DA:445,0
DA:447,0
DA:450,0
DA:454,0
DA:456,0
DA:459,0
DA:460,0
DA:464,0
DA:466,0
DA:471,0
DA:480,0
DA:489,0
DA:499,0
DA:504,0
DA:509,0
DA:514,0
LF:116
LH:0
BRDA:16,0,0,0
BRDA:28,1,0,0
BRDA:41,2,0,0
BRDA:42,3,0,0
BRDA:82,4,0,0
BRDA:173,5,0,0
BRDA:216,6,0,0
BRDA:216,7,0,0
BRDA:216,7,1,0
BRDA:220,8,0,0
BRDA:220,9,0,0
BRDA:220,9,1,0
BRDA:227,10,0,0
BRDA:274,11,0,0
BRDA:274,11,1,0
BRDA:284,12,0,0
BRDA:288,13,0,0
BRDA:292,14,0,0
BRDA:304,15,0,0
BRDA:329,16,0,0
BRDA:329,17,0,0
BRDA:329,17,1,0
BRDA:354,18,0,0
BRDA:354,19,0,0
BRDA:354,19,1,0
BRDA:378,20,0,0
BRDA:378,20,1,0
BRDA:406,21,0,0
BRDA:409,22,0,0
BRDA:423,23,0,0
BRDA:426,24,0,0
BRDA:428,25,0,0
BRDA:428,25,1,0
BRDA:454,26,0,0
BRDA:459,27,0,0
BRF:35
BRH:0
end_of_record
TN:
SF:lib/personalization/userProfile.ts
FN:212,(anonymous_1)
FN:316,(anonymous_2)
FN:333,(anonymous_3)
FN:347,(anonymous_4)
FN:348,(anonymous_5)
FN:379,(anonymous_6)
FN:387,(anonymous_7)
FN:397,(anonymous_8)
FN:418,(anonymous_9)
FN:422,(anonymous_10)
FN:478,(anonymous_11)
FN:518,(anonymous_12)
FN:526,(anonymous_13)
FN:527,(anonymous_14)
FN:564,(anonymous_15)
FN:605,(anonymous_16)
FN:648,(anonymous_17)
FN:692,(anonymous_18)
FN:726,(anonymous_19)
FN:737,(anonymous_20)
FN:758,(anonymous_21)
FN:785,(anonymous_22)
FN:792,(anonymous_23)
FN:807,(anonymous_24)
FN:820,(anonymous_25)
FN:843,(anonymous_26)
FN:845,(anonymous_27)
FN:854,(anonymous_28)
FN:861,(anonymous_29)
FN:889,(anonymous_30)
FN:914,(anonymous_31)
FN:932,(anonymous_32)
FN:949,(anonymous_33)
FN:953,(anonymous_34)
FN:963,(anonymous_35)
FN:979,(anonymous_36)
FN:985,(anonymous_37)
FN:990,(anonymous_38)
FN:990,(anonymous_39)
FN:1002,(anonymous_40)
FN:1012,(anonymous_41)
FN:1021,(anonymous_42)
FN:1037,(anonymous_43)
FN:1039,(anonymous_44)
FN:1046,(anonymous_45)
FN:1049,(anonymous_46)
FN:1057,(anonymous_47)
FN:1073,(anonymous_48)
FN:1076,(anonymous_49)
FN:1082,(anonymous_50)
FN:1085,(anonymous_51)
FN:1093,(anonymous_52)
FN:1102,(anonymous_53)
FN:1111,(anonymous_54)
FN:1115,(anonymous_55)
FN:1119,(anonymous_56)
FN:1123,(anonymous_57)
FN:1127,(anonymous_58)
FN:1128,(anonymous_59)
FNF:59
FNH:0
FNDA:0,(anonymous_1)
FNDA:0,(anonymous_2)
FNDA:0,(anonymous_3)
FNDA:0,(anonymous_4)
FNDA:0,(anonymous_5)
FNDA:0,(anonymous_6)
FNDA:0,(anonymous_7)
FNDA:0,(anonymous_8)
FNDA:0,(anonymous_9)
FNDA:0,(anonymous_10)
FNDA:0,(anonymous_11)
FNDA:0,(anonymous_12)
FNDA:0,(anonymous_13)
FNDA:0,(anonymous_14)
FNDA:0,(anonymous_15)
FNDA:0,(anonymous_16)
FNDA:0,(anonymous_17)
FNDA:0,(anonymous_18)
FNDA:0,(anonymous_19)
FNDA:0,(anonymous_20)
FNDA:0,(anonymous_21)
FNDA:0,(anonymous_22)
FNDA:0,(anonymous_23)
FNDA:0,(anonymous_24)
FNDA:0,(anonymous_25)
FNDA:0,(anonymous_26)
FNDA:0,(anonymous_27)
FNDA:0,(anonymous_28)
FNDA:0,(anonymous_29)
FNDA:0,(anonymous_30)
FNDA:0,(anonymous_31)
FNDA:0,(anonymous_32)
FNDA:0,(anonymous_33)
FNDA:0,(anonymous_34)
FNDA:0,(anonymous_35)
FNDA:0,(anonymous_36)
FNDA:0,(anonymous_37)
FNDA:0,(anonymous_38)
FNDA:0,(anonymous_39)
FNDA:0,(anonymous_40)
FNDA:0,(anonymous_41)
FNDA:0,(anonymous_42)
FNDA:0,(anonymous_43)
FNDA:0,(anonymous_44)
FNDA:0,(anonymous_45)
FNDA:0,(anonymous_46)
FNDA:0,(anonymous_47)
FNDA:0,(anonymous_48)
FNDA:0,(anonymous_49)
FNDA:0,(anonymous_50)
FNDA:0,(anonymous_51)
FNDA:0,(anonymous_52)
FNDA:0,(anonymous_53)
FNDA:0,(anonymous_54)
FNDA:0,(anonymous_55)
FNDA:0,(anonymous_56)
FNDA:0,(anonymous_57)
FNDA:0,(anonymous_58)
FNDA:0,(anonymous_59)
DA:205,0
DA:206,0
DA:207,0
DA:208,0
DA:209,0
DA:213,0
DA:215,0
DA:216,0
DA:219,0
DA:311,0
DA:312,0
DA:317,0
DA:323,0
DA:326,0
DA:329,0
DA:339,0
DA:340,0
DA:341,0
DA:342,0
DA:346,0
DA:347,0
DA:348,0
DA:352,0
DA:353,0
DA:356,0
DA:359,0
DA:360,0
DA:363,0
DA:364,0
DA:367,0
DA:368,0
DA:371,0
DA:372,0
DA:375,0
DA:376,0
DA:379,0
DA:385,0
DA:386,0
DA:387,0
DA:391,0
DA:393,0
DA:398,0
DA:399,0
DA:402,0
DA:403,0
DA:407,0
DA:410,0
DA:411,0
DA:412,0
DA:414,0
DA:419,0
DA:420,0
DA:422,0
DA:423,0
DA:426,0
DA:427,0
DA:428,0
DA:443,0
DA:444,0
DA:458,0
DA:459,0
DA:460,0
DA:474,0
DA:483,0
DA:486,0
DA:488,0
DA:489,0
DA:515,0
DA:522,0
DA:525,0
DA:526,0
DA:527,0
DA:530,0
DA:531,0
DA:533,0
DA:534,0
DA:561,0
DA:568,0
DA:571,0
DA:572,0
DA:574,0
DA:575,0
DA:602,0
DA:609,0
DA:612,0
DA:614,0
DA:615,0
DA:617,0
DA:618,0
DA:645,0
DA:652,0
DA:655,0
DA:657,0
DA:658,0
DA:660,0
DA:661,0
DA:688,0
DA:698,0
DA:701,0
DA:710,0
DA:714,0
DA:715,0
DA:719,0
DA:720,0
DA:723,0
DA:727,0
DA:728,0
DA:731,0
DA:732,0
DA:734,0
DA:739,0
DA:740,0
DA:744,0
DA:745,0
DA:746,0
DA:748,0
DA:749,0
DA:751,0
DA:752,0
DA:755,0
DA:760,0
DA:762,0
DA:763,0
DA:764,0
DA:765,0
DA:767,0
DA:768,0
DA:772,0
DA:773,0
DA:774,0
DA:775,0
DA:777,0
DA:778,0
DA:782,0
DA:787,0
DA:790,0
DA:791,0
DA:792,0
DA:793,0
DA:795,0
DA:800,0
DA:801,0
DA:804,0
DA:809,0
DA:810,0
DA:814,0
DA:815,0
DA:817,0
DA:822,0
DA:823,0
DA:827,0
DA:828,0
DA:829,0
DA:834,0
DA:835,0
DA:836,0
DA:840,0
DA:844,0
DA:845,0
DA:846,0
DA:847,0
DA:849,0
DA:850,0
DA:856,0
DA:857,0
DA:861,0
DA:862,0
DA:865,0
DA:866,0
DA:867,0
DA:869,0
DA:886,0
DA:891,0
DA:894,0
DA:897,0
DA:898,0
DA:899,0
DA:900,0
DA:901,0
DA:902,0
DA:903,0
DA:905,0
DA:909,0
DA:911,0
DA:916,0
DA:918,0
DA:919,0
DA:920,0
DA:921,0
DA:927,0
DA:928,0
DA:929,0
DA:934,0
DA:936,0
DA:937,0
DA:938,0
DA:940,0
DA:944,0
DA:945,0
DA:950,0
DA:955,0
DA:956,0
DA:960,0
DA:961,0
DA:963,0
DA:964,0
DA:965,0
DA:969,0
DA:970,0
DA:972,0
DA:981,0
DA:982,0
DA:985,0
DA:986,0
DA:987,0
DA:990,0
DA:991,0
DA:992,0
DA:994,0
DA:996,0
DA:1004,0
DA:1005,0
DA:1008,0
DA:1012,0
DA:1013,0
DA:1014,0
DA:1015,0
DA:1016,0
DA:1017,0
DA:1020,0
DA:1021,0
DA:1023,0
DA:1024,0
DA:1025,0
DA:1027,0
DA:1029,0
DA:1039,0
DA:1049,0
DA:1050,0
DA:1059,0
DA:1066,0
DA:1076,0
DA:1077,0
DA:1085,0
DA:1086,0
DA:1095,0
DA:1103,0
DA:1104,0
DA:1105,0
DA:1106,0
DA:1107,0
DA:1112,0
DA:1116,0
DA:1120,0
DA:1124,0
DA:1128,0
DA:1132,0
LF:257
LH:0
BRDA:215,0,0,0
BRDA:340,1,0,0
BRDA:399,2,0,0
BRDA:402,3,0,0
BRDA:402,4,0,0
BRDA:402,4,1,0
BRDA:420,5,0,0
BRDA:427,6,0,0
BRDA:459,7,0,0
BRDA:505,8,0,0
BRDA:505,8,1,0
BRDA:507,9,0,0
BRDA:507,9,1,0
BRDA:508,10,0,0
BRDA:508,10,1,0
BRDA:571,11,0,0
BRDA:591,12,0,0
BRDA:591,12,1,0
BRDA:594,13,0,0
BRDA:594,13,1,0
BRDA:660,14,0,0
BRDA:680,15,0,0
BRDA:680,15,1,0
BRDA:714,16,0,0
BRDA:714,17,0,0
BRDA:714,17,1,0
BRDA:719,18,0,0
BRDA:719,19,0,0
BRDA:719,19,1,0
BRDA:727,20,0,0
BRDA:727,21,0,0
BRDA:727,21,1,0
BRDA:739,22,0,0
BRDA:739,23,0,0
BRDA:739,23,1,0
BRDA:745,24,0,0
BRDA:745,25,0,0
BRDA:745,25,1,0
BRDA:748,26,0,0
BRDA:748,27,0,0
BRDA:748,27,1,0
BRDA:751,28,0,0
BRDA:751,29,0,0
BRDA:751,29,1,0
BRDA:762,30,0,0
BRDA:762,31,0,0
BRDA:762,31,1,0
BRDA:764,32,0,0
BRDA:764,33,0,0
BRDA:764,33,1,0
BRDA:767,34,0,0
BRDA:767,35,0,0
BRDA:767,35,1,0
BRDA:772,36,0,0
BRDA:772,37,0,0
BRDA:772,37,1,0
BRDA:774,38,0,0
BRDA:774,39,0,0
BRDA:774,39,1,0
BRDA:777,40,0,0
BRDA:777,41,0,0
BRDA:777,41,1,0
BRDA:790,42,0,0
BRDA:790,43,0,0
BRDA:790,43,1,0
BRDA:792,44,0,0
BRDA:800,45,0,0
BRDA:800,46,0,0
BRDA:800,46,1,0
BRDA:809,47,0,0
BRDA:809,48,0,0
BRDA:809,48,1,0
BRDA:817,49,0,0
BRDA:817,49,1,0
BRDA:822,50,0,0
BRDA:822,51,0,0
BRDA:822,51,1,0
BRDA:827,52,0,0
BRDA:827,53,0,0
BRDA:827,53,1,0
BRDA:828,54,0,0
BRDA:834,55,0,0
BRDA:834,56,0,0
BRDA:834,56,1,0
BRDA:835,57,0,0
BRDA:846,58,0,0
BRDA:856,59,0,0
BRDA:862,60,0,0
BRDA:862,60,1,0
BRDA:865,61,0,0
BRDA:872,62,0,0
BRDA:872,62,1,0
BRDA:891,63,0,0
BRDA:891,63,1,0
BRDA:898,64,0,0
BRDA:898,64,1,0
BRDA:898,65,0,0
BRDA:898,65,1,0
BRDA:900,66,0,0
BRDA:900,66,1,0
BRDA:900,67,0,0
BRDA:900,67,1,0
BRDA:902,68,0,0
BRDA:902,68,1,0
BRDA:902,69,0,0
BRDA:902,69,1,0
BRDA:916,70,0,0
BRDA:916,71,0,0
BRDA:916,71,1,0
BRDA:918,72,0,0
BRDA:918,73,0,0
BRDA:918,73,1,0
BRDA:920,74,0,0
BRDA:934,75,0,0
BRDA:936,76,0,0
BRDA:936,76,1,0
BRDA:944,77,0,0
BRDA:955,78,0,0
BRDA:964,79,0,0
BRDA:964,80,0,0
BRDA:964,80,1,0
BRDA:981,81,0,0
BRDA:985,82,0,0
BRDA:985,82,1,0
BRDA:986,83,0,0
BRDA:1004,84,0,0
BRDA:1014,85,0,0
BRDA:1014,85,1,0
BRDA:1014,86,0,0
BRDA:1014,86,1,0
BRDA:1015,87,0,0
BRDA:1015,87,1,0
BRDA:1015,88,0,0
BRDA:1015,88,1,0
BRDA:1016,89,0,0
BRDA:1016,89,1,0
BRDA:1016,90,0,0
BRDA:1016,90,1,0
BRDA:1021,91,0,0
BRDA:1021,91,1,0
BRDA:1068,92,0,0
BRDA:1068,92,1,0
BRDA:1104,93,0,0
BRDA:1104,94,0,0
BRDA:1104,94,1,0
BRDA:1105,95,0,0
BRDA:1105,96,0,0
BRDA:1105,96,1,0
BRDA:1106,97,0,0
BRDA:1106,98,0,0
BRDA:1106,98,1,0
BRDA:1116,99,0,0
BRDA:1116,99,1,0
BRDA:1120,100,0,0
BRDA:1120,100,1,0
BRDA:1124,101,0,0
BRDA:1124,101,1,0
BRF:157
BRH:0
end_of_record
TN:
SF:lib/redis/client.ts
FN:27,(anonymous_11)
FN:36,(anonymous_12)
FN:41,(anonymous_13)
FN:60,(anonymous_14)
FN:61,(anonymous_15)
FN:62,(anonymous_16)
FN:63,(anonymous_17)
FN:64,(anonymous_18)
FN:65,(anonymous_19)
FN:70,(anonymous_20)
FN:82,(anonymous_21)
FN:92,(anonymous_22)
FN:102,(anonymous_23)
FN:115,(anonymous_24)
FN:136,(anonymous_25)
FN:146,(anonymous_26)
FN:151,(anonymous_27)
FN:163,checkRedisHealth
FN:181,closeRedisConnections
FNF:19
FNH:0
FNDA:0,(anonymous_11)
FNDA:0,(anonymous_12)
FNDA:0,(anonymous_13)
FNDA:0,(anonymous_14)
FNDA:0,(anonymous_15)
FNDA:0,(anonymous_16)
FNDA:0,(anonymous_17)
FNDA:0,(anonymous_18)
FNDA:0,(anonymous_19)
FNDA:0,(anonymous_20)
FNDA:0,(anonymous_21)
FNDA:0,(anonymous_22)
FNDA:0,(anonymous_23)
FNDA:0,(anonymous_24)
FNDA:0,(anonymous_25)
FNDA:0,(anonymous_26)
FNDA:0,(anonymous_27)
FNDA:0,checkRedisHealth
FNDA:0,closeRedisConnections
DA:1,0
DA:4,0
DA:18,0
DA:21,0
DA:24,0
DA:27,0
DA:28,0
DA:29,0
DA:30,0
DA:32,0
DA:36,0
DA:37,0
DA:38,0
DA:41,0
DA:42,0
DA:43,0
DA:45,0
DA:50,0
DA:59,0
DA:60,0
DA:61,0
DA:62,0
DA:63,0
DA:64,0
DA:65,0
DA:69,0
DA:71,0
DA:73,0
DA:74,0
DA:75,0
DA:77,0
DA:78,0
DA:83,0
DA:85,0
DA:86,0
DA:88,0
DA:93,0
DA:95,0
DA:96,0
DA:98,0
DA:103,0
DA:105,0
DA:106,0
DA:107,0
DA:108,0
DA:111,0
DA:120,0
DA:122,0
DA:125,0
DA:126,0
DA:128,0
DA:129,0
DA:130,0
DA:135,0
DA:137,0
DA:139,0
DA:140,0
DA:142,0
DA:147,0
DA:149,0
DA:150,0
DA:151,0
DA:152,0
DA:153,0
DA:157,0
DA:163,0
DA:164,0
DA:166,0
DA:167,0
DA:168,0
DA:170,0
DA:171,0
DA:172,0
DA:173,0
DA:175,0
DA:176,0
DA:181,0
DA:182,0
DA:183,0
DA:184,0
DA:186,0
DA:190,0
LF:82
LH:0
BRDA:5,0,0,0
BRDA:5,0,1,0
BRDA:6,1,0,0
BRDA:6,1,1,0
BRDA:8,2,0,0
BRDA:8,2,1,0
BRDA:9,3,0,0
BRDA:9,3,1,0
BRDA:10,4,0,0
BRDA:10,4,1,0
BRDA:29,5,0,0
BRDA:29,5,1,0
BRDA:42,6,0,0
BRDA:42,6,1,0
BRDA:71,7,0,0
BRDA:75,8,0,0
BRDA:75,8,1,0
BRDA:82,9,0,0
BRDA:83,10,0,0
BRDA:93,11,0,0
BRDA:103,12,0,0
BRDA:107,13,0,0
BRDA:118,14,0,0
BRDA:120,15,0,0
BRDA:126,16,0,0
BRDA:137,17,0,0
BRDA:147,18,0,0
BRDA:152,19,0,0
BRDA:164,20,0,0
BRDA:171,21,0,0
BRF:30
BRH:0
end_of_record
TN:
SF:lib/schemas/viral.ts
FN:7,(anonymous_8)
FNF:1
FNH:1
FNDA:1,(anonymous_8)
DA:1,1
DA:4,5
DA:7,1
DA:17,1
DA:35,4
DA:45,4
DA:53,4
DA:61,4
DA:70,11
LF:9
LH:9
BRF:0
BRH:0
end_of_record
TN:
SF:lib/social/viralFeatures.ts
FN:94,(anonymous_1)
FN:131,(anonymous_2)
FN:146,(anonymous_3)
FN:164,(anonymous_4)
FN:179,(anonymous_5)
FN:188,(anonymous_6)
FN:217,(anonymous_7)
FN:237,(anonymous_8)
FN:247,(anonymous_9)
FN:253,(anonymous_10)
FN:254,(anonymous_11)
FN:255,(anonymous_12)
FN:256,(anonymous_13)
FN:268,(anonymous_14)
FN:284,(anonymous_15)
FN:287,(anonymous_16)
FN:292,(anonymous_17)
FN:298,(anonymous_18)
FN:301,(anonymous_19)
FN:307,(anonymous_20)
FN:312,(anonymous_21)
FN:315,(anonymous_22)
FN:320,(anonymous_23)
FN:324,(anonymous_24)
FN:329,(anonymous_25)
FN:341,(anonymous_26)
FN:342,(anonymous_27)
FN:344,(anonymous_28)
FN:345,(anonymous_29)
FN:346,(anonymous_30)
FN:347,(anonymous_31)
FN:367,(anonymous_32)
FN:369,(anonymous_33)
FN:370,(anonymous_34)
FN:374,(anonymous_35)
FN:376,(anonymous_36)
FN:377,(anonymous_37)
FN:379,(anonymous_38)
FN:383,(anonymous_39)
FN:389,(anonymous_40)
FN:392,(anonymous_41)
FN:394,(anonymous_42)
FN:399,(anonymous_43)
FN:422,(anonymous_44)
FN:437,(anonymous_45)
FNF:45
FNH:0
FNDA:0,(anonymous_1)
FNDA:0,(anonymous_2)
FNDA:0,(anonymous_3)
FNDA:0,(anonymous_4)
FNDA:0,(anonymous_5)
FNDA:0,(anonymous_6)
FNDA:0,(anonymous_7)
FNDA:0,(anonymous_8)
FNDA:0,(anonymous_9)
FNDA:0,(anonymous_10)
FNDA:0,(anonymous_11)
FNDA:0,(anonymous_12)
FNDA:0,(anonymous_13)
FNDA:0,(anonymous_14)
FNDA:0,(anonymous_15)
FNDA:0,(anonymous_16)
FNDA:0,(anonymous_17)
FNDA:0,(anonymous_18)
FNDA:0,(anonymous_19)
FNDA:0,(anonymous_20)
FNDA:0,(anonymous_21)
FNDA:0,(anonymous_22)
FNDA:0,(anonymous_23)
FNDA:0,(anonymous_24)
FNDA:0,(anonymous_25)
FNDA:0,(anonymous_26)
FNDA:0,(anonymous_27)
FNDA:0,(anonymous_28)
FNDA:0,(anonymous_29)
FNDA:0,(anonymous_30)
FNDA:0,(anonymous_31)
FNDA:0,(anonymous_32)
FNDA:0,(anonymous_33)
FNDA:0,(anonymous_34)
FNDA:0,(anonymous_35)
FNDA:0,(anonymous_36)
FNDA:0,(anonymous_37)
FNDA:0,(anonymous_38)
FNDA:0,(anonymous_39)
FNDA:0,(anonymous_40)
FNDA:0,(anonymous_41)
FNDA:0,(anonymous_42)
FNDA:0,(anonymous_43)
FNDA:0,(anonymous_44)
FNDA:0,(anonymous_45)
DA:88,0
DA:89,0
DA:90,0
DA:91,0
DA:102,0
DA:119,0
DA:122,0
DA:125,0
DA:127,0
DA:132,0
DA:133,0
DA:135,0
DA:136,0
DA:139,0
DA:142,0
DA:147,0
DA:148,0
DA:150,0
DA:151,0
DA:154,0
DA:157,0
DA:160,0
DA:165,0
DA:166,0
DA:168,0
DA:169,0
DA:172,0
DA:175,0
DA:180,0
DA:181,0
DA:183,0
DA:184,0
DA:197,0
DA:212,0
DA:213,0
DA:218,0
DA:219,0
DA:221,0
DA:223,0
DA:224,0
DA:227,0
DA:230,0
DA:231,0
DA:232,0
DA:238,0
DA:239,0
DA:240,0
DA:241,0
DA:243,0
DA:248,0
DA:254,0
DA:255,0
DA:256,0
DA:258,0
DA:261,0
DA:262,0
DA:263,0
DA:269,0
DA:280,0
DA:285,0
DA:286,0
DA:287,0
DA:293,0
DA:294,0
DA:297,0
DA:299,0
DA:301,0
DA:302,0
DA:305,0
DA:306,0
DA:307,0
DA:313,0
DA:314,0
DA:316,0
DA:320,0
DA:325,0
DA:330,0
DA:331,0
DA:332,0
DA:335,0
DA:336,0
DA:337,0
DA:342,0
DA:344,0
DA:345,0
DA:346,0
DA:347,0
DA:349,0
DA:350,0
DA:351,0
DA:352,0
DA:354,0
DA:368,0
DA:369,0
DA:370,0
DA:375,0
DA:376,0
DA:377,0
DA:379,0
DA:384,0
DA:385,0
DA:387,0
DA:388,0
DA:390,0
DA:392,0
DA:394,0
DA:400,0
DA:411,0
DA:418,0
DA:423,0
DA:424,0
DA:426,0
DA:428,0
DA:438,0
DA:439,0
DA:441,0
DA:442,0
DA:446,0
LF:118
LH:0
BRDA:100,0,0,0
BRDA:133,1,0,0
BRDA:148,2,0,0
BRDA:166,3,0,0
BRDA:181,4,0,0
BRDA:219,5,0,0
BRDA:221,6,0,0
BRDA:231,7,0,0
BRDA:231,8,0,0
BRDA:231,8,1,0
BRDA:258,9,0,0
BRDA:258,9,1,0
BRDA:262,10,0,0
BRDA:284,11,0,0
BRDA:292,12,0,0
BRDA:294,13,0,0
BRDA:299,14,0,0
BRDA:299,14,1,0
BRDA:302,15,0,0
BRDA:302,15,1,0
BRDA:316,16,0,0
BRDA:316,16,1,0
BRDA:316,16,2,0
BRDA:325,17,0,0
BRDA:325,17,1,0
BRDA:331,18,0,0
BRDA:349,19,0,0
BRDA:349,19,1,0
BRDA:350,20,0,0
BRDA:350,20,1,0
BRDA:377,21,0,0
BRDA:377,21,1,0
BRDA:383,22,0,0
BRDA:385,23,0,0
BRDA:390,24,0,0
BRDA:390,24,1,0
BRDA:390,24,2,0
BRDA:418,25,0,0
BRDA:418,25,1,0
BRDA:426,26,0,0
BRDA:429,27,0,0
BRDA:429,27,1,0
BRDA:429,27,2,0
BRDA:429,27,3,0
BRDA:439,28,0,0
BRF:45
BRH:0
end_of_record
TN:
SF:lib/supabase/clients.ts
FN:10,unwrap
FNF:1
FNH:0
FNDA:0,unwrap
DA:1,0
DA:3,0
DA:10,0
DA:11,0
DA:12,0
DA:14,0
LF:6
LH:0
BRDA:12,0,0,0
BRF:1
BRH:0
end_of_record
TN:
SF:lib/supabase/database.types.ts
FNF:0
FNH:0
DA:4961,0
LF:1
LH:0
BRF:0
BRH:0
end_of_record
TN:
SF:lib/supabase/typed.ts
FN:11,query
FNF:1
FNH:0
FNDA:0,query
DA:11,0
DA:12,0
LF:2
LH:0
BRF:0
BRH:0
end_of_record
